Using pre-set license
Built from '2022.3/staging' branch; Version is '2022.3.13f1 (5f90a5ebde0f) revision 6262949'; Using compiler version '192829333'; Build Type 'Release'
OS: 'Windows 11  (10.0.22621) 64bit Core' Language: 'en' Physical Memory: 15603 MB
BatchMode: 1, IsHumanControllingUs: 0, StartBugReporterOnCrash: 0, Is64bit: 1, IsPro: 1

COMMAND LINE ARGUMENTS:
C:\Program Files\Unity\Hub\Editor\2022.3.13f1\Editor\Unity.exe
-adb2
-batchMode
-noUpm
-name
AssetImportWorker3
-projectPath
C:/Users/mikey/Downloads/Unity Projects/Processing-Haven/Processing Haven
-logFile
Logs/AssetImportWorker3.log
-srvPort
53127
Successfully changed project path to: C:/Users/mikey/Downloads/Unity Projects/Processing-Haven/Processing Haven
C:/Users/mikey/Downloads/Unity Projects/Processing-Haven/Processing Haven
[UnityMemory] Configuration Parameters - Can be set up in boot.config
    "memorysetup-bucket-allocator-granularity=16"
    "memorysetup-bucket-allocator-bucket-count=8"
    "memorysetup-bucket-allocator-block-size=33554432"
    "memorysetup-bucket-allocator-block-count=8"
    "memorysetup-main-allocator-block-size=16777216"
    "memorysetup-thread-allocator-block-size=16777216"
    "memorysetup-gfx-main-allocator-block-size=16777216"
    "memorysetup-gfx-thread-allocator-block-size=16777216"
    "memorysetup-cache-allocator-block-size=4194304"
    "memorysetup-typetree-allocator-block-size=2097152"
    "memorysetup-profiler-bucket-allocator-granularity=16"
    "memorysetup-profiler-bucket-allocator-bucket-count=8"
    "memorysetup-profiler-bucket-allocator-block-size=33554432"
    "memorysetup-profiler-bucket-allocator-block-count=8"
    "memorysetup-profiler-allocator-block-size=16777216"
    "memorysetup-profiler-editor-allocator-block-size=1048576"
    "memorysetup-temp-allocator-size-main=16777216"
    "memorysetup-job-temp-allocator-block-size=2097152"
    "memorysetup-job-temp-allocator-block-size-background=1048576"
    "memorysetup-job-temp-allocator-reduction-small-platforms=262144"
    "memorysetup-allocator-temp-initial-block-size-main=262144"
    "memorysetup-allocator-temp-initial-block-size-worker=262144"
    "memorysetup-temp-allocator-size-background-worker=32768"
    "memorysetup-temp-allocator-size-job-worker=262144"
    "memorysetup-temp-allocator-size-preload-manager=33554432"
    "memorysetup-temp-allocator-size-nav-mesh-worker=65536"
    "memorysetup-temp-allocator-size-audio-worker=65536"
    "memorysetup-temp-allocator-size-cloud-worker=32768"
    "memorysetup-temp-allocator-size-gi-baking-worker=262144"
    "memorysetup-temp-allocator-size-gfx=262144"
Player connection [56944] Host "[IP] 192.168.1.51 [Port] 0 [Flags] 2 [Guid] 4179823477 [EditorId] 4179823477 [Version] 1048832 [Id] WindowsEditor(7,MykullsLaptop) [Debug] 1 [PackageName] WindowsEditor [ProjectName] Editor" joined multi-casting on [225.0.0.222:54997]...

Player connection [56944] Host "[IP] 192.168.1.51 [Port] 0 [Flags] 2 [Guid] 4179823477 [EditorId] 4179823477 [Version] 1048832 [Id] WindowsEditor(7,MykullsLaptop) [Debug] 1 [PackageName] WindowsEditor [ProjectName] Editor" joined alternative multi-casting on [225.0.0.222:34997]...

[Physics::Module] Initialized MultithreadedJobDispatcher with 15 workers.
Refreshing native plugins compatible for Editor in 15.24 ms, found 3 plugins.
Preloading 0 native plugins for Editor in 0.00 ms.
Initialize engine version: 2022.3.13f1 (5f90a5ebde0f)
[Subsystems] Discovering subsystems at path C:/Program Files/Unity/Hub/Editor/2022.3.13f1/Editor/Data/Resources/UnitySubsystems
[Subsystems] Discovering subsystems at path C:/Users/mikey/Downloads/Unity Projects/Processing-Haven/Processing Haven/Assets
GfxDevice: creating device client; threaded=0; jobified=0
Direct3D:
    Version:  Direct3D 11.0 [level 11.1]
    Renderer: NVIDIA GeForce RTX 3050 Ti Laptop GPU (ID=0x25e0)
    Vendor:   NVIDIA
    VRAM:     3976 MB
    Driver:   31.0.15.3742
Initialize mono
Mono path[0] = 'C:/Program Files/Unity/Hub/Editor/2022.3.13f1/Editor/Data/Managed'
Mono path[1] = 'C:/Program Files/Unity/Hub/Editor/2022.3.13f1/Editor/Data/MonoBleedingEdge/lib/mono/unityjit-win32'
Mono config path = 'C:/Program Files/Unity/Hub/Editor/2022.3.13f1/Editor/Data/MonoBleedingEdge/etc'
Using monoOptions --debugger-agent=transport=dt_socket,embedding=1,server=y,suspend=n,address=127.0.0.1:56460
Begin MonoManager ReloadAssembly
Registering precompiled unity dll's ...
Register platform support module: C:/Program Files/Unity/Hub/Editor/2022.3.13f1/Editor/Data/PlaybackEngines/AndroidPlayer/UnityEditor.Android.Extensions.dll
Register platform support module: C:/Program Files/Unity/Hub/Editor/2022.3.13f1/Editor/Data/PlaybackEngines/iOSSupport/UnityEditor.iOS.Extensions.dll
Register platform support module: C:/Program Files/Unity/Hub/Editor/2022.3.13f1/Editor/Data/PlaybackEngines/WindowsStandaloneSupport/UnityEditor.WindowsStandalone.Extensions.dll
Register platform support module: C:/Program Files/Unity/Hub/Editor/2022.3.13f1/Editor/Data/PlaybackEngines/MetroSupport/UnityEditor.UWP.Extensions.dll
Registered in 0.018203 seconds.
- Loaded All Assemblies, in  0.659 seconds
Native extension for UWP target not found
Native extension for WindowsStandalone target not found
[usbmuxd] Start listen thread
[usbmuxd] Listen thread started
[usbmuxd] Send listen message
Native extension for iOS target not found
Native extension for Android target not found
Android Extension - Scanning For ADB Devices 711 ms
Mono: successfully reloaded assembly
- Finished resetting the current domain, in  1.259 seconds
Domain Reload Profiling: 1916ms
	BeginReloadAssembly (202ms)
		ExecutionOrderSort (0ms)
		DisableScriptedObjects (0ms)
		BackupInstance (0ms)
		ReleaseScriptingObjects (0ms)
		CreateAndSetChildDomain (1ms)
	RebuildCommonClasses (53ms)
	RebuildNativeTypeToScriptingClass (14ms)
	initialDomainReloadingComplete (93ms)
	LoadAllAssembliesAndSetupDomain (294ms)
		LoadAssemblies (203ms)
		RebuildTransferFunctionScriptingTraits (0ms)
		AnalyzeDomain (287ms)
			TypeCache.Refresh (285ms)
				TypeCache.ScanAssembly (265ms)
			ScanForSourceGeneratedMonoScriptInfo (1ms)
			ResolveRequiredComponents (1ms)
	FinalizeReload (1260ms)
		ReleaseScriptCaches (0ms)
		RebuildScriptCaches (0ms)
		SetupLoadedEditorAssemblies (1169ms)
			LogAssemblyErrors (0ms)
			InitializePlatformSupportModulesInManaged (910ms)
			SetLoadedEditorAssemblies (6ms)
			RefreshPlugins (0ms)
			BeforeProcessingInitializeOnLoad (4ms)
			ProcessInitializeOnLoadAttributes (168ms)
			ProcessInitializeOnLoadMethodAttributes (81ms)
			AfterProcessingInitializeOnLoad (0ms)
			EditorAssembliesLoaded (0ms)
		ExecutionOrderSort2 (0ms)
		AwakeInstancesAfterBackupRestoration (0ms)
========================================================================
Worker process is ready to serve import requests
Begin MonoManager ReloadAssembly
- Loaded All Assemblies, in  0.929 seconds
Refreshing native plugins compatible for Editor in 6.13 ms, found 3 plugins.
Native extension for UWP target not found
Native extension for WindowsStandalone target not found
Native extension for iOS target not found
Native extension for Android target not found
System.Exception: Error! Visual Scripting: couldn't find visual scripting package
  at Unity.VisualScripting.PackageVersionUtility.get_version () [0x00043] in .\Library\PackageCache\com.unity.visualscripting@1.9.1\Editor\VisualScripting.Core\Utilities\PackageVersionUtility.cs:31 
  at Unity.VisualScripting.BoltCoreManifest.get_version () [0x00000] in .\Library\PackageCache\com.unity.visualscripting@1.9.1\Editor\VisualScripting.Core\Plugin\BoltCoreManifest.cs:11 
  at Unity.VisualScripting.PluginManifest.get_currentVersion () [0x00000] in .\Library\PackageCache\com.unity.visualscripting@1.9.1\Editor\VisualScripting.Core\Plugins\PluginManifest.cs:33 
  at Unity.VisualScripting.PluginManifest.get_versionMismatch () [0x00000] in .\Library\PackageCache\com.unity.visualscripting@1.9.1\Editor\VisualScripting.Core\Plugins\PluginManifest.cs:48 
  at Unity.VisualScripting.PluginContainer.Initialize () [0x00525] in .\Library\PackageCache\com.unity.visualscripting@1.9.1\Editor\VisualScripting.Core\Plugins\PluginContainer.cs:208 
  at Unity.VisualScripting.PluginContainer.InitializeOnLoad () [0x00009] in .\Library\PackageCache\com.unity.visualscripting@1.9.1\Editor\VisualScripting.Core\Plugins\PluginContainer.cs:32 
  at Unity.VisualScripting.VSUsageUtility.DoInitializeOnLoadCalls () [0x00034] in .\Library\PackageCache\com.unity.visualscripting@1.9.1\Editor\VisualScripting.Core\Utilities\VSUsageUtility.cs:76 
  at Unity.VisualScripting.VSUsageUtility.set_isVisualScriptingUsed (System.Boolean value) [0x0002c] in .\Library\PackageCache\com.unity.visualscripting@1.9.1\Editor\VisualScripting.Core\Utilities\VSUsageUtility.cs:114 
  at Unity.VisualScripting.VSUsageUtility.CheckAndSetIsVisualScriptingUsed () [0x00032] in .\Library\PackageCache\com.unity.visualscripting@1.9.1\Editor\VisualScripting.Core\Utilities\VSUsageUtility.cs:48 
  at Unity.VisualScripting.VSUsageUtility..cctor () [0x00000] in .\Library\PackageCache\com.unity.visualscripting@1.9.1\Editor\VisualScripting.Core\Utilities\VSUsageUtility.cs:22 
UnityEngine.StackTraceUtility:ExtractStackTrace ()
UnityEngine.DebugLogHandler:LogFormat (UnityEngine.LogType,UnityEngine.Object,string,object[])
UnityEngine.Logger:Log (UnityEngine.LogType,object)
UnityEngine.Debug:LogError (object)
UnityEditor.EditorAssemblies:ProcessInitializeOnLoadAttributes (System.Type[])

Package Manager log level set to [2]
[Package Manager] Server::EnsureServerProcessIsRunning -- launch failed, reason: Unity was launched with the -noUpm command-line argument
[Package Manager] UpmClient::Send -- Unable to send message (not connected to UPM process).
[Package Manager] Cannot connect to Unity Package Manager local server
Mono: successfully reloaded assembly
- Finished resetting the current domain, in  1.356 seconds
Domain Reload Profiling: 2281ms
	BeginReloadAssembly (218ms)
		ExecutionOrderSort (0ms)
		DisableScriptedObjects (7ms)
		BackupInstance (0ms)
		ReleaseScriptingObjects (0ms)
		CreateAndSetChildDomain (39ms)
	RebuildCommonClasses (48ms)
	RebuildNativeTypeToScriptingClass (13ms)
	initialDomainReloadingComplete (63ms)
	LoadAllAssembliesAndSetupDomain (583ms)
		LoadAssemblies (458ms)
		RebuildTransferFunctionScriptingTraits (0ms)
		AnalyzeDomain (244ms)
			TypeCache.Refresh (219ms)
				TypeCache.ScanAssembly (198ms)
			ScanForSourceGeneratedMonoScriptInfo (19ms)
			ResolveRequiredComponents (4ms)
	FinalizeReload (1357ms)
		ReleaseScriptCaches (0ms)
		RebuildScriptCaches (0ms)
		SetupLoadedEditorAssemblies (1128ms)
			LogAssemblyErrors (0ms)
			InitializePlatformSupportModulesInManaged (58ms)
			SetLoadedEditorAssemblies (6ms)
			RefreshPlugins (0ms)
			BeforeProcessingInitializeOnLoad (77ms)
			ProcessInitializeOnLoadAttributes (947ms)
			ProcessInitializeOnLoadMethodAttributes (30ms)
			AfterProcessingInitializeOnLoad (9ms)
			EditorAssembliesLoaded (0ms)
		ExecutionOrderSort2 (0ms)
		AwakeInstancesAfterBackupRestoration (8ms)
Launched and connected shader compiler UnityShaderCompiler.exe after 0.10 seconds
Refreshing native plugins compatible for Editor in 6.56 ms, found 3 plugins.
Preloading 0 native plugins for Editor in 0.00 ms.
Unloading 3086 Unused Serialized files (Serialized files now loaded: 0)
Unloading 32 unused Assets / (56.7 KB). Loaded Objects now: 3551.
Memory consumption went from 127.7 MB to 127.7 MB.
Total: 18.826100 ms (FindLiveObjects: 0.432400 ms CreateObjectMapping: 0.399900 ms MarkObjects: 17.800800 ms  DeleteObjects: 0.190700 ms)

AssetImportParameters requested are different than current active one (requested -> active):
  custom:container-demuxer-ogg: 62fdf1f143b41e24485cea50d1cbac27 -> 
  custom:video-codec-MediaFoundation-h265: 746d11721c4dcdbdad8f713fa42b33f4 -> 
  custom:video-decoder-ogg-theora: a1e56fd34408186e4bbccfd4996cb3dc -> 
  custom:framework-win-MediaFoundation: 216162199b28c13a410421893ffa2e32 -> 
  custom:CustomObjectIndexerAttribute: 756ad292c208cfabdd7b50bc23989ffe -> 
  custom:container-demuxer-webm: 4f35f7cbe854078d1ac9338744f61a02 -> 
  custom:container-muxer-webm: aa71ff27fc2769a1b78a27578f13a17b -> 
  custom:video-decoder-webm-vp8: 9c59270c3fd7afecdb556c50c9e8de78 -> 
  custom:SearchIndexIgnoredProperties: e643bd26f0fe6173181afceb89e7c659 -> 
  custom:AudioImporter_EditorPlatform: d09bf68614088b80899f8185d706f6e7 -> 
  custom:video-encoder-webm-vp8: eb34c28f22e8b96e1ab97ce403110664 -> 
  custom:audio-decoder-ogg-vorbis: bf7c407c2cedff20999df2af8eb42d56 -> 
  custom:audio-encoder-webm-vorbis: bf7c407c2cedff20999df2af8eb42d56 -> 
========================================================================
Received Import Request.
  Time since last request: 1117306.208370 seconds.
  path: Assets/Models/Conveyors/door-wide-half.fbx
  artifactKey: Guid(970ea59749828b746a7376e713d82833) Importer(815301076,1909f56bfc062723c751e8b465ee728b)
Start importing Assets/Models/Conveyors/door-wide-half.fbx using Guid(970ea59749828b746a7376e713d82833) Importer(815301076,1909f56bfc062723c751e8b465ee728b)  -> (artifact id: '593af54893a01c48ba53b76f9e769e31') in 0.195140 seconds
Number of updated asset objects reloaded before import = 0
Number of asset objects unloaded after import = 8
========================================================================
Received Import Request.
  Time since last request: 0.000034 seconds.
  path: Assets/Models/Conveyors/floor-large.fbx
  artifactKey: Guid(f0ed049ba7ecfa145aa55a4a60079412) Importer(815301076,1909f56bfc062723c751e8b465ee728b)
Start importing Assets/Models/Conveyors/floor-large.fbx using Guid(f0ed049ba7ecfa145aa55a4a60079412) Importer(815301076,1909f56bfc062723c751e8b465ee728b)  -> (artifact id: '8c376e851591382791e62b8600b8231e') in 0.026541 seconds
Number of updated asset objects reloaded before import = 0
Number of asset objects unloaded after import = 8
========================================================================
Received Import Request.
  Time since last request: 0.000354 seconds.
  path: Assets/Models/Conveyors/conveyor.fbx
  artifactKey: Guid(046b740d942998a4c99dc62612506379) Importer(815301076,1909f56bfc062723c751e8b465ee728b)
Start importing Assets/Models/Conveyors/conveyor.fbx using Guid(046b740d942998a4c99dc62612506379) Importer(815301076,1909f56bfc062723c751e8b465ee728b)  -> (artifact id: '1acce64223a53d362576aa22e0d2dacd') in 0.031234 seconds
Number of updated asset objects reloaded before import = 0
Number of asset objects unloaded after import = 8
========================================================================
Received Import Request.
  Time since last request: 0.000280 seconds.
  path: Assets/Models/Conveyors/conveyor-bars-stripe.fbx
  artifactKey: Guid(597542a101358c943a87f7dd91146e62) Importer(815301076,1909f56bfc062723c751e8b465ee728b)
Start importing Assets/Models/Conveyors/conveyor-bars-stripe.fbx using Guid(597542a101358c943a87f7dd91146e62) Importer(815301076,1909f56bfc062723c751e8b465ee728b)  -> (artifact id: 'e79e98252c7d25accea18fab327ee9af') in 0.030558 seconds
Number of updated asset objects reloaded before import = 0
Number of asset objects unloaded after import = 8
========================================================================
Received Import Request.
  Time since last request: 0.000498 seconds.
  path: Assets/Models/Conveyors/cover-stripe-top.fbx
  artifactKey: Guid(1fd4e431be868d448aec635b4803e7bc) Importer(815301076,1909f56bfc062723c751e8b465ee728b)
Start importing Assets/Models/Conveyors/cover-stripe-top.fbx using Guid(1fd4e431be868d448aec635b4803e7bc) Importer(815301076,1909f56bfc062723c751e8b465ee728b)  -> (artifact id: 'ed49f91db7c1abe1bc67f7b225807eab') in 0.029191 seconds
Number of updated asset objects reloaded before import = 0
Number of asset objects unloaded after import = 8
========================================================================
Received Import Request.
  Time since last request: 0.000228 seconds.
  path: Assets/Models/Conveyors/cover-top.fbx
  artifactKey: Guid(9a8efe4f951ad13479ed89103ae8af6f) Importer(815301076,1909f56bfc062723c751e8b465ee728b)
Start importing Assets/Models/Conveyors/cover-top.fbx using Guid(9a8efe4f951ad13479ed89103ae8af6f) Importer(815301076,1909f56bfc062723c751e8b465ee728b)  -> (artifact id: 'c52a7c36bd8a75b1480992e20dffb4ce') in 0.025416 seconds
Number of updated asset objects reloaded before import = 0
Number of asset objects unloaded after import = 8
========================================================================
Received Import Request.
  Time since last request: 0.000149 seconds.
  path: Assets/Models/Conveyors/conveyor-bars-stripe-fence.fbx
  artifactKey: Guid(a5b140e317147b548b78cf789929152e) Importer(815301076,1909f56bfc062723c751e8b465ee728b)
Start importing Assets/Models/Conveyors/conveyor-bars-stripe-fence.fbx using Guid(a5b140e317147b548b78cf789929152e) Importer(815301076,1909f56bfc062723c751e8b465ee728b)  -> (artifact id: 'f4241ab8547ca546bd951fb3d4ae9abf') in 0.054324 seconds
Number of updated asset objects reloaded before import = 0
Number of asset objects unloaded after import = 20
========================================================================
Received Import Request.
  Time since last request: 0.000293 seconds.
  path: Assets/Models/Conveyors/cover.fbx
  artifactKey: Guid(13f9a97a18237f14bb8e704aa7ec7a22) Importer(815301076,1909f56bfc062723c751e8b465ee728b)
Start importing Assets/Models/Conveyors/cover.fbx using Guid(13f9a97a18237f14bb8e704aa7ec7a22) Importer(815301076,1909f56bfc062723c751e8b465ee728b)  -> (artifact id: 'b462301d883ecce12a116c796f5216a5') in 0.022416 seconds
Number of updated asset objects reloaded before import = 0
Number of asset objects unloaded after import = 8
========================================================================
Received Import Request.
  Time since last request: 0.000365 seconds.
  path: Assets/Models/Conveyors/door.fbx
  artifactKey: Guid(eeb907363c398f943808ece3b6717cf8) Importer(815301076,1909f56bfc062723c751e8b465ee728b)
Start importing Assets/Models/Conveyors/door.fbx using Guid(eeb907363c398f943808ece3b6717cf8) Importer(815301076,1909f56bfc062723c751e8b465ee728b)  -> (artifact id: 'df0e49ce8a9e304da0709409090461ec') in 0.033112 seconds
Number of updated asset objects reloaded before import = 0
Number of asset objects unloaded after import = 13
========================================================================
Received Import Request.
  Time since last request: 17.656689 seconds.
  path: Assets/Models/Conveyors/scanner-low.fbx
  artifactKey: Guid(7052a27babae84b4eb7fea6639391d7b) Importer(815301076,1909f56bfc062723c751e8b465ee728b)
Start importing Assets/Models/Conveyors/scanner-low.fbx using Guid(7052a27babae84b4eb7fea6639391d7b) Importer(815301076,1909f56bfc062723c751e8b465ee728b)  -> (artifact id: '8d315dde38f4aea3c69c56549edcce3d') in 0.046470 seconds
Number of updated asset objects reloaded before import = 0
Number of asset objects unloaded after import = 8
========================================================================
Received Import Request.
  Time since last request: 0.000371 seconds.
  path: Assets/Models/Conveyors/structure-corner-outer.fbx
  artifactKey: Guid(71ea219c523b8624c83f9eb7a9dcbbdc) Importer(815301076,1909f56bfc062723c751e8b465ee728b)
Start importing Assets/Models/Conveyors/structure-corner-outer.fbx using Guid(71ea219c523b8624c83f9eb7a9dcbbdc) Importer(815301076,1909f56bfc062723c751e8b465ee728b)  -> (artifact id: '19e78aef7948d6b09835e32ec190bf8a') in 0.063647 seconds
Number of updated asset objects reloaded before import = 0
Number of asset objects unloaded after import = 8
========================================================================
Received Import Request.
  Time since last request: 0.000277 seconds.
  path: Assets/Models/Conveyors/structure-short.fbx
  artifactKey: Guid(7e22dae5193662146b899ae2b2900c57) Importer(815301076,1909f56bfc062723c751e8b465ee728b)
Start importing Assets/Models/Conveyors/structure-short.fbx using Guid(7e22dae5193662146b899ae2b2900c57) Importer(815301076,1909f56bfc062723c751e8b465ee728b)  -> (artifact id: '031252d343706680d9756305f2c36b3a') in 0.079242 seconds
Number of updated asset objects reloaded before import = 0
Number of asset objects unloaded after import = 8
========================================================================
Received Import Request.
  Time since last request: 0.000444 seconds.
  path: Assets/Models/Conveyors/structure-medium.fbx
  artifactKey: Guid(f132b8d34b8ee6140903ee4e6fae9bd1) Importer(815301076,1909f56bfc062723c751e8b465ee728b)
Start importing Assets/Models/Conveyors/structure-medium.fbx using Guid(f132b8d34b8ee6140903ee4e6fae9bd1) Importer(815301076,1909f56bfc062723c751e8b465ee728b)  -> (artifact id: '81aba98ba8609fc81f3f84b8a22640bb') in 0.051219 seconds
Number of updated asset objects reloaded before import = 0
Number of asset objects unloaded after import = 8
========================================================================
Received Import Request.
  Time since last request: 0.000331 seconds.
  path: Assets/Models/Conveyors/structure-high.fbx
  artifactKey: Guid(b49943c194dac8542bbb2eace6b4ceb3) Importer(815301076,1909f56bfc062723c751e8b465ee728b)
Start importing Assets/Models/Conveyors/structure-high.fbx using Guid(b49943c194dac8542bbb2eace6b4ceb3) Importer(815301076,1909f56bfc062723c751e8b465ee728b)  -> (artifact id: '4e486b68804579f57e2132c03bc94573') in 0.018005 seconds
Number of updated asset objects reloaded before import = 0
Number of asset objects unloaded after import = 8
========================================================================
Received Import Request.
  Time since last request: 0.059631 seconds.
  path: Assets/Models/Conveyors/structure-yellow-medium.fbx
  artifactKey: Guid(04bf4e2673c72d94fa75867712c502cf) Importer(815301076,1909f56bfc062723c751e8b465ee728b)
Start importing Assets/Models/Conveyors/structure-yellow-medium.fbx using Guid(04bf4e2673c72d94fa75867712c502cf) Importer(815301076,1909f56bfc062723c751e8b465ee728b)  -> (artifact id: '769216933dee9ba42656b02220f457f7') in 0.018013 seconds
Number of updated asset objects reloaded before import = 0
Number of asset objects unloaded after import = 8
========================================================================
Received Import Request.
  Time since last request: 0.000218 seconds.
  path: Assets/Models/Conveyors/structure-yellow-short.fbx
  artifactKey: Guid(10ca7234a772e754fbbe6a6537ef4b7b) Importer(815301076,1909f56bfc062723c751e8b465ee728b)
Start importing Assets/Models/Conveyors/structure-yellow-short.fbx using Guid(10ca7234a772e754fbbe6a6537ef4b7b) Importer(815301076,1909f56bfc062723c751e8b465ee728b)  -> (artifact id: 'fbf0ef76a419b0a170079146935f0357') in 0.018549 seconds
Number of updated asset objects reloaded before import = 0
Number of asset objects unloaded after import = 8
========================================================================
Received Import Request.
  Time since last request: 57.050384 seconds.
  path: Assets/Models/Conveyors/box-large.obj
  artifactKey: Guid(30403aa25bbb1c4438782b876d47d261) Importer(815301076,1909f56bfc062723c751e8b465ee728b)
Start importing Assets/Models/Conveyors/box-large.obj using Guid(30403aa25bbb1c4438782b876d47d261) Importer(815301076,1909f56bfc062723c751e8b465ee728b)  -> (artifact id: 'e1e7ca162d425d9fbcb95b3ad9a5bdc0') in 0.137507 seconds
Number of updated asset objects reloaded before import = 0
Number of asset objects unloaded after import = 10
========================================================================
Received Import Request.
  Time since last request: 0.000483 seconds.
  path: Assets/Models/Conveyors/box-wide.obj
  artifactKey: Guid(06a54a6cd65dece409fdc79adf38ab82) Importer(815301076,1909f56bfc062723c751e8b465ee728b)
Start importing Assets/Models/Conveyors/box-wide.obj using Guid(06a54a6cd65dece409fdc79adf38ab82) Importer(815301076,1909f56bfc062723c751e8b465ee728b)  -> (artifact id: 'a72ce2b5a489925314ba7a4631305cb3') in 0.058895 seconds
Number of updated asset objects reloaded before import = 0
Number of asset objects unloaded after import = 10
========================================================================
Received Import Request.
  Time since last request: 0.000327 seconds.
  path: Assets/Models/Conveyors/conveyor-bars-stripe-side.obj
  artifactKey: Guid(211b44780549ff943bb29c8789925ba9) Importer(815301076,1909f56bfc062723c751e8b465ee728b)
Start importing Assets/Models/Conveyors/conveyor-bars-stripe-side.obj using Guid(211b44780549ff943bb29c8789925ba9) Importer(815301076,1909f56bfc062723c751e8b465ee728b)  -> (artifact id: '55655721cb7275d984e06d7b873dc808') in 0.028066 seconds
Number of updated asset objects reloaded before import = 0
Number of asset objects unloaded after import = 10
========================================================================
Received Import Request.
  Time since last request: 0.000154 seconds.
  path: Assets/Models/Conveyors/cover-corner.obj
  artifactKey: Guid(801ea67ea0bbf8a4897b844f1d066252) Importer(815301076,1909f56bfc062723c751e8b465ee728b)
Start importing Assets/Models/Conveyors/cover-corner.obj using Guid(801ea67ea0bbf8a4897b844f1d066252) Importer(815301076,1909f56bfc062723c751e8b465ee728b)  -> (artifact id: '4e6abbff3c420ad205ca3ae64de8e24e') in 0.027075 seconds
Number of updated asset objects reloaded before import = 0
Number of asset objects unloaded after import = 10
========================================================================
Received Import Request.
  Time since last request: 0.000202 seconds.
  path: Assets/Models/Conveyors/cover-stripe-corner.obj
  artifactKey: Guid(3df6274b4bedbbf4da753cb7568d59bb) Importer(815301076,1909f56bfc062723c751e8b465ee728b)
Start importing Assets/Models/Conveyors/cover-stripe-corner.obj using Guid(3df6274b4bedbbf4da753cb7568d59bb) Importer(815301076,1909f56bfc062723c751e8b465ee728b)  -> (artifact id: '37c37befad096c1351979069e73d87de') in 0.024439 seconds
Number of updated asset objects reloaded before import = 0
Number of asset objects unloaded after import = 10
========================================================================
Received Import Request.
  Time since last request: 0.000317 seconds.
  path: Assets/Models/Conveyors/floor.obj
  artifactKey: Guid(d6ebad99b178938408a1e917d4137311) Importer(815301076,1909f56bfc062723c751e8b465ee728b)
Start importing Assets/Models/Conveyors/floor.obj using Guid(d6ebad99b178938408a1e917d4137311) Importer(815301076,1909f56bfc062723c751e8b465ee728b)  -> (artifact id: 'cecea5254e6888529994cba48a0ada1f') in 0.023233 seconds
Number of updated asset objects reloaded before import = 0
Number of asset objects unloaded after import = 10
========================================================================
Received Import Request.
  Time since last request: 0.000296 seconds.
  path: Assets/Models/Conveyors/cover-hopper.obj
  artifactKey: Guid(d8331028caf7c154990c5090d9a0a65a) Importer(815301076,1909f56bfc062723c751e8b465ee728b)
Start importing Assets/Models/Conveyors/cover-hopper.obj using Guid(d8331028caf7c154990c5090d9a0a65a) Importer(815301076,1909f56bfc062723c751e8b465ee728b)  -> (artifact id: '77e814f456432854ed3051c051cf9442') in 0.022749 seconds
Number of updated asset objects reloaded before import = 0
Number of asset objects unloaded after import = 10
========================================================================
Received Import Request.
  Time since last request: 0.000381 seconds.
  path: Assets/Models/Conveyors/cover-bar.obj
  artifactKey: Guid(cbcd47971d5edc345bceaf22b1c942ad) Importer(815301076,1909f56bfc062723c751e8b465ee728b)
Start importing Assets/Models/Conveyors/cover-bar.obj using Guid(cbcd47971d5edc345bceaf22b1c942ad) Importer(815301076,1909f56bfc062723c751e8b465ee728b)  -> (artifact id: '98332de975ba9c87c6f8ef9738854161') in 0.023746 seconds
Number of updated asset objects reloaded before import = 0
Number of asset objects unloaded after import = 10
========================================================================
Received Import Request.
  Time since last request: 0.000332 seconds.
  path: Assets/Models/Conveyors/conveyor-stripe-sides.obj
  artifactKey: Guid(ac67c46497490784faf5944d087087b8) Importer(815301076,1909f56bfc062723c751e8b465ee728b)
Start importing Assets/Models/Conveyors/conveyor-stripe-sides.obj using Guid(ac67c46497490784faf5944d087087b8) Importer(815301076,1909f56bfc062723c751e8b465ee728b)  -> (artifact id: '4e0631145edf8c93fc1669e1da2e51cc') in 0.028247 seconds
Number of updated asset objects reloaded before import = 0
Number of asset objects unloaded after import = 10
========================================================================
Received Import Request.
  Time since last request: 0.000162 seconds.
  path: Assets/Models/Conveyors/conveyor-stripe.obj
  artifactKey: Guid(48362287e5fbb5a4f84de214992f6c7b) Importer(815301076,1909f56bfc062723c751e8b465ee728b)
Start importing Assets/Models/Conveyors/conveyor-stripe.obj using Guid(48362287e5fbb5a4f84de214992f6c7b) Importer(815301076,1909f56bfc062723c751e8b465ee728b)  -> (artifact id: '0149f3ef227f412a01350e983bef3b31') in 0.021866 seconds
Number of updated asset objects reloaded before import = 0
Number of asset objects unloaded after import = 10
========================================================================
Received Import Request.
  Time since last request: 3.994072 seconds.
  path: Assets/Models/Conveyors/scanner-low.obj
  artifactKey: Guid(bf3d62535ca77874fb464fab5bb42cc0) Importer(815301076,1909f56bfc062723c751e8b465ee728b)
Start importing Assets/Models/Conveyors/scanner-low.obj using Guid(bf3d62535ca77874fb464fab5bb42cc0) Importer(815301076,1909f56bfc062723c751e8b465ee728b)  -> (artifact id: '52c78ce41907f01497f9057010c71f57') in 0.066273 seconds
Number of updated asset objects reloaded before import = 0
Number of asset objects unloaded after import = 10
========================================================================
Received Import Request.
  Time since last request: 0.000323 seconds.
  path: Assets/Models/Conveyors/structure-wall.obj
  artifactKey: Guid(aaa07eb5298be7b4eb41fb2adbfddaa9) Importer(815301076,1909f56bfc062723c751e8b465ee728b)
Start importing Assets/Models/Conveyors/structure-wall.obj using Guid(aaa07eb5298be7b4eb41fb2adbfddaa9) Importer(815301076,1909f56bfc062723c751e8b465ee728b)  -> (artifact id: '2cdedc6e0c0bab6eacabb09e54817c99') in 0.116187 seconds
Number of updated asset objects reloaded before import = 0
Number of asset objects unloaded after import = 10
========================================================================
Received Import Request.
  Time since last request: 0.000328 seconds.
  path: Assets/Models/Conveyors/structure-corner-outer.obj
  artifactKey: Guid(791b275996e96ad47b8a9f447233d44d) Importer(815301076,1909f56bfc062723c751e8b465ee728b)
Start importing Assets/Models/Conveyors/structure-corner-outer.obj using Guid(791b275996e96ad47b8a9f447233d44d) Importer(815301076,1909f56bfc062723c751e8b465ee728b)  -> (artifact id: '8b699dd8ccde3ab4900d294e38811b56') in 0.041996 seconds
Number of updated asset objects reloaded before import = 0
Number of asset objects unloaded after import = 10
========================================================================
Received Import Request.
  Time since last request: 0.000376 seconds.
  path: Assets/Models/Conveyors/structure-short.obj
  artifactKey: Guid(d6e3fa6405ecbd443b0d9fb4971c405f) Importer(815301076,1909f56bfc062723c751e8b465ee728b)
Start importing Assets/Models/Conveyors/structure-short.obj using Guid(d6e3fa6405ecbd443b0d9fb4971c405f) Importer(815301076,1909f56bfc062723c751e8b465ee728b)  -> (artifact id: 'd4661bc2568ef0cb6323397712282c90') in 0.024985 seconds
Number of updated asset objects reloaded before import = 0
Number of asset objects unloaded after import = 10
========================================================================
Received Import Request.
  Time since last request: 0.000235 seconds.
  path: Assets/Models/Conveyors/structure-window.obj
  artifactKey: Guid(8d5ac1c4cd4263749bb2cc4633ff8461) Importer(815301076,1909f56bfc062723c751e8b465ee728b)
Start importing Assets/Models/Conveyors/structure-window.obj using Guid(8d5ac1c4cd4263749bb2cc4633ff8461) Importer(815301076,1909f56bfc062723c751e8b465ee728b)  -> (artifact id: '5d30f418edce2fbde0816bc5b3a395d5') in 0.028657 seconds
Number of updated asset objects reloaded before import = 0
Number of asset objects unloaded after import = 10
========================================================================
Received Import Request.
  Time since last request: 0.000267 seconds.
  path: Assets/Models/Conveyors/structure-yellow-short.obj
  artifactKey: Guid(30b54ab48b54d924a8702e7bdfca6536) Importer(815301076,1909f56bfc062723c751e8b465ee728b)
Start importing Assets/Models/Conveyors/structure-yellow-short.obj using Guid(30b54ab48b54d924a8702e7bdfca6536) Importer(815301076,1909f56bfc062723c751e8b465ee728b)  -> (artifact id: '30dcbb2e1d3d83aadeca50d65c89966e') in 0.025275 seconds
Number of updated asset objects reloaded before import = 0
Number of asset objects unloaded after import = 10
========================================================================
Received Import Request.
  Time since last request: 0.000455 seconds.
  path: Assets/Models/Conveyors/structure-medium.obj
  artifactKey: Guid(b12ee0934225cfa4c953d4d17a4d8eb2) Importer(815301076,1909f56bfc062723c751e8b465ee728b)
Start importing Assets/Models/Conveyors/structure-medium.obj using Guid(b12ee0934225cfa4c953d4d17a4d8eb2) Importer(815301076,1909f56bfc062723c751e8b465ee728b)  -> (artifact id: '6d3ee670df86d4096c8931e76be5e01d') in 0.027109 seconds
Number of updated asset objects reloaded before import = 0
Number of asset objects unloaded after import = 10
========================================================================
Received Import Request.
  Time since last request: 0.000213 seconds.
  path: Assets/Models/Conveyors/structure-tall.obj
  artifactKey: Guid(151cd3fea422d804a888176099db4859) Importer(815301076,1909f56bfc062723c751e8b465ee728b)
Start importing Assets/Models/Conveyors/structure-tall.obj using Guid(151cd3fea422d804a888176099db4859) Importer(815301076,1909f56bfc062723c751e8b465ee728b)  -> (artifact id: 'cdd93be3883fdc483bbff4236729dc22') in 0.022339 seconds
Number of updated asset objects reloaded before import = 0
Number of asset objects unloaded after import = 10
========================================================================
Received Import Request.
  Time since last request: 507.864081 seconds.
  path: Assets/Models/Conveyors/arrow-basic.fbx
  artifactKey: Guid(af82bfc288286f142bd1b8c010f67c8d) Importer(815301076,1909f56bfc062723c751e8b465ee728b)
Start importing Assets/Models/Conveyors/arrow-basic.fbx using Guid(af82bfc288286f142bd1b8c010f67c8d) Importer(815301076,1909f56bfc062723c751e8b465ee728b)  -> (artifact id: '109a7a32cc3bf2d6bae4cf6beefe17c6') in 0.038560 seconds
Number of updated asset objects reloaded before import = 0
Number of asset objects unloaded after import = 9
========================================================================
Received Import Request.
  Time since last request: 0.000619 seconds.
  path: Assets/Models/Conveyors/conveyor-long-stripe-sides.fbx
  artifactKey: Guid(75a34bd9906def648a61d2ea08908379) Importer(815301076,1909f56bfc062723c751e8b465ee728b)
Start importing Assets/Models/Conveyors/conveyor-long-stripe-sides.fbx using Guid(75a34bd9906def648a61d2ea08908379) Importer(815301076,1909f56bfc062723c751e8b465ee728b)  -> (artifact id: '9900174874392c1c3a9ff2f67f9a405b') in 0.099536 seconds
Number of updated asset objects reloaded before import = 0
Number of asset objects unloaded after import = 16
========================================================================
Received Import Request.
  Time since last request: 0.000358 seconds.
  path: Assets/Models/Conveyors/door-wide-half.fbx
  artifactKey: Guid(970ea59749828b746a7376e713d82833) Importer(815301076,1909f56bfc062723c751e8b465ee728b)
Start importing Assets/Models/Conveyors/door-wide-half.fbx using Guid(970ea59749828b746a7376e713d82833) Importer(815301076,1909f56bfc062723c751e8b465ee728b)  -> (artifact id: 'e36a25fe3aa29ce6f54877152f8a252c') in 0.073150 seconds
Number of updated asset objects reloaded before import = 0
Number of asset objects unloaded after import = 9
========================================================================
Received Import Request.
  Time since last request: 0.001341 seconds.
  path: Assets/Models/Conveyors/box-small.fbx
  artifactKey: Guid(a7da24c3cbbed5f4b99e30b9c2269722) Importer(815301076,1909f56bfc062723c751e8b465ee728b)
Start importing Assets/Models/Conveyors/box-small.fbx using Guid(a7da24c3cbbed5f4b99e30b9c2269722) Importer(815301076,1909f56bfc062723c751e8b465ee728b)  -> (artifact id: 'e3d796a85382e69bbfe317b02aca81d1') in 0.035421 seconds
Number of updated asset objects reloaded before import = 0
Number of asset objects unloaded after import = 9
========================================================================
Received Import Request.
  Time since last request: 0.000054 seconds.
  path: Assets/Models/Conveyors/cover-corner.fbx
  artifactKey: Guid(5d53d23a7fbc58d4f82f502aef41d163) Importer(815301076,1909f56bfc062723c751e8b465ee728b)
Start importing Assets/Models/Conveyors/cover-corner.fbx using Guid(5d53d23a7fbc58d4f82f502aef41d163) Importer(815301076,1909f56bfc062723c751e8b465ee728b)  -> (artifact id: '749e3b5207c9b9f7782b1c101e4f625d') in 0.024665 seconds
Number of updated asset objects reloaded before import = 0
Number of asset objects unloaded after import = 9
========================================================================
Received Import Request.
  Time since last request: 0.000344 seconds.
  path: Assets/Models/Conveyors/conveyor-bars-high.fbx
  artifactKey: Guid(8bf39bb26fe15b545bc6c0c18c4f19fb) Importer(815301076,1909f56bfc062723c751e8b465ee728b)
Start importing Assets/Models/Conveyors/conveyor-bars-high.fbx using Guid(8bf39bb26fe15b545bc6c0c18c4f19fb) Importer(815301076,1909f56bfc062723c751e8b465ee728b)  -> (artifact id: '4b52090d8940d257aa702a92cc452d02') in 0.053060 seconds
Number of updated asset objects reloaded before import = 0
Number of asset objects unloaded after import = 16
========================================================================
Received Import Request.
  Time since last request: 0.000241 seconds.
  path: Assets/Models/Conveyors/conveyor-sides.fbx
  artifactKey: Guid(6261f7daabdcd1742a0ce0e0dba759e1) Importer(815301076,1909f56bfc062723c751e8b465ee728b)
Start importing Assets/Models/Conveyors/conveyor-sides.fbx using Guid(6261f7daabdcd1742a0ce0e0dba759e1) Importer(815301076,1909f56bfc062723c751e8b465ee728b)  -> (artifact id: '0d26ec2d17f52d3a059f8165c5ddc0e1') in 0.034348 seconds
Number of updated asset objects reloaded before import = 0
Number of asset objects unloaded after import = 16
========================================================================
Received Import Request.
  Time since last request: 0.000260 seconds.
  path: Assets/Models/Conveyors/conveyor-long-stripe.fbx
  artifactKey: Guid(65060ab86134c594eb16542c2b560273) Importer(815301076,1909f56bfc062723c751e8b465ee728b)
Start importing Assets/Models/Conveyors/conveyor-long-stripe.fbx using Guid(65060ab86134c594eb16542c2b560273) Importer(815301076,1909f56bfc062723c751e8b465ee728b)  -> (artifact id: '58fd71efeb02deb4a98175c242b2d6ab') in 0.021516 seconds
Number of updated asset objects reloaded before import = 0
Number of asset objects unloaded after import = 9
========================================================================
Received Import Request.
  Time since last request: 0.000329 seconds.
  path: Assets/Models/Conveyors/conveyor-bars-stripe-high.fbx
  artifactKey: Guid(caa97b55e3fedd649937fb0eaf21555d) Importer(815301076,1909f56bfc062723c751e8b465ee728b)
Start importing Assets/Models/Conveyors/conveyor-bars-stripe-high.fbx using Guid(caa97b55e3fedd649937fb0eaf21555d) Importer(815301076,1909f56bfc062723c751e8b465ee728b)  -> (artifact id: 'fafd1637b0921819896082ba3a612480') in 0.037850 seconds
Number of updated asset objects reloaded before import = 0
Number of asset objects unloaded after import = 16
========================================================================
Received Import Request.
  Time since last request: 0.000147 seconds.
  path: Assets/Models/Conveyors/conveyor-stripe.fbx
  artifactKey: Guid(7870f8cdf2d05ae4eaa12c4b648ce611) Importer(815301076,1909f56bfc062723c751e8b465ee728b)
Start importing Assets/Models/Conveyors/conveyor-stripe.fbx using Guid(7870f8cdf2d05ae4eaa12c4b648ce611) Importer(815301076,1909f56bfc062723c751e8b465ee728b)  -> (artifact id: 'b3fe753575c1eab9d639929612d2a7ef') in 0.023580 seconds
Number of updated asset objects reloaded before import = 0
Number of asset objects unloaded after import = 9
========================================================================
Received Import Request.
  Time since last request: 0.000279 seconds.
  path: Assets/Models/Conveyors/cover-top.fbx
  artifactKey: Guid(9a8efe4f951ad13479ed89103ae8af6f) Importer(815301076,1909f56bfc062723c751e8b465ee728b)
Start importing Assets/Models/Conveyors/cover-top.fbx using Guid(9a8efe4f951ad13479ed89103ae8af6f) Importer(815301076,1909f56bfc062723c751e8b465ee728b)  -> (artifact id: '5ee94965727f69839f1cb542a5034e27') in 0.017372 seconds
Number of updated asset objects reloaded before import = 0
Number of asset objects unloaded after import = 9
========================================================================
Received Import Request.
  Time since last request: 0.000382 seconds.
  path: Assets/Models/Conveyors/box-long.fbx
  artifactKey: Guid(d79aea2b3a50a2f49b7c9c7587b3d35e) Importer(815301076,1909f56bfc062723c751e8b465ee728b)
Start importing Assets/Models/Conveyors/box-long.fbx using Guid(d79aea2b3a50a2f49b7c9c7587b3d35e) Importer(815301076,1909f56bfc062723c751e8b465ee728b)  -> (artifact id: '1016fe778d65e5f1e1000e6b369c65ee') in 0.025103 seconds
Number of updated asset objects reloaded before import = 0
Number of asset objects unloaded after import = 9
========================================================================
Received Import Request.
  Time since last request: 0.000039 seconds.
  path: Assets/Models/Conveyors/cover-window.fbx
  artifactKey: Guid(4615849ac0d344e488ffd89579b1be7a) Importer(815301076,1909f56bfc062723c751e8b465ee728b)
Start importing Assets/Models/Conveyors/cover-window.fbx using Guid(4615849ac0d344e488ffd89579b1be7a) Importer(815301076,1909f56bfc062723c751e8b465ee728b)  -> (artifact id: 'b46a6d69669d93db4de46d7d37558393') in 0.026753 seconds
Number of updated asset objects reloaded before import = 0
Number of asset objects unloaded after import = 9
========================================================================
Received Import Request.
  Time since last request: 0.000214 seconds.
  path: Assets/Models/Conveyors/conveyor-bars-stripe-side.fbx
  artifactKey: Guid(759efb33a73c4864ba0ea5be29aa9b26) Importer(815301076,1909f56bfc062723c751e8b465ee728b)
Start importing Assets/Models/Conveyors/conveyor-bars-stripe-side.fbx using Guid(759efb33a73c4864ba0ea5be29aa9b26) Importer(815301076,1909f56bfc062723c751e8b465ee728b)  -> (artifact id: 'bfc944cac2fe4a6401b31f23dd38e8dd') in 0.038752 seconds
Number of updated asset objects reloaded before import = 0
Number of asset objects unloaded after import = 16
========================================================================
Received Import Request.
  Time since last request: 0.000132 seconds.
  path: Assets/Models/Conveyors/cover-stripe-hopper.fbx
  artifactKey: Guid(be1190838dbf27a41926664b4a972974) Importer(815301076,1909f56bfc062723c751e8b465ee728b)
Start importing Assets/Models/Conveyors/cover-stripe-hopper.fbx using Guid(be1190838dbf27a41926664b4a972974) Importer(815301076,1909f56bfc062723c751e8b465ee728b)  -> (artifact id: '1cb26afafe72e25d505bc7dd54448389') in 0.025032 seconds
Number of updated asset objects reloaded before import = 0
Number of asset objects unloaded after import = 9
========================================================================
Received Import Request.
  Time since last request: 0.000279 seconds.
  path: Assets/Models/Conveyors/conveyor-long.fbx
  artifactKey: Guid(09c16cd3c55a45241be7909f478e3bad) Importer(815301076,1909f56bfc062723c751e8b465ee728b)
Start importing Assets/Models/Conveyors/conveyor-long.fbx using Guid(09c16cd3c55a45241be7909f478e3bad) Importer(815301076,1909f56bfc062723c751e8b465ee728b)  -> (artifact id: '1396a5440e903ff22e37473f3a8443fe') in 0.027302 seconds
Number of updated asset objects reloaded before import = 0
Number of asset objects unloaded after import = 9
========================================================================
Received Import Request.
  Time since last request: 0.000323 seconds.
  path: Assets/Models/Conveyors/cover.fbx
  artifactKey: Guid(13f9a97a18237f14bb8e704aa7ec7a22) Importer(815301076,1909f56bfc062723c751e8b465ee728b)
Start importing Assets/Models/Conveyors/cover.fbx using Guid(13f9a97a18237f14bb8e704aa7ec7a22) Importer(815301076,1909f56bfc062723c751e8b465ee728b)  -> (artifact id: '015e4abf8d9aa8e9deb3f8839280f918') in 0.028465 seconds
Number of updated asset objects reloaded before import = 0
Number of asset objects unloaded after import = 9
========================================================================
Received Import Request.
  Time since last request: 0.000216 seconds.
  path: Assets/Models/Conveyors/cover-bar.fbx
  artifactKey: Guid(d8a8a3a0fffc3c54cb07829e3658aeb9) Importer(815301076,1909f56bfc062723c751e8b465ee728b)
Start importing Assets/Models/Conveyors/cover-bar.fbx using Guid(d8a8a3a0fffc3c54cb07829e3658aeb9) Importer(815301076,1909f56bfc062723c751e8b465ee728b)  -> (artifact id: '46771bfccd31b4675e1caf356cec72a9') in 0.026535 seconds
Number of updated asset objects reloaded before import = 0
Number of asset objects unloaded after import = 9
========================================================================
Received Import Request.
  Time since last request: 0.000377 seconds.
  path: Assets/Models/Conveyors/cover-stripe-corner.fbx
  artifactKey: Guid(3e2a0886d2e32ff4c95c118598d10386) Importer(815301076,1909f56bfc062723c751e8b465ee728b)
Start importing Assets/Models/Conveyors/cover-stripe-corner.fbx using Guid(3e2a0886d2e32ff4c95c118598d10386) Importer(815301076,1909f56bfc062723c751e8b465ee728b)  -> (artifact id: '4aee086f65830a8de1a493ea0b9ff71b') in 0.027139 seconds
Number of updated asset objects reloaded before import = 0
Number of asset objects unloaded after import = 9
========================================================================
Received Import Request.
  Time since last request: 0.920237 seconds.
  path: Assets/Models/Conveyors/floor-large.fbx
  artifactKey: Guid(f0ed049ba7ecfa145aa55a4a60079412) Importer(815301076,1909f56bfc062723c751e8b465ee728b)
Start importing Assets/Models/Conveyors/floor-large.fbx using Guid(f0ed049ba7ecfa145aa55a4a60079412) Importer(815301076,1909f56bfc062723c751e8b465ee728b)  -> (artifact id: '99a65c2b6b87ffbba5d0d11e29293aa7') in 0.024162 seconds
Number of updated asset objects reloaded before import = 0
Number of asset objects unloaded after import = 9
========================================================================
Received Import Request.
  Time since last request: 0.000081 seconds.
  path: Assets/Models/Conveyors/robot-arm-a.fbx
  artifactKey: Guid(2f8276e4a961db24ab711aefa46fa6bb) Importer(815301076,1909f56bfc062723c751e8b465ee728b)
Start importing Assets/Models/Conveyors/robot-arm-a.fbx using Guid(2f8276e4a961db24ab711aefa46fa6bb) Importer(815301076,1909f56bfc062723c751e8b465ee728b)  -> (artifact id: '599b6a5b1932f2294eba73e72d162f56') in 0.071644 seconds
Number of updated asset objects reloaded before import = 0
Number of asset objects unloaded after import = 49
========================================================================
Received Import Request.
  Time since last request: 0.000203 seconds.
  path: Assets/Models/Conveyors/structure-medium.fbx
  artifactKey: Guid(f132b8d34b8ee6140903ee4e6fae9bd1) Importer(815301076,1909f56bfc062723c751e8b465ee728b)
Start importing Assets/Models/Conveyors/structure-medium.fbx using Guid(f132b8d34b8ee6140903ee4e6fae9bd1) Importer(815301076,1909f56bfc062723c751e8b465ee728b)  -> (artifact id: '9154da6c79974afaaad1976838858b9f') in 0.024224 seconds
Number of updated asset objects reloaded before import = 0
Number of asset objects unloaded after import = 9
========================================================================
Received Import Request.
  Time since last request: 0.000262 seconds.
  path: Assets/Models/Conveyors/robot-arm-b.fbx
  artifactKey: Guid(058cf910fcabfc342b7979e6380041d9) Importer(815301076,1909f56bfc062723c751e8b465ee728b)
Start importing Assets/Models/Conveyors/robot-arm-b.fbx using Guid(058cf910fcabfc342b7979e6380041d9) Importer(815301076,1909f56bfc062723c751e8b465ee728b)  -> (artifact id: '783f7bc3ea19d44cada82c07b55e76ef') in 0.054679 seconds
Number of updated asset objects reloaded before import = 0
Number of asset objects unloaded after import = 39
========================================================================
Received Import Request.
  Time since last request: 0.000340 seconds.
  path: Assets/Models/Conveyors/structure-doorway.fbx
  artifactKey: Guid(2c98c21e9123fdc46ae6348b8107d1f5) Importer(815301076,1909f56bfc062723c751e8b465ee728b)
Start importing Assets/Models/Conveyors/structure-doorway.fbx using Guid(2c98c21e9123fdc46ae6348b8107d1f5) Importer(815301076,1909f56bfc062723c751e8b465ee728b)  -> (artifact id: 'bb8538f027861198e273cc63a2169b38') in 0.025251 seconds
Number of updated asset objects reloaded before import = 0
Number of asset objects unloaded after import = 9
========================================================================
Received Import Request.
  Time since last request: 1.062315 seconds.
  path: Assets/Models/Conveyors/structure-wall.fbx
  artifactKey: Guid(35854bc029f968a4288650ed72afa715) Importer(815301076,1909f56bfc062723c751e8b465ee728b)
Start importing Assets/Models/Conveyors/structure-wall.fbx using Guid(35854bc029f968a4288650ed72afa715) Importer(815301076,1909f56bfc062723c751e8b465ee728b)  -> (artifact id: '4ff650366041e61479bf351b0b7cf304') in 0.019010 seconds
Number of updated asset objects reloaded before import = 0
Number of asset objects unloaded after import = 9
========================================================================
Received Import Request.
  Time since last request: 0.000278 seconds.
  path: Assets/Models/Conveyors/top.fbx
  artifactKey: Guid(46b394d57ff3bef4fa69e5c122d0f804) Importer(815301076,1909f56bfc062723c751e8b465ee728b)
Start importing Assets/Models/Conveyors/top.fbx using Guid(46b394d57ff3bef4fa69e5c122d0f804) Importer(815301076,1909f56bfc062723c751e8b465ee728b)  -> (artifact id: 'db098779a9d6a0530b4e66ef5ce00509') in 0.021399 seconds
Number of updated asset objects reloaded before import = 0
Number of asset objects unloaded after import = 9
========================================================================
Received Import Request.
  Time since last request: 0.000220 seconds.
  path: Assets/Models/Conveyors/structure-yellow-tall.fbx
  artifactKey: Guid(1f8bbd5005023c54ba5df466b19cb459) Importer(815301076,1909f56bfc062723c751e8b465ee728b)
Start importing Assets/Models/Conveyors/structure-yellow-tall.fbx using Guid(1f8bbd5005023c54ba5df466b19cb459) Importer(815301076,1909f56bfc062723c751e8b465ee728b)  -> (artifact id: 'cb58649b7dc8bcce8ed32b4711596007') in 0.015412 seconds
Number of updated asset objects reloaded before import = 0
Number of asset objects unloaded after import = 9
========================================================================
Received Import Request.
  Time since last request: 0.000383 seconds.
  path: Assets/Models/Conveyors/structure-window.fbx
  artifactKey: Guid(0703300453ee54d4c8c668fc3b8b7b1e) Importer(815301076,1909f56bfc062723c751e8b465ee728b)
Start importing Assets/Models/Conveyors/structure-window.fbx using Guid(0703300453ee54d4c8c668fc3b8b7b1e) Importer(815301076,1909f56bfc062723c751e8b465ee728b)  -> (artifact id: '99e713fb179632ccb872255d0d135bca') in 0.017384 seconds
Number of updated asset objects reloaded before import = 0
Number of asset objects unloaded after import = 9
========================================================================
Received Import Request.
  Time since last request: 0.000260 seconds.
  path: Assets/Models/Conveyors/structure-yellow-short.fbx
  artifactKey: Guid(10ca7234a772e754fbbe6a6537ef4b7b) Importer(815301076,1909f56bfc062723c751e8b465ee728b)
Start importing Assets/Models/Conveyors/structure-yellow-short.fbx using Guid(10ca7234a772e754fbbe6a6537ef4b7b) Importer(815301076,1909f56bfc062723c751e8b465ee728b)  -> (artifact id: 'cece2647150a3c5781993f5903ff3d0e') in 0.017791 seconds
Number of updated asset objects reloaded before import = 0
Number of asset objects unloaded after import = 9
========================================================================
Received Import Request.
  Time since last request: 256.303497 seconds.
  path: Assets/Models/Raw Conveyors/arrow.fbx
  artifactKey: Guid(7e4dc4d3f033eba48bceca81f5f20195) Importer(815301076,1909f56bfc062723c751e8b465ee728b)
Start importing Assets/Models/Raw Conveyors/arrow.fbx using Guid(7e4dc4d3f033eba48bceca81f5f20195) Importer(815301076,1909f56bfc062723c751e8b465ee728b)  -> (artifact id: 'b3494731be921cdf3c721c77f77004b5') in 0.034859 seconds
Number of updated asset objects reloaded before import = 0
Number of asset objects unloaded after import = 8
========================================================================
Received Import Request.
  Time since last request: 0.000689 seconds.
  path: Assets/Models/Raw Conveyors/box-wide.fbx
  artifactKey: Guid(864e146b7c821bd469c24cac71151c32) Importer(815301076,1909f56bfc062723c751e8b465ee728b)
Start importing Assets/Models/Raw Conveyors/box-wide.fbx using Guid(864e146b7c821bd469c24cac71151c32) Importer(815301076,1909f56bfc062723c751e8b465ee728b)  -> (artifact id: '5cbabcc49befddbc3d391a089bfc8561') in 0.038987 seconds
Number of updated asset objects reloaded before import = 0
Number of asset objects unloaded after import = 8
========================================================================
Received Import Request.
  Time since last request: 0.000332 seconds.
  path: Assets/Models/Raw Conveyors/door-wide-half.fbx
  artifactKey: Guid(970ea59749828b746a7376e713d82833) Importer(815301076,1909f56bfc062723c751e8b465ee728b)
Start importing Assets/Models/Raw Conveyors/door-wide-half.fbx using Guid(970ea59749828b746a7376e713d82833) Importer(815301076,1909f56bfc062723c751e8b465ee728b)  -> (artifact id: 'ee37cb7f2506c9f34c52795a2ec1b775') in 0.021228 seconds
Number of updated asset objects reloaded before import = 0
Number of asset objects unloaded after import = 8
========================================================================
Received Import Request.
  Time since last request: 0.000357 seconds.
  path: Assets/Models/Raw Conveyors/floor.fbx
  artifactKey: Guid(a9d4d29e7427e6c4da67334620b12494) Importer(815301076,1909f56bfc062723c751e8b465ee728b)
Start importing Assets/Models/Raw Conveyors/floor.fbx using Guid(a9d4d29e7427e6c4da67334620b12494) Importer(815301076,1909f56bfc062723c751e8b465ee728b)  -> (artifact id: 'bc1d0dda5d32edd7ce993a6c4f309825') in 0.019010 seconds
Number of updated asset objects reloaded before import = 0
Number of asset objects unloaded after import = 8
========================================================================
Received Import Request.
  Time since last request: 0.000228 seconds.
  path: Assets/Models/Raw Conveyors/box-large.fbx
  artifactKey: Guid(20d1b215282fe5242a96943cd4d17490) Importer(815301076,1909f56bfc062723c751e8b465ee728b)
Start importing Assets/Models/Raw Conveyors/box-large.fbx using Guid(20d1b215282fe5242a96943cd4d17490) Importer(815301076,1909f56bfc062723c751e8b465ee728b)  -> (artifact id: '0d0cc02996efcd9acac5f8ecba328558') in 0.018795 seconds
Number of updated asset objects reloaded before import = 0
Number of asset objects unloaded after import = 8
========================================================================
Received Import Request.
  Time since last request: 0.000280 seconds.
  path: Assets/Models/Raw Conveyors/arrow-basic.fbx
  artifactKey: Guid(af82bfc288286f142bd1b8c010f67c8d) Importer(815301076,1909f56bfc062723c751e8b465ee728b)
Start importing Assets/Models/Raw Conveyors/arrow-basic.fbx using Guid(af82bfc288286f142bd1b8c010f67c8d) Importer(815301076,1909f56bfc062723c751e8b465ee728b)  -> (artifact id: 'a1a31a0c7ac6a4a7eb6806020e529d94') in 0.020783 seconds
Number of updated asset objects reloaded before import = 0
Number of asset objects unloaded after import = 8
========================================================================
Received Import Request.
  Time since last request: 0.000351 seconds.
  path: Assets/Models/Raw Conveyors/cover-corner.fbx
  artifactKey: Guid(5d53d23a7fbc58d4f82f502aef41d163) Importer(815301076,1909f56bfc062723c751e8b465ee728b)
Start importing Assets/Models/Raw Conveyors/cover-corner.fbx using Guid(5d53d23a7fbc58d4f82f502aef41d163) Importer(815301076,1909f56bfc062723c751e8b465ee728b)  -> (artifact id: 'b7f1b02a6884e4310486025b7b50f3bd') in 0.021989 seconds
Number of updated asset objects reloaded before import = 0
Number of asset objects unloaded after import = 8
========================================================================
Received Import Request.
  Time since last request: 0.000245 seconds.
  path: Assets/Models/Raw Conveyors/cover-stripe.fbx
  artifactKey: Guid(b628c5cc930d8b74a8c87da5cddf79a3) Importer(815301076,1909f56bfc062723c751e8b465ee728b)
Start importing Assets/Models/Raw Conveyors/cover-stripe.fbx using Guid(b628c5cc930d8b74a8c87da5cddf79a3) Importer(815301076,1909f56bfc062723c751e8b465ee728b)  -> (artifact id: '54c3443284d0a4d60c045b0f833f3cd4') in 0.018811 seconds
Number of updated asset objects reloaded before import = 0
Number of asset objects unloaded after import = 8
========================================================================
Received Import Request.
  Time since last request: 0.000248 seconds.
  path: Assets/Models/Raw Conveyors/conveyor.fbx
  artifactKey: Guid(046b740d942998a4c99dc62612506379) Importer(815301076,1909f56bfc062723c751e8b465ee728b)
Start importing Assets/Models/Raw Conveyors/conveyor.fbx using Guid(046b740d942998a4c99dc62612506379) Importer(815301076,1909f56bfc062723c751e8b465ee728b)  -> (artifact id: '8bb6a1e0159fa3e1532624bbbae826bb') in 0.018627 seconds
Number of updated asset objects reloaded before import = 0
Number of asset objects unloaded after import = 8
========================================================================
Received Import Request.
  Time since last request: 0.000648 seconds.
  path: Assets/Models/Raw Conveyors/conveyor-sides.fbx
  artifactKey: Guid(6261f7daabdcd1742a0ce0e0dba759e1) Importer(815301076,1909f56bfc062723c751e8b465ee728b)
Start importing Assets/Models/Raw Conveyors/conveyor-sides.fbx using Guid(6261f7daabdcd1742a0ce0e0dba759e1) Importer(815301076,1909f56bfc062723c751e8b465ee728b)  -> (artifact id: '70805a657049534435428be1e0d9ae9e') in 0.033877 seconds
Number of updated asset objects reloaded before import = 0
Number of asset objects unloaded after import = 15
========================================================================
Received Import Request.
  Time since last request: 0.000239 seconds.
  path: Assets/Models/Raw Conveyors/conveyor-long-stripe.fbx
  artifactKey: Guid(65060ab86134c594eb16542c2b560273) Importer(815301076,1909f56bfc062723c751e8b465ee728b)
Start importing Assets/Models/Raw Conveyors/conveyor-long-stripe.fbx using Guid(65060ab86134c594eb16542c2b560273) Importer(815301076,1909f56bfc062723c751e8b465ee728b)  -> (artifact id: '66f5958456a3670ef9b5d474fa465069') in 0.017783 seconds
Number of updated asset objects reloaded before import = 0
Number of asset objects unloaded after import = 8
========================================================================
Received Import Request.
  Time since last request: 0.000276 seconds.
  path: Assets/Models/Raw Conveyors/conveyor-bars-stripe-high.fbx
  artifactKey: Guid(caa97b55e3fedd649937fb0eaf21555d) Importer(815301076,1909f56bfc062723c751e8b465ee728b)
Start importing Assets/Models/Raw Conveyors/conveyor-bars-stripe-high.fbx using Guid(caa97b55e3fedd649937fb0eaf21555d) Importer(815301076,1909f56bfc062723c751e8b465ee728b)  -> (artifact id: 'c4cba6cf234415de1394b2e6c67144d5') in 0.031782 seconds
Number of updated asset objects reloaded before import = 0
Number of asset objects unloaded after import = 15
========================================================================
Received Import Request.
  Time since last request: 0.000270 seconds.
  path: Assets/Models/Raw Conveyors/conveyor-long-sides.fbx
  artifactKey: Guid(440d7725b46b94848918e000bcc35ab8) Importer(815301076,1909f56bfc062723c751e8b465ee728b)
Start importing Assets/Models/Raw Conveyors/conveyor-long-sides.fbx using Guid(440d7725b46b94848918e000bcc35ab8) Importer(815301076,1909f56bfc062723c751e8b465ee728b)  -> (artifact id: '0df758db640852633b9d20606c12f0f0') in 0.033380 seconds
Number of updated asset objects reloaded before import = 0
Number of asset objects unloaded after import = 15
========================================================================
Received Import Request.
  Time since last request: 0.000378 seconds.
  path: Assets/Models/Raw Conveyors/conveyor-bars-fence.fbx
  artifactKey: Guid(83ccd9d0b776d4c40b36afe23815a13f) Importer(815301076,1909f56bfc062723c751e8b465ee728b)
Start importing Assets/Models/Raw Conveyors/conveyor-bars-fence.fbx using Guid(83ccd9d0b776d4c40b36afe23815a13f) Importer(815301076,1909f56bfc062723c751e8b465ee728b)  -> (artifact id: '1b50a60d64e35bbe92316f28eca70c91') in 0.039601 seconds
Number of updated asset objects reloaded before import = 0
Number of asset objects unloaded after import = 20
========================================================================
Received Import Request.
  Time since last request: 0.000350 seconds.
  path: Assets/Models/Raw Conveyors/cover.fbx
  artifactKey: Guid(13f9a97a18237f14bb8e704aa7ec7a22) Importer(815301076,1909f56bfc062723c751e8b465ee728b)
Start importing Assets/Models/Raw Conveyors/cover.fbx using Guid(13f9a97a18237f14bb8e704aa7ec7a22) Importer(815301076,1909f56bfc062723c751e8b465ee728b)  -> (artifact id: '4e43ca6d0e638d99f0a9bd53b84d3e57') in 0.018472 seconds
Number of updated asset objects reloaded before import = 0
Number of asset objects unloaded after import = 8
========================================================================
Received Import Request.
  Time since last request: 0.000287 seconds.
  path: Assets/Models/Raw Conveyors/cover-stripe-hopper.fbx
  artifactKey: Guid(be1190838dbf27a41926664b4a972974) Importer(815301076,1909f56bfc062723c751e8b465ee728b)
Start importing Assets/Models/Raw Conveyors/cover-stripe-hopper.fbx using Guid(be1190838dbf27a41926664b4a972974) Importer(815301076,1909f56bfc062723c751e8b465ee728b)  -> (artifact id: '75f2c9c5f5846e88a4e1a2f329c6febf') in 0.019264 seconds
Number of updated asset objects reloaded before import = 0
Number of asset objects unloaded after import = 8
========================================================================
Received Import Request.
  Time since last request: 0.000325 seconds.
  path: Assets/Models/Raw Conveyors/conveyor-long.fbx
  artifactKey: Guid(09c16cd3c55a45241be7909f478e3bad) Importer(815301076,1909f56bfc062723c751e8b465ee728b)
Start importing Assets/Models/Raw Conveyors/conveyor-long.fbx using Guid(09c16cd3c55a45241be7909f478e3bad) Importer(815301076,1909f56bfc062723c751e8b465ee728b)  -> (artifact id: '644f82433192901719531c185b3a350e') in 0.019027 seconds
Number of updated asset objects reloaded before import = 0
Number of asset objects unloaded after import = 8
========================================================================
Received Import Request.
  Time since last request: 0.000319 seconds.
  path: Assets/Models/Raw Conveyors/door-wide-closed.fbx
  artifactKey: Guid(8a27aa40925b4b845bf4d702d0b6fe61) Importer(815301076,1909f56bfc062723c751e8b465ee728b)
Start importing Assets/Models/Raw Conveyors/door-wide-closed.fbx using Guid(8a27aa40925b4b845bf4d702d0b6fe61) Importer(815301076,1909f56bfc062723c751e8b465ee728b)  -> (artifact id: '748a3d2cf6e73ffc6d0f5b6224b8cde7') in 0.021151 seconds
Number of updated asset objects reloaded before import = 0
Number of asset objects unloaded after import = 8
========================================================================
Received Import Request.
  Time since last request: 0.000378 seconds.
  path: Assets/Models/Raw Conveyors/door.fbx
  artifactKey: Guid(eeb907363c398f943808ece3b6717cf8) Importer(815301076,1909f56bfc062723c751e8b465ee728b)
Start importing Assets/Models/Raw Conveyors/door.fbx using Guid(eeb907363c398f943808ece3b6717cf8) Importer(815301076,1909f56bfc062723c751e8b465ee728b)  -> (artifact id: '4849ec6525a4338cd10de0ab66e68192') in 0.027395 seconds
Number of updated asset objects reloaded before import = 0
Number of asset objects unloaded after import = 13
========================================================================
Received Import Request.
  Time since last request: 0.000313 seconds.
  path: Assets/Models/Raw Conveyors/conveyor-bars-sides.fbx
  artifactKey: Guid(4f5a75cbe46ca0940bc575c1c57b2d94) Importer(815301076,1909f56bfc062723c751e8b465ee728b)
Start importing Assets/Models/Raw Conveyors/conveyor-bars-sides.fbx using Guid(4f5a75cbe46ca0940bc575c1c57b2d94) Importer(815301076,1909f56bfc062723c751e8b465ee728b)  -> (artifact id: 'f600754124af7d9001c08ecd5f49f0f1') in 0.029943 seconds
Number of updated asset objects reloaded before import = 0
Number of asset objects unloaded after import = 15
========================================================================
Received Import Request.
  Time since last request: 0.264909 seconds.
  path: Assets/Models/Raw Conveyors/robot-arm-b.fbx
  artifactKey: Guid(058cf910fcabfc342b7979e6380041d9) Importer(815301076,1909f56bfc062723c751e8b465ee728b)
Start importing Assets/Models/Raw Conveyors/robot-arm-b.fbx using Guid(058cf910fcabfc342b7979e6380041d9) Importer(815301076,1909f56bfc062723c751e8b465ee728b)  -> (artifact id: '7acaf31859f0537fcc60146f776e2561') in 0.049679 seconds
Number of updated asset objects reloaded before import = 0
Number of asset objects unloaded after import = 38
========================================================================
Received Import Request.
  Time since last request: 0.000209 seconds.
  path: Assets/Models/Raw Conveyors/structure-corner-outer.fbx
  artifactKey: Guid(71ea219c523b8624c83f9eb7a9dcbbdc) Importer(815301076,1909f56bfc062723c751e8b465ee728b)
Start importing Assets/Models/Raw Conveyors/structure-corner-outer.fbx using Guid(71ea219c523b8624c83f9eb7a9dcbbdc) Importer(815301076,1909f56bfc062723c751e8b465ee728b)  -> (artifact id: '0a74dbe155e34410ff76113bb44d7fe4') in 0.017500 seconds
Number of updated asset objects reloaded before import = 0
Number of asset objects unloaded after import = 8
========================================================================
Received Import Request.
  Time since last request: 0.000319 seconds.
  path: Assets/Models/Raw Conveyors/structure-short.fbx
  artifactKey: Guid(7e22dae5193662146b899ae2b2900c57) Importer(815301076,1909f56bfc062723c751e8b465ee728b)
Start importing Assets/Models/Raw Conveyors/structure-short.fbx using Guid(7e22dae5193662146b899ae2b2900c57) Importer(815301076,1909f56bfc062723c751e8b465ee728b)  -> (artifact id: '26880fbad09b4d984340be9e2bb969e1') in 0.018244 seconds
Number of updated asset objects reloaded before import = 0
Number of asset objects unloaded after import = 8
========================================================================
Received Import Request.
  Time since last request: 0.000558 seconds.
  path: Assets/Models/Raw Conveyors/structure-window-wide.fbx
  artifactKey: Guid(27e6e56fbb58ee2489b86082517a4134) Importer(815301076,1909f56bfc062723c751e8b465ee728b)
Start importing Assets/Models/Raw Conveyors/structure-window-wide.fbx using Guid(27e6e56fbb58ee2489b86082517a4134) Importer(815301076,1909f56bfc062723c751e8b465ee728b)  -> (artifact id: '1a91f58cff6d48e5eb2cf993d8874fe8') in 0.019205 seconds
Number of updated asset objects reloaded before import = 0
Number of asset objects unloaded after import = 8
========================================================================
Received Import Request.
  Time since last request: 0.000228 seconds.
  path: Assets/Models/Raw Conveyors/structure-yellow-high.fbx
  artifactKey: Guid(bb03056fc15a3f44a952b84cb7fb980c) Importer(815301076,1909f56bfc062723c751e8b465ee728b)
Start importing Assets/Models/Raw Conveyors/structure-yellow-high.fbx using Guid(bb03056fc15a3f44a952b84cb7fb980c) Importer(815301076,1909f56bfc062723c751e8b465ee728b)  -> (artifact id: 'a2d9a60813c083f9641b639ffb51183a') in 0.019790 seconds
Number of updated asset objects reloaded before import = 0
Number of asset objects unloaded after import = 8
========================================================================
Received Import Request.
  Time since last request: 0.000472 seconds.
  path: Assets/Models/Raw Conveyors/structure-medium.fbx
  artifactKey: Guid(f132b8d34b8ee6140903ee4e6fae9bd1) Importer(815301076,1909f56bfc062723c751e8b465ee728b)
Start importing Assets/Models/Raw Conveyors/structure-medium.fbx using Guid(f132b8d34b8ee6140903ee4e6fae9bd1) Importer(815301076,1909f56bfc062723c751e8b465ee728b)  -> (artifact id: '519aaae36dc931ae8a87f9a3bfd2a087') in 0.023448 seconds
Number of updated asset objects reloaded before import = 0
Number of asset objects unloaded after import = 8
========================================================================
Received Import Request.
  Time since last request: 0.000409 seconds.
  path: Assets/Models/Raw Conveyors/structure-tall.fbx
  artifactKey: Guid(221c4d622c61eb7459630a726fdc2d82) Importer(815301076,1909f56bfc062723c751e8b465ee728b)
Start importing Assets/Models/Raw Conveyors/structure-tall.fbx using Guid(221c4d622c61eb7459630a726fdc2d82) Importer(815301076,1909f56bfc062723c751e8b465ee728b)  -> (artifact id: '55443d876a861f85ba779675322432ec') in 0.018423 seconds
Number of updated asset objects reloaded before import = 0
Number of asset objects unloaded after import = 8
========================================================================
Received Import Request.
  Time since last request: 0.000327 seconds.
  path: Assets/Models/Raw Conveyors/structure-window.fbx
  artifactKey: Guid(0703300453ee54d4c8c668fc3b8b7b1e) Importer(815301076,1909f56bfc062723c751e8b465ee728b)
Start importing Assets/Models/Raw Conveyors/structure-window.fbx using Guid(0703300453ee54d4c8c668fc3b8b7b1e) Importer(815301076,1909f56bfc062723c751e8b465ee728b)  -> (artifact id: '4bca180a556d1cb91856046c335e74fd') in 0.018889 seconds
Number of updated asset objects reloaded before import = 0
Number of asset objects unloaded after import = 8
========================================================================
Received Import Request.
  Time since last request: 0.000257 seconds.
  path: Assets/Models/Raw Conveyors/top-large.fbx
  artifactKey: Guid(78fcb9848ab48a549bd2db95d88e0907) Importer(815301076,1909f56bfc062723c751e8b465ee728b)
Start importing Assets/Models/Raw Conveyors/top-large.fbx using Guid(78fcb9848ab48a549bd2db95d88e0907) Importer(815301076,1909f56bfc062723c751e8b465ee728b)  -> (artifact id: 'daafe9175abc0adb44e5ec8718ff6f41') in 0.020139 seconds
Number of updated asset objects reloaded before import = 0
Number of asset objects unloaded after import = 8
========================================================================
Received Import Request.
  Time since last request: 0.000353 seconds.
  path: Assets/Models/Raw Conveyors/structure-doorway.fbx
  artifactKey: Guid(2c98c21e9123fdc46ae6348b8107d1f5) Importer(815301076,1909f56bfc062723c751e8b465ee728b)
Start importing Assets/Models/Raw Conveyors/structure-doorway.fbx using Guid(2c98c21e9123fdc46ae6348b8107d1f5) Importer(815301076,1909f56bfc062723c751e8b465ee728b)  -> (artifact id: '7b2d4003a3e26ba1228fa2191acec134') in 0.021985 seconds
Number of updated asset objects reloaded before import = 0
Number of asset objects unloaded after import = 8
========================================================================
Received Import Request.
  Time since last request: 0.000382 seconds.
  path: Assets/Models/Raw Conveyors/structure-yellow-medium.fbx
  artifactKey: Guid(04bf4e2673c72d94fa75867712c502cf) Importer(815301076,1909f56bfc062723c751e8b465ee728b)
Start importing Assets/Models/Raw Conveyors/structure-yellow-medium.fbx using Guid(04bf4e2673c72d94fa75867712c502cf) Importer(815301076,1909f56bfc062723c751e8b465ee728b)  -> (artifact id: 'd7b22d131153bf1d04ac15a311351861') in 0.020833 seconds
Number of updated asset objects reloaded before import = 0
Number of asset objects unloaded after import = 8
Editor requested this worker to shutdown with reason: Scaling down because of idle timeout
TcpMessagingSession - receive error: operation aborted. errorcode: 995, details: The I/O operation has been aborted because of either a thread exit or an application request.
AssetImportWorker is now disconnected from the server
Process exiting
Exiting without the bug reporter. Application will terminate with return code 0