Using pre-set license
Built from '2022.3/staging' branch; Version is '2022.3.13f1 (5f90a5ebde0f) revision 6262949'; Using compiler version '192829333'; Build Type 'Release'
OS: 'Windows 11  (10.0.22621) 64bit Core' Language: 'en' Physical Memory: 15603 MB
BatchMode: 1, IsHumanControllingUs: 0, StartBugReporterOnCrash: 0, Is64bit: 1, IsPro: 1

COMMAND LINE ARGUMENTS:
C:\Program Files\Unity\Hub\Editor\2022.3.13f1\Editor\Unity.exe
-adb2
-batchMode
-noUpm
-name
AssetImportWorker7
-projectPath
C:/Users/mikey/Downloads/Unity Projects/Processing-Haven/Processing Haven
-logFile
Logs/AssetImportWorker7.log
-srvPort
53127
Successfully changed project path to: C:/Users/mikey/Downloads/Unity Projects/Processing-Haven/Processing Haven
C:/Users/mikey/Downloads/Unity Projects/Processing-Haven/Processing Haven
[UnityMemory] Configuration Parameters - Can be set up in boot.config
    "memorysetup-bucket-allocator-granularity=16"
    "memorysetup-bucket-allocator-bucket-count=8"
    "memorysetup-bucket-allocator-block-size=33554432"
    "memorysetup-bucket-allocator-block-count=8"
    "memorysetup-main-allocator-block-size=16777216"
    "memorysetup-thread-allocator-block-size=16777216"
    "memorysetup-gfx-main-allocator-block-size=16777216"
    "memorysetup-gfx-thread-allocator-block-size=16777216"
    "memorysetup-cache-allocator-block-size=4194304"
    "memorysetup-typetree-allocator-block-size=2097152"
    "memorysetup-profiler-bucket-allocator-granularity=16"
    "memorysetup-profiler-bucket-allocator-bucket-count=8"
    "memorysetup-profiler-bucket-allocator-block-size=33554432"
    "memorysetup-profiler-bucket-allocator-block-count=8"
    "memorysetup-profiler-allocator-block-size=16777216"
    "memorysetup-profiler-editor-allocator-block-size=1048576"
    "memorysetup-temp-allocator-size-main=16777216"
    "memorysetup-job-temp-allocator-block-size=2097152"
    "memorysetup-job-temp-allocator-block-size-background=1048576"
    "memorysetup-job-temp-allocator-reduction-small-platforms=262144"
    "memorysetup-allocator-temp-initial-block-size-main=262144"
    "memorysetup-allocator-temp-initial-block-size-worker=262144"
    "memorysetup-temp-allocator-size-background-worker=32768"
    "memorysetup-temp-allocator-size-job-worker=262144"
    "memorysetup-temp-allocator-size-preload-manager=33554432"
    "memorysetup-temp-allocator-size-nav-mesh-worker=65536"
    "memorysetup-temp-allocator-size-audio-worker=65536"
    "memorysetup-temp-allocator-size-cloud-worker=32768"
    "memorysetup-temp-allocator-size-gi-baking-worker=262144"
    "memorysetup-temp-allocator-size-gfx=262144"
Player connection [64792] Host "[IP] 192.168.1.51 [Port] 0 [Flags] 2 [Guid] 2954244134 [EditorId] 2954244134 [Version] 1048832 [Id] WindowsEditor(7,MykullsLaptop) [Debug] 1 [PackageName] WindowsEditor [ProjectName] Editor" joined multi-casting on [225.0.0.222:54997]...

Player connection [64792] Host "[IP] 192.168.1.51 [Port] 0 [Flags] 2 [Guid] 2954244134 [EditorId] 2954244134 [Version] 1048832 [Id] WindowsEditor(7,MykullsLaptop) [Debug] 1 [PackageName] WindowsEditor [ProjectName] Editor" joined alternative multi-casting on [225.0.0.222:34997]...

[Physics::Module] Initialized MultithreadedJobDispatcher with 15 workers.
Refreshing native plugins compatible for Editor in 14.87 ms, found 3 plugins.
Preloading 0 native plugins for Editor in 0.00 ms.
Initialize engine version: 2022.3.13f1 (5f90a5ebde0f)
[Subsystems] Discovering subsystems at path C:/Program Files/Unity/Hub/Editor/2022.3.13f1/Editor/Data/Resources/UnitySubsystems
[Subsystems] Discovering subsystems at path C:/Users/mikey/Downloads/Unity Projects/Processing-Haven/Processing Haven/Assets
GfxDevice: creating device client; threaded=0; jobified=0
Direct3D:
    Version:  Direct3D 11.0 [level 11.1]
    Renderer: NVIDIA GeForce RTX 3050 Ti Laptop GPU (ID=0x25e0)
    Vendor:   NVIDIA
    VRAM:     3976 MB
    Driver:   31.0.15.3742
Initialize mono
Mono path[0] = 'C:/Program Files/Unity/Hub/Editor/2022.3.13f1/Editor/Data/Managed'
Mono path[1] = 'C:/Program Files/Unity/Hub/Editor/2022.3.13f1/Editor/Data/MonoBleedingEdge/lib/mono/unityjit-win32'
Mono config path = 'C:/Program Files/Unity/Hub/Editor/2022.3.13f1/Editor/Data/MonoBleedingEdge/etc'
Using monoOptions --debugger-agent=transport=dt_socket,embedding=1,server=y,suspend=n,address=127.0.0.1:56132
Begin MonoManager ReloadAssembly
Registering precompiled unity dll's ...
Register platform support module: C:/Program Files/Unity/Hub/Editor/2022.3.13f1/Editor/Data/PlaybackEngines/AndroidPlayer/UnityEditor.Android.Extensions.dll
Register platform support module: C:/Program Files/Unity/Hub/Editor/2022.3.13f1/Editor/Data/PlaybackEngines/iOSSupport/UnityEditor.iOS.Extensions.dll
Register platform support module: C:/Program Files/Unity/Hub/Editor/2022.3.13f1/Editor/Data/PlaybackEngines/WindowsStandaloneSupport/UnityEditor.WindowsStandalone.Extensions.dll
Register platform support module: C:/Program Files/Unity/Hub/Editor/2022.3.13f1/Editor/Data/PlaybackEngines/MetroSupport/UnityEditor.UWP.Extensions.dll
Registered in 0.012715 seconds.
- Loaded All Assemblies, in  0.478 seconds
Native extension for UWP target not found
Native extension for WindowsStandalone target not found
[usbmuxd] Start listen thread
[usbmuxd] Listen thread started
[usbmuxd] Send listen message
Native extension for iOS target not found
Native extension for Android target not found
Android Extension - Scanning For ADB Devices 375 ms
Mono: successfully reloaded assembly
- Finished resetting the current domain, in  0.720 seconds
Domain Reload Profiling: 1195ms
	BeginReloadAssembly (104ms)
		ExecutionOrderSort (0ms)
		DisableScriptedObjects (0ms)
		BackupInstance (0ms)
		ReleaseScriptingObjects (0ms)
		CreateAndSetChildDomain (1ms)
	RebuildCommonClasses (31ms)
	RebuildNativeTypeToScriptingClass (9ms)
	initialDomainReloadingComplete (74ms)
	LoadAllAssembliesAndSetupDomain (256ms)
		LoadAssemblies (105ms)
		RebuildTransferFunctionScriptingTraits (0ms)
		AnalyzeDomain (251ms)
			TypeCache.Refresh (249ms)
				TypeCache.ScanAssembly (230ms)
			ScanForSourceGeneratedMonoScriptInfo (1ms)
			ResolveRequiredComponents (1ms)
	FinalizeReload (721ms)
		ReleaseScriptCaches (0ms)
		RebuildScriptCaches (0ms)
		SetupLoadedEditorAssemblies (662ms)
			LogAssemblyErrors (0ms)
			InitializePlatformSupportModulesInManaged (518ms)
			SetLoadedEditorAssemblies (4ms)
			RefreshPlugins (0ms)
			BeforeProcessingInitializeOnLoad (2ms)
			ProcessInitializeOnLoadAttributes (92ms)
			ProcessInitializeOnLoadMethodAttributes (46ms)
			AfterProcessingInitializeOnLoad (0ms)
			EditorAssembliesLoaded (0ms)
		ExecutionOrderSort2 (0ms)
		AwakeInstancesAfterBackupRestoration (0ms)
========================================================================
Worker process is ready to serve import requests
Begin MonoManager ReloadAssembly
- Loaded All Assemblies, in  0.937 seconds
Refreshing native plugins compatible for Editor in 6.24 ms, found 3 plugins.
Native extension for UWP target not found
Native extension for WindowsStandalone target not found
Native extension for iOS target not found
Native extension for Android target not found
System.Exception: Error! Visual Scripting: couldn't find visual scripting package
  at Unity.VisualScripting.PackageVersionUtility.get_version () [0x00043] in .\Library\PackageCache\com.unity.visualscripting@1.9.1\Editor\VisualScripting.Core\Utilities\PackageVersionUtility.cs:31 
  at Unity.VisualScripting.BoltCoreManifest.get_version () [0x00000] in .\Library\PackageCache\com.unity.visualscripting@1.9.1\Editor\VisualScripting.Core\Plugin\BoltCoreManifest.cs:11 
  at Unity.VisualScripting.PluginManifest.get_currentVersion () [0x00000] in .\Library\PackageCache\com.unity.visualscripting@1.9.1\Editor\VisualScripting.Core\Plugins\PluginManifest.cs:33 
  at Unity.VisualScripting.PluginManifest.get_versionMismatch () [0x00000] in .\Library\PackageCache\com.unity.visualscripting@1.9.1\Editor\VisualScripting.Core\Plugins\PluginManifest.cs:48 
  at Unity.VisualScripting.PluginContainer.Initialize () [0x00525] in .\Library\PackageCache\com.unity.visualscripting@1.9.1\Editor\VisualScripting.Core\Plugins\PluginContainer.cs:208 
  at Unity.VisualScripting.PluginContainer.InitializeOnLoad () [0x00009] in .\Library\PackageCache\com.unity.visualscripting@1.9.1\Editor\VisualScripting.Core\Plugins\PluginContainer.cs:32 
  at Unity.VisualScripting.VSUsageUtility.DoInitializeOnLoadCalls () [0x00034] in .\Library\PackageCache\com.unity.visualscripting@1.9.1\Editor\VisualScripting.Core\Utilities\VSUsageUtility.cs:76 
  at Unity.VisualScripting.VSUsageUtility.set_isVisualScriptingUsed (System.Boolean value) [0x0002c] in .\Library\PackageCache\com.unity.visualscripting@1.9.1\Editor\VisualScripting.Core\Utilities\VSUsageUtility.cs:114 
  at Unity.VisualScripting.VSUsageUtility.CheckAndSetIsVisualScriptingUsed () [0x00032] in .\Library\PackageCache\com.unity.visualscripting@1.9.1\Editor\VisualScripting.Core\Utilities\VSUsageUtility.cs:48 
  at Unity.VisualScripting.VSUsageUtility..cctor () [0x00000] in .\Library\PackageCache\com.unity.visualscripting@1.9.1\Editor\VisualScripting.Core\Utilities\VSUsageUtility.cs:22 
UnityEngine.StackTraceUtility:ExtractStackTrace ()
UnityEngine.DebugLogHandler:LogFormat (UnityEngine.LogType,UnityEngine.Object,string,object[])
UnityEngine.Logger:Log (UnityEngine.LogType,object)
UnityEngine.Debug:LogError (object)
UnityEditor.EditorAssemblies:ProcessInitializeOnLoadAttributes (System.Type[])

Package Manager log level set to [2]
[Package Manager] Server::EnsureServerProcessIsRunning -- launch failed, reason: Unity was launched with the -noUpm command-line argument
[Package Manager] UpmClient::Send -- Unable to send message (not connected to UPM process).
[Package Manager] Cannot connect to Unity Package Manager local server
Mono: successfully reloaded assembly
- Finished resetting the current domain, in  0.998 seconds
Domain Reload Profiling: 1930ms
	BeginReloadAssembly (192ms)
		ExecutionOrderSort (0ms)
		DisableScriptedObjects (7ms)
		BackupInstance (0ms)
		ReleaseScriptingObjects (0ms)
		CreateAndSetChildDomain (29ms)
	RebuildCommonClasses (45ms)
	RebuildNativeTypeToScriptingClass (13ms)
	initialDomainReloadingComplete (48ms)
	LoadAllAssembliesAndSetupDomain (635ms)
		LoadAssemblies (481ms)
		RebuildTransferFunctionScriptingTraits (0ms)
		AnalyzeDomain (269ms)
			TypeCache.Refresh (245ms)
				TypeCache.ScanAssembly (221ms)
			ScanForSourceGeneratedMonoScriptInfo (17ms)
			ResolveRequiredComponents (4ms)
	FinalizeReload (998ms)
		ReleaseScriptCaches (0ms)
		RebuildScriptCaches (0ms)
		SetupLoadedEditorAssemblies (806ms)
			LogAssemblyErrors (0ms)
			InitializePlatformSupportModulesInManaged (40ms)
			SetLoadedEditorAssemblies (4ms)
			RefreshPlugins (0ms)
			BeforeProcessingInitializeOnLoad (60ms)
			ProcessInitializeOnLoadAttributes (674ms)
			ProcessInitializeOnLoadMethodAttributes (20ms)
			AfterProcessingInitializeOnLoad (8ms)
			EditorAssembliesLoaded (0ms)
		ExecutionOrderSort2 (0ms)
		AwakeInstancesAfterBackupRestoration (7ms)
Launched and connected shader compiler UnityShaderCompiler.exe after 0.08 seconds
Refreshing native plugins compatible for Editor in 5.46 ms, found 3 plugins.
Preloading 0 native plugins for Editor in 0.00 ms.
Unloading 3086 Unused Serialized files (Serialized files now loaded: 0)
Unloading 32 unused Assets / (56.7 KB). Loaded Objects now: 3551.
Memory consumption went from 127.7 MB to 127.7 MB.
Total: 16.571900 ms (FindLiveObjects: 0.425800 ms CreateObjectMapping: 0.227900 ms MarkObjects: 15.756800 ms  DeleteObjects: 0.159600 ms)

AssetImportParameters requested are different than current active one (requested -> active):
  custom:container-demuxer-ogg: 62fdf1f143b41e24485cea50d1cbac27 -> 
  custom:video-codec-MediaFoundation-h265: 746d11721c4dcdbdad8f713fa42b33f4 -> 
  custom:video-decoder-ogg-theora: a1e56fd34408186e4bbccfd4996cb3dc -> 
  custom:framework-win-MediaFoundation: 216162199b28c13a410421893ffa2e32 -> 
  custom:CustomObjectIndexerAttribute: 756ad292c208cfabdd7b50bc23989ffe -> 
  custom:container-demuxer-webm: 4f35f7cbe854078d1ac9338744f61a02 -> 
  custom:container-muxer-webm: aa71ff27fc2769a1b78a27578f13a17b -> 
  custom:video-decoder-webm-vp8: 9c59270c3fd7afecdb556c50c9e8de78 -> 
  custom:SearchIndexIgnoredProperties: e643bd26f0fe6173181afceb89e7c659 -> 
  custom:AudioImporter_EditorPlatform: d09bf68614088b80899f8185d706f6e7 -> 
  custom:video-encoder-webm-vp8: eb34c28f22e8b96e1ab97ce403110664 -> 
  custom:audio-decoder-ogg-vorbis: bf7c407c2cedff20999df2af8eb42d56 -> 
  custom:audio-encoder-webm-vorbis: bf7c407c2cedff20999df2af8eb42d56 -> 
========================================================================
Received Import Request.
  Time since last request: 1118344.427929 seconds.
  path: Assets/Models/Raw Conveyors/arrow.fbx
  artifactKey: Guid(7e4dc4d3f033eba48bceca81f5f20195) Importer(815301076,1909f56bfc062723c751e8b465ee728b)
Start importing Assets/Models/Raw Conveyors/arrow.fbx using Guid(7e4dc4d3f033eba48bceca81f5f20195) Importer(815301076,1909f56bfc062723c751e8b465ee728b)  -> (artifact id: 'd4ebdcb8ab2aee502e774e5ba45319b8') in 0.193623 seconds
Number of updated asset objects reloaded before import = 0
Number of asset objects unloaded after import = 9
========================================================================
Received Import Request.
  Time since last request: 0.000076 seconds.
  path: Assets/Models/Raw Conveyors/door-wide-half.fbx
  artifactKey: Guid(970ea59749828b746a7376e713d82833) Importer(815301076,1909f56bfc062723c751e8b465ee728b)
Start importing Assets/Models/Raw Conveyors/door-wide-half.fbx using Guid(970ea59749828b746a7376e713d82833) Importer(815301076,1909f56bfc062723c751e8b465ee728b)  -> (artifact id: 'b2c3032f04e68678db84e58ddf1d2d84') in 0.037644 seconds
Number of updated asset objects reloaded before import = 0
Number of asset objects unloaded after import = 9
========================================================================
Received Import Request.
  Time since last request: 0.000222 seconds.
  path: Assets/Models/Raw Conveyors/floor.fbx
  artifactKey: Guid(a9d4d29e7427e6c4da67334620b12494) Importer(815301076,1909f56bfc062723c751e8b465ee728b)
Start importing Assets/Models/Raw Conveyors/floor.fbx using Guid(a9d4d29e7427e6c4da67334620b12494) Importer(815301076,1909f56bfc062723c751e8b465ee728b)  -> (artifact id: 'f1c11d46609587dc9ba8d8788274a60c') in 0.022577 seconds
Number of updated asset objects reloaded before import = 0
Number of asset objects unloaded after import = 9
========================================================================
Received Import Request.
  Time since last request: 0.000172 seconds.
  path: Assets/Models/Raw Conveyors/cover-stripe-window.fbx
  artifactKey: Guid(d427944340506a34f86059c0af34c267) Importer(815301076,1909f56bfc062723c751e8b465ee728b)
Start importing Assets/Models/Raw Conveyors/cover-stripe-window.fbx using Guid(d427944340506a34f86059c0af34c267) Importer(815301076,1909f56bfc062723c751e8b465ee728b)  -> (artifact id: '93f82913e0152545e475e5a36636481e') in 0.019908 seconds
Number of updated asset objects reloaded before import = 0
Number of asset objects unloaded after import = 9
========================================================================
Received Import Request.
  Time since last request: 0.000342 seconds.
  path: Assets/Models/Raw Conveyors/box-small.fbx
  artifactKey: Guid(a7da24c3cbbed5f4b99e30b9c2269722) Importer(815301076,1909f56bfc062723c751e8b465ee728b)
Start importing Assets/Models/Raw Conveyors/box-small.fbx using Guid(a7da24c3cbbed5f4b99e30b9c2269722) Importer(815301076,1909f56bfc062723c751e8b465ee728b)  -> (artifact id: 'd90785bad9611a2394edeeeb0d25f6d5') in 0.019594 seconds
Number of updated asset objects reloaded before import = 0
Number of asset objects unloaded after import = 9
========================================================================
Received Import Request.
  Time since last request: 0.000223 seconds.
  path: Assets/Models/Raw Conveyors/cover-stripe.fbx
  artifactKey: Guid(b628c5cc930d8b74a8c87da5cddf79a3) Importer(815301076,1909f56bfc062723c751e8b465ee728b)
Start importing Assets/Models/Raw Conveyors/cover-stripe.fbx using Guid(b628c5cc930d8b74a8c87da5cddf79a3) Importer(815301076,1909f56bfc062723c751e8b465ee728b)  -> (artifact id: 'ef0bbbe2bc2c995ed5677d213752bcb9') in 0.017796 seconds
Number of updated asset objects reloaded before import = 0
Number of asset objects unloaded after import = 9
========================================================================
Received Import Request.
  Time since last request: 0.000256 seconds.
  path: Assets/Models/Raw Conveyors/conveyor.fbx
  artifactKey: Guid(046b740d942998a4c99dc62612506379) Importer(815301076,1909f56bfc062723c751e8b465ee728b)
Start importing Assets/Models/Raw Conveyors/conveyor.fbx using Guid(046b740d942998a4c99dc62612506379) Importer(815301076,1909f56bfc062723c751e8b465ee728b)  -> (artifact id: '0a5513058c7b78794be4faad9e96fed3') in 0.018120 seconds
Number of updated asset objects reloaded before import = 0
Number of asset objects unloaded after import = 9
========================================================================
Received Import Request.
  Time since last request: 0.000226 seconds.
  path: Assets/Models/Raw Conveyors/conveyor-sides.fbx
  artifactKey: Guid(6261f7daabdcd1742a0ce0e0dba759e1) Importer(815301076,1909f56bfc062723c751e8b465ee728b)
Start importing Assets/Models/Raw Conveyors/conveyor-sides.fbx using Guid(6261f7daabdcd1742a0ce0e0dba759e1) Importer(815301076,1909f56bfc062723c751e8b465ee728b)  -> (artifact id: '1c18dfb945aaac13b5b97b5963c4bb2e') in 0.031290 seconds
Number of updated asset objects reloaded before import = 0
Number of asset objects unloaded after import = 16
========================================================================
Received Import Request.
  Time since last request: 0.000282 seconds.
  path: Assets/Models/Raw Conveyors/conveyor-bars-stripe.fbx
  artifactKey: Guid(597542a101358c943a87f7dd91146e62) Importer(815301076,1909f56bfc062723c751e8b465ee728b)
Start importing Assets/Models/Raw Conveyors/conveyor-bars-stripe.fbx using Guid(597542a101358c943a87f7dd91146e62) Importer(815301076,1909f56bfc062723c751e8b465ee728b)  -> (artifact id: '49e8569e91bd50c8941268682965d1db') in 0.018708 seconds
Number of updated asset objects reloaded before import = 0
Number of asset objects unloaded after import = 9
========================================================================
Received Import Request.
  Time since last request: 0.000027 seconds.
  path: Assets/Models/Raw Conveyors/cover-stripe-bar.fbx
  artifactKey: Guid(86b420fdc8f399d4299e1a14b554a735) Importer(815301076,1909f56bfc062723c751e8b465ee728b)
Start importing Assets/Models/Raw Conveyors/cover-stripe-bar.fbx using Guid(86b420fdc8f399d4299e1a14b554a735) Importer(815301076,1909f56bfc062723c751e8b465ee728b)  -> (artifact id: '9818f72fc24d9a0bd242414b675f79fc') in 0.019656 seconds
Number of updated asset objects reloaded before import = 0
Number of asset objects unloaded after import = 9
========================================================================
Received Import Request.
  Time since last request: 0.000156 seconds.
  path: Assets/Models/Raw Conveyors/cover-stripe-top.fbx
  artifactKey: Guid(1fd4e431be868d448aec635b4803e7bc) Importer(815301076,1909f56bfc062723c751e8b465ee728b)
Start importing Assets/Models/Raw Conveyors/cover-stripe-top.fbx using Guid(1fd4e431be868d448aec635b4803e7bc) Importer(815301076,1909f56bfc062723c751e8b465ee728b)  -> (artifact id: 'ab39cd0c7ae6bd9171ab87c57a433755') in 0.020192 seconds
Number of updated asset objects reloaded before import = 0
Number of asset objects unloaded after import = 9
========================================================================
Received Import Request.
  Time since last request: 0.000343 seconds.
  path: Assets/Models/Raw Conveyors/conveyor-long-sides.fbx
  artifactKey: Guid(440d7725b46b94848918e000bcc35ab8) Importer(815301076,1909f56bfc062723c751e8b465ee728b)
Start importing Assets/Models/Raw Conveyors/conveyor-long-sides.fbx using Guid(440d7725b46b94848918e000bcc35ab8) Importer(815301076,1909f56bfc062723c751e8b465ee728b)  -> (artifact id: '55125cc9d487b3831c7cfca059412d9d') in 0.033814 seconds
Number of updated asset objects reloaded before import = 0
Number of asset objects unloaded after import = 16
========================================================================
Received Import Request.
  Time since last request: 0.000232 seconds.
  path: Assets/Models/Raw Conveyors/conveyor-bars-fence.fbx
  artifactKey: Guid(83ccd9d0b776d4c40b36afe23815a13f) Importer(815301076,1909f56bfc062723c751e8b465ee728b)
Start importing Assets/Models/Raw Conveyors/conveyor-bars-fence.fbx using Guid(83ccd9d0b776d4c40b36afe23815a13f) Importer(815301076,1909f56bfc062723c751e8b465ee728b)  -> (artifact id: '39543b93847665d8527edafbf3ba1441') in 0.045709 seconds
Number of updated asset objects reloaded before import = 0
Number of asset objects unloaded after import = 21
========================================================================
Received Import Request.
  Time since last request: 0.000210 seconds.
  path: Assets/Models/Raw Conveyors/cover.fbx
  artifactKey: Guid(13f9a97a18237f14bb8e704aa7ec7a22) Importer(815301076,1909f56bfc062723c751e8b465ee728b)
Start importing Assets/Models/Raw Conveyors/cover.fbx using Guid(13f9a97a18237f14bb8e704aa7ec7a22) Importer(815301076,1909f56bfc062723c751e8b465ee728b)  -> (artifact id: '2689d97560610484e9f5911d65df9a4f') in 0.018722 seconds
Number of updated asset objects reloaded before import = 0
Number of asset objects unloaded after import = 9
========================================================================
Received Import Request.
  Time since last request: 0.000074 seconds.
  path: Assets/Models/Raw Conveyors/cover-stripe-hopper.fbx
  artifactKey: Guid(be1190838dbf27a41926664b4a972974) Importer(815301076,1909f56bfc062723c751e8b465ee728b)
Start importing Assets/Models/Raw Conveyors/cover-stripe-hopper.fbx using Guid(be1190838dbf27a41926664b4a972974) Importer(815301076,1909f56bfc062723c751e8b465ee728b)  -> (artifact id: 'f5d2360d20f9331366e33e7583de9a45') in 0.019727 seconds
Number of updated asset objects reloaded before import = 0
Number of asset objects unloaded after import = 9
========================================================================
Received Import Request.
  Time since last request: 0.000242 seconds.
  path: Assets/Models/Raw Conveyors/conveyor-stripe-sides.fbx
  artifactKey: Guid(3490cedf1e759234cbb0141d95d571d5) Importer(815301076,1909f56bfc062723c751e8b465ee728b)
Start importing Assets/Models/Raw Conveyors/conveyor-stripe-sides.fbx using Guid(3490cedf1e759234cbb0141d95d571d5) Importer(815301076,1909f56bfc062723c751e8b465ee728b)  -> (artifact id: '97450c5beb2f9380ab60396479f76f63') in 0.032049 seconds
Number of updated asset objects reloaded before import = 0
Number of asset objects unloaded after import = 16
========================================================================
Received Import Request.
  Time since last request: 0.000138 seconds.
  path: Assets/Models/Raw Conveyors/cover-bar.fbx
  artifactKey: Guid(d8a8a3a0fffc3c54cb07829e3658aeb9) Importer(815301076,1909f56bfc062723c751e8b465ee728b)
Start importing Assets/Models/Raw Conveyors/cover-bar.fbx using Guid(d8a8a3a0fffc3c54cb07829e3658aeb9) Importer(815301076,1909f56bfc062723c751e8b465ee728b)  -> (artifact id: '8cbc2c4233d01f57a4706abfc1a01431') in 0.018963 seconds
Number of updated asset objects reloaded before import = 0
Number of asset objects unloaded after import = 9
========================================================================
Received Import Request.
  Time since last request: 0.000225 seconds.
  path: Assets/Models/Raw Conveyors/cover-stripe-corner.fbx
  artifactKey: Guid(3e2a0886d2e32ff4c95c118598d10386) Importer(815301076,1909f56bfc062723c751e8b465ee728b)
Start importing Assets/Models/Raw Conveyors/cover-stripe-corner.fbx using Guid(3e2a0886d2e32ff4c95c118598d10386) Importer(815301076,1909f56bfc062723c751e8b465ee728b)  -> (artifact id: '65999e2f098bb803b62c4eb1192b3d1b') in 0.020456 seconds
Number of updated asset objects reloaded before import = 0
Number of asset objects unloaded after import = 9
Editor requested this worker to shutdown with reason: Scaling down because of idle timeout
TcpMessagingSession - receive error: operation aborted. errorcode: 995, details: The I/O operation has been aborted because of either a thread exit or an application request.
AssetImportWorker is now disconnected from the server
Process exiting
Exiting without the bug reporter. Application will terminate with return code 0