Using pre-set license
Built from '2022.3/staging' branch; Version is '2022.3.13f1 (5f90a5ebde0f) revision 6262949'; Using compiler version '192829333'; Build Type 'Release'
OS: 'Windows 11  (10.0.22621) 64bit Core' Language: 'en' Physical Memory: 15603 MB
BatchMode: 1, IsHumanControllingUs: 0, StartBugReporterOnCrash: 0, Is64bit: 1, IsPro: 1

COMMAND LINE ARGUMENTS:
C:\Program Files\Unity\Hub\Editor\2022.3.13f1\Editor\Unity.exe
-adb2
-batchMode
-noUpm
-name
AssetImportWorker1
-projectPath
C:/Users/mikey/Downloads/Unity Projects/Processing-Haven/Processing Haven
-logFile
Logs/AssetImportWorker1.log
-srvPort
53127
Successfully changed project path to: C:/Users/mikey/Downloads/Unity Projects/Processing-Haven/Processing Haven
C:/Users/mikey/Downloads/Unity Projects/Processing-Haven/Processing Haven
[UnityMemory] Configuration Parameters - Can be set up in boot.config
    "memorysetup-bucket-allocator-granularity=16"
    "memorysetup-bucket-allocator-bucket-count=8"
    "memorysetup-bucket-allocator-block-size=33554432"
    "memorysetup-bucket-allocator-block-count=8"
    "memorysetup-main-allocator-block-size=16777216"
    "memorysetup-thread-allocator-block-size=16777216"
    "memorysetup-gfx-main-allocator-block-size=16777216"
    "memorysetup-gfx-thread-allocator-block-size=16777216"
    "memorysetup-cache-allocator-block-size=4194304"
    "memorysetup-typetree-allocator-block-size=2097152"
    "memorysetup-profiler-bucket-allocator-granularity=16"
    "memorysetup-profiler-bucket-allocator-bucket-count=8"
    "memorysetup-profiler-bucket-allocator-block-size=33554432"
    "memorysetup-profiler-bucket-allocator-block-count=8"
    "memorysetup-profiler-allocator-block-size=16777216"
    "memorysetup-profiler-editor-allocator-block-size=1048576"
    "memorysetup-temp-allocator-size-main=16777216"
    "memorysetup-job-temp-allocator-block-size=2097152"
    "memorysetup-job-temp-allocator-block-size-background=1048576"
    "memorysetup-job-temp-allocator-reduction-small-platforms=262144"
    "memorysetup-allocator-temp-initial-block-size-main=262144"
    "memorysetup-allocator-temp-initial-block-size-worker=262144"
    "memorysetup-temp-allocator-size-background-worker=32768"
    "memorysetup-temp-allocator-size-job-worker=262144"
    "memorysetup-temp-allocator-size-preload-manager=33554432"
    "memorysetup-temp-allocator-size-nav-mesh-worker=65536"
    "memorysetup-temp-allocator-size-audio-worker=65536"
    "memorysetup-temp-allocator-size-cloud-worker=32768"
    "memorysetup-temp-allocator-size-gi-baking-worker=262144"
    "memorysetup-temp-allocator-size-gfx=262144"
Player connection [62112] Host "[IP] 192.168.1.51 [Port] 0 [Flags] 2 [Guid] 1480253273 [EditorId] 1480253273 [Version] 1048832 [Id] WindowsEditor(7,MykullsLaptop) [Debug] 1 [PackageName] WindowsEditor [ProjectName] Editor" joined multi-casting on [225.0.0.222:54997]...

Player connection [62112] Host "[IP] 192.168.1.51 [Port] 0 [Flags] 2 [Guid] 1480253273 [EditorId] 1480253273 [Version] 1048832 [Id] WindowsEditor(7,MykullsLaptop) [Debug] 1 [PackageName] WindowsEditor [ProjectName] Editor" joined alternative multi-casting on [225.0.0.222:34997]...

[Physics::Module] Initialized MultithreadedJobDispatcher with 15 workers.
Refreshing native plugins compatible for Editor in 15.73 ms, found 3 plugins.
Preloading 0 native plugins for Editor in 0.00 ms.
Initialize engine version: 2022.3.13f1 (5f90a5ebde0f)
[Subsystems] Discovering subsystems at path C:/Program Files/Unity/Hub/Editor/2022.3.13f1/Editor/Data/Resources/UnitySubsystems
[Subsystems] Discovering subsystems at path C:/Users/mikey/Downloads/Unity Projects/Processing-Haven/Processing Haven/Assets
GfxDevice: creating device client; threaded=0; jobified=0
Direct3D:
    Version:  Direct3D 11.0 [level 11.1]
    Renderer: NVIDIA GeForce RTX 3050 Ti Laptop GPU (ID=0x25e0)
    Vendor:   NVIDIA
    VRAM:     3976 MB
    Driver:   31.0.15.3742
Initialize mono
Mono path[0] = 'C:/Program Files/Unity/Hub/Editor/2022.3.13f1/Editor/Data/Managed'
Mono path[1] = 'C:/Program Files/Unity/Hub/Editor/2022.3.13f1/Editor/Data/MonoBleedingEdge/lib/mono/unityjit-win32'
Mono config path = 'C:/Program Files/Unity/Hub/Editor/2022.3.13f1/Editor/Data/MonoBleedingEdge/etc'
Using monoOptions --debugger-agent=transport=dt_socket,embedding=1,server=y,suspend=n,address=127.0.0.1:56012
Begin MonoManager ReloadAssembly
Registering precompiled unity dll's ...
Register platform support module: C:/Program Files/Unity/Hub/Editor/2022.3.13f1/Editor/Data/PlaybackEngines/AndroidPlayer/UnityEditor.Android.Extensions.dll
Register platform support module: C:/Program Files/Unity/Hub/Editor/2022.3.13f1/Editor/Data/PlaybackEngines/iOSSupport/UnityEditor.iOS.Extensions.dll
Register platform support module: C:/Program Files/Unity/Hub/Editor/2022.3.13f1/Editor/Data/PlaybackEngines/WindowsStandaloneSupport/UnityEditor.WindowsStandalone.Extensions.dll
Register platform support module: C:/Program Files/Unity/Hub/Editor/2022.3.13f1/Editor/Data/PlaybackEngines/MetroSupport/UnityEditor.UWP.Extensions.dll
Registered in 0.014985 seconds.
- Loaded All Assemblies, in  0.663 seconds
Native extension for UWP target not found
Native extension for WindowsStandalone target not found
[usbmuxd] Start listen thread
[usbmuxd] Listen thread started
[usbmuxd] Send listen message
Native extension for iOS target not found
Native extension for Android target not found
Android Extension - Scanning For ADB Devices 692 ms
Mono: successfully reloaded assembly
- Finished resetting the current domain, in  1.251 seconds
Domain Reload Profiling: 1912ms
	BeginReloadAssembly (204ms)
		ExecutionOrderSort (0ms)
		DisableScriptedObjects (0ms)
		BackupInstance (0ms)
		ReleaseScriptingObjects (0ms)
		CreateAndSetChildDomain (1ms)
	RebuildCommonClasses (58ms)
	RebuildNativeTypeToScriptingClass (11ms)
	initialDomainReloadingComplete (89ms)
	LoadAllAssembliesAndSetupDomain (298ms)
		LoadAssemblies (205ms)
		RebuildTransferFunctionScriptingTraits (0ms)
		AnalyzeDomain (290ms)
			TypeCache.Refresh (288ms)
				TypeCache.ScanAssembly (265ms)
			ScanForSourceGeneratedMonoScriptInfo (1ms)
			ResolveRequiredComponents (1ms)
	FinalizeReload (1251ms)
		ReleaseScriptCaches (0ms)
		RebuildScriptCaches (0ms)
		SetupLoadedEditorAssemblies (1156ms)
			LogAssemblyErrors (0ms)
			InitializePlatformSupportModulesInManaged (906ms)
			SetLoadedEditorAssemblies (5ms)
			RefreshPlugins (0ms)
			BeforeProcessingInitializeOnLoad (3ms)
			ProcessInitializeOnLoadAttributes (164ms)
			ProcessInitializeOnLoadMethodAttributes (78ms)
			AfterProcessingInitializeOnLoad (0ms)
			EditorAssembliesLoaded (0ms)
		ExecutionOrderSort2 (0ms)
		AwakeInstancesAfterBackupRestoration (0ms)
========================================================================
Worker process is ready to serve import requests
Begin MonoManager ReloadAssembly
- Loaded All Assemblies, in  0.929 seconds
Refreshing native plugins compatible for Editor in 5.23 ms, found 3 plugins.
Native extension for UWP target not found
Native extension for WindowsStandalone target not found
Native extension for iOS target not found
Native extension for Android target not found
System.Exception: Error! Visual Scripting: couldn't find visual scripting package
  at Unity.VisualScripting.PackageVersionUtility.get_version () [0x00043] in .\Library\PackageCache\com.unity.visualscripting@1.9.1\Editor\VisualScripting.Core\Utilities\PackageVersionUtility.cs:31 
  at Unity.VisualScripting.BoltCoreManifest.get_version () [0x00000] in .\Library\PackageCache\com.unity.visualscripting@1.9.1\Editor\VisualScripting.Core\Plugin\BoltCoreManifest.cs:11 
  at Unity.VisualScripting.PluginManifest.get_currentVersion () [0x00000] in .\Library\PackageCache\com.unity.visualscripting@1.9.1\Editor\VisualScripting.Core\Plugins\PluginManifest.cs:33 
  at Unity.VisualScripting.PluginManifest.get_versionMismatch () [0x00000] in .\Library\PackageCache\com.unity.visualscripting@1.9.1\Editor\VisualScripting.Core\Plugins\PluginManifest.cs:48 
  at Unity.VisualScripting.PluginContainer.Initialize () [0x00525] in .\Library\PackageCache\com.unity.visualscripting@1.9.1\Editor\VisualScripting.Core\Plugins\PluginContainer.cs:208 
  at Unity.VisualScripting.PluginContainer.InitializeOnLoad () [0x00009] in .\Library\PackageCache\com.unity.visualscripting@1.9.1\Editor\VisualScripting.Core\Plugins\PluginContainer.cs:32 
  at Unity.VisualScripting.VSUsageUtility.DoInitializeOnLoadCalls () [0x00034] in .\Library\PackageCache\com.unity.visualscripting@1.9.1\Editor\VisualScripting.Core\Utilities\VSUsageUtility.cs:76 
  at Unity.VisualScripting.VSUsageUtility.set_isVisualScriptingUsed (System.Boolean value) [0x0002c] in .\Library\PackageCache\com.unity.visualscripting@1.9.1\Editor\VisualScripting.Core\Utilities\VSUsageUtility.cs:114 
  at Unity.VisualScripting.VSUsageUtility.CheckAndSetIsVisualScriptingUsed () [0x00032] in .\Library\PackageCache\com.unity.visualscripting@1.9.1\Editor\VisualScripting.Core\Utilities\VSUsageUtility.cs:48 
  at Unity.VisualScripting.VSUsageUtility..cctor () [0x00000] in .\Library\PackageCache\com.unity.visualscripting@1.9.1\Editor\VisualScripting.Core\Utilities\VSUsageUtility.cs:22 
UnityEngine.StackTraceUtility:ExtractStackTrace ()
UnityEngine.DebugLogHandler:LogFormat (UnityEngine.LogType,UnityEngine.Object,string,object[])
UnityEngine.Logger:Log (UnityEngine.LogType,object)
UnityEngine.Debug:LogError (object)
UnityEditor.EditorAssemblies:ProcessInitializeOnLoadAttributes (System.Type[])

Package Manager log level set to [2]
[Package Manager] Server::EnsureServerProcessIsRunning -- launch failed, reason: Unity was launched with the -noUpm command-line argument
[Package Manager] UpmClient::Send -- Unable to send message (not connected to UPM process).
[Package Manager] Cannot connect to Unity Package Manager local server
Mono: successfully reloaded assembly
- Finished resetting the current domain, in  1.328 seconds
Domain Reload Profiling: 2253ms
	BeginReloadAssembly (214ms)
		ExecutionOrderSort (0ms)
		DisableScriptedObjects (9ms)
		BackupInstance (0ms)
		ReleaseScriptingObjects (0ms)
		CreateAndSetChildDomain (42ms)
	RebuildCommonClasses (48ms)
	RebuildNativeTypeToScriptingClass (12ms)
	initialDomainReloadingComplete (52ms)
	LoadAllAssembliesAndSetupDomain (599ms)
		LoadAssemblies (444ms)
		RebuildTransferFunctionScriptingTraits (0ms)
		AnalyzeDomain (275ms)
			TypeCache.Refresh (250ms)
				TypeCache.ScanAssembly (229ms)
			ScanForSourceGeneratedMonoScriptInfo (17ms)
			ResolveRequiredComponents (5ms)
	FinalizeReload (1329ms)
		ReleaseScriptCaches (0ms)
		RebuildScriptCaches (0ms)
		SetupLoadedEditorAssemblies (1107ms)
			LogAssemblyErrors (0ms)
			InitializePlatformSupportModulesInManaged (67ms)
			SetLoadedEditorAssemblies (4ms)
			RefreshPlugins (0ms)
			BeforeProcessingInitializeOnLoad (84ms)
			ProcessInitializeOnLoadAttributes (920ms)
			ProcessInitializeOnLoadMethodAttributes (23ms)
			AfterProcessingInitializeOnLoad (8ms)
			EditorAssembliesLoaded (0ms)
		ExecutionOrderSort2 (0ms)
		AwakeInstancesAfterBackupRestoration (8ms)
Launched and connected shader compiler UnityShaderCompiler.exe after 0.13 seconds
Refreshing native plugins compatible for Editor in 6.73 ms, found 3 plugins.
Preloading 0 native plugins for Editor in 0.00 ms.
Unloading 3086 Unused Serialized files (Serialized files now loaded: 0)
Unloading 32 unused Assets / (56.7 KB). Loaded Objects now: 3551.
Memory consumption went from 127.7 MB to 127.7 MB.
Total: 19.699800 ms (FindLiveObjects: 0.501600 ms CreateObjectMapping: 0.220300 ms MarkObjects: 18.756700 ms  DeleteObjects: 0.219200 ms)

AssetImportParameters requested are different than current active one (requested -> active):
  custom:container-demuxer-ogg: 62fdf1f143b41e24485cea50d1cbac27 -> 
  custom:video-codec-MediaFoundation-h265: 746d11721c4dcdbdad8f713fa42b33f4 -> 
  custom:video-decoder-ogg-theora: a1e56fd34408186e4bbccfd4996cb3dc -> 
  custom:framework-win-MediaFoundation: 216162199b28c13a410421893ffa2e32 -> 
  custom:CustomObjectIndexerAttribute: 756ad292c208cfabdd7b50bc23989ffe -> 
  custom:container-demuxer-webm: 4f35f7cbe854078d1ac9338744f61a02 -> 
  custom:container-muxer-webm: aa71ff27fc2769a1b78a27578f13a17b -> 
  custom:video-decoder-webm-vp8: 9c59270c3fd7afecdb556c50c9e8de78 -> 
  custom:SearchIndexIgnoredProperties: e643bd26f0fe6173181afceb89e7c659 -> 
  custom:AudioImporter_EditorPlatform: d09bf68614088b80899f8185d706f6e7 -> 
  custom:video-encoder-webm-vp8: eb34c28f22e8b96e1ab97ce403110664 -> 
  custom:audio-decoder-ogg-vorbis: bf7c407c2cedff20999df2af8eb42d56 -> 
  custom:audio-encoder-webm-vorbis: bf7c407c2cedff20999df2af8eb42d56 -> 
========================================================================
Received Import Request.
  Time since last request: 1117306.165962 seconds.
  path: Assets/Models/Conveyors/box-wide.fbx
  artifactKey: Guid(864e146b7c821bd469c24cac71151c32) Importer(815301076,1909f56bfc062723c751e8b465ee728b)
Start importing Assets/Models/Conveyors/box-wide.fbx using Guid(864e146b7c821bd469c24cac71151c32) Importer(815301076,1909f56bfc062723c751e8b465ee728b)  -> (artifact id: '6c6181bb10a84c4b36b31b882afea047') in 0.178144 seconds
Number of updated asset objects reloaded before import = 0
Number of asset objects unloaded after import = 8
========================================================================
Received Import Request.
  Time since last request: 0.000036 seconds.
  path: Assets/Models/Conveyors/floor.fbx
  artifactKey: Guid(a9d4d29e7427e6c4da67334620b12494) Importer(815301076,1909f56bfc062723c751e8b465ee728b)
Start importing Assets/Models/Conveyors/floor.fbx using Guid(a9d4d29e7427e6c4da67334620b12494) Importer(815301076,1909f56bfc062723c751e8b465ee728b)  -> (artifact id: '9905b03628d9d2e80104d1a48302b29c') in 0.027293 seconds
Number of updated asset objects reloaded before import = 0
Number of asset objects unloaded after import = 8
========================================================================
Received Import Request.
  Time since last request: 0.000240 seconds.
  path: Assets/Models/Conveyors/cover-stripe-window.fbx
  artifactKey: Guid(d427944340506a34f86059c0af34c267) Importer(815301076,1909f56bfc062723c751e8b465ee728b)
Start importing Assets/Models/Conveyors/cover-stripe-window.fbx using Guid(d427944340506a34f86059c0af34c267) Importer(815301076,1909f56bfc062723c751e8b465ee728b)  -> (artifact id: 'f98ec787fe563beda0979f85a59560e7') in 0.026895 seconds
Number of updated asset objects reloaded before import = 0
Number of asset objects unloaded after import = 8
========================================================================
Received Import Request.
  Time since last request: 0.000486 seconds.
  path: Assets/Models/Conveyors/cover-corner.fbx
  artifactKey: Guid(5d53d23a7fbc58d4f82f502aef41d163) Importer(815301076,1909f56bfc062723c751e8b465ee728b)
Start importing Assets/Models/Conveyors/cover-corner.fbx using Guid(5d53d23a7fbc58d4f82f502aef41d163) Importer(815301076,1909f56bfc062723c751e8b465ee728b)  -> (artifact id: '1da471203fa5ab0c0ca5f01c2572da55') in 0.028099 seconds
Number of updated asset objects reloaded before import = 0
Number of asset objects unloaded after import = 8
========================================================================
Received Import Request.
  Time since last request: 0.000042 seconds.
  path: Assets/Models/Conveyors/cover-hopper.fbx
  artifactKey: Guid(982fdd5b3558ba6479af79261f69f228) Importer(815301076,1909f56bfc062723c751e8b465ee728b)
Start importing Assets/Models/Conveyors/cover-hopper.fbx using Guid(982fdd5b3558ba6479af79261f69f228) Importer(815301076,1909f56bfc062723c751e8b465ee728b)  -> (artifact id: '0d1ba56e3253c93879114398b8db4a04') in 0.025339 seconds
Number of updated asset objects reloaded before import = 0
Number of asset objects unloaded after import = 8
========================================================================
Received Import Request.
  Time since last request: 0.000351 seconds.
  path: Assets/Models/Conveyors/conveyor-bars.fbx
  artifactKey: Guid(fc541d184e3bbb349b4f889ba271d97b) Importer(815301076,1909f56bfc062723c751e8b465ee728b)
Start importing Assets/Models/Conveyors/conveyor-bars.fbx using Guid(fc541d184e3bbb349b4f889ba271d97b) Importer(815301076,1909f56bfc062723c751e8b465ee728b)  -> (artifact id: '0ef075d89f592a8eddb814b11ca07aad') in 0.024210 seconds
Number of updated asset objects reloaded before import = 0
Number of asset objects unloaded after import = 8
========================================================================
Received Import Request.
  Time since last request: 0.000162 seconds.
  path: Assets/Models/Conveyors/conveyor-bars-stripe-high.fbx
  artifactKey: Guid(caa97b55e3fedd649937fb0eaf21555d) Importer(815301076,1909f56bfc062723c751e8b465ee728b)
Start importing Assets/Models/Conveyors/conveyor-bars-stripe-high.fbx using Guid(caa97b55e3fedd649937fb0eaf21555d) Importer(815301076,1909f56bfc062723c751e8b465ee728b)  -> (artifact id: '2be47dcda8c1bc340c3c4c7b3821e5dc') in 0.045634 seconds
Number of updated asset objects reloaded before import = 0
Number of asset objects unloaded after import = 15
========================================================================
Received Import Request.
  Time since last request: 0.000361 seconds.
  path: Assets/Models/Conveyors/conveyor-bars-fence.fbx
  artifactKey: Guid(83ccd9d0b776d4c40b36afe23815a13f) Importer(815301076,1909f56bfc062723c751e8b465ee728b)
Start importing Assets/Models/Conveyors/conveyor-bars-fence.fbx using Guid(83ccd9d0b776d4c40b36afe23815a13f) Importer(815301076,1909f56bfc062723c751e8b465ee728b)  -> (artifact id: 'ed7807ce7991093f1a8afe80b4ae90ec') in 0.053130 seconds
Number of updated asset objects reloaded before import = 0
Number of asset objects unloaded after import = 20
========================================================================
Received Import Request.
  Time since last request: 0.000447 seconds.
  path: Assets/Models/Conveyors/conveyor-stripe-sides.fbx
  artifactKey: Guid(3490cedf1e759234cbb0141d95d571d5) Importer(815301076,1909f56bfc062723c751e8b465ee728b)
Start importing Assets/Models/Conveyors/conveyor-stripe-sides.fbx using Guid(3490cedf1e759234cbb0141d95d571d5) Importer(815301076,1909f56bfc062723c751e8b465ee728b)  -> (artifact id: '6b72f60172faaeb0de2718b01e404115') in 0.049027 seconds
Number of updated asset objects reloaded before import = 0
Number of asset objects unloaded after import = 15
========================================================================
Received Import Request.
  Time since last request: 0.000306 seconds.
  path: Assets/Models/Conveyors/conveyor-bars-sides.fbx
  artifactKey: Guid(4f5a75cbe46ca0940bc575c1c57b2d94) Importer(815301076,1909f56bfc062723c751e8b465ee728b)
Start importing Assets/Models/Conveyors/conveyor-bars-sides.fbx using Guid(4f5a75cbe46ca0940bc575c1c57b2d94) Importer(815301076,1909f56bfc062723c751e8b465ee728b)  -> (artifact id: 'ae5217696fd122a88e18bb862af38a91') in 0.041922 seconds
Number of updated asset objects reloaded before import = 0
Number of asset objects unloaded after import = 15
========================================================================
Received Import Request.
  Time since last request: 17.642404 seconds.
  path: Assets/Models/Conveyors/scanner-high.fbx
  artifactKey: Guid(db2232da3d05b984c83744134e470ecf) Importer(815301076,1909f56bfc062723c751e8b465ee728b)
Start importing Assets/Models/Conveyors/scanner-high.fbx using Guid(db2232da3d05b984c83744134e470ecf) Importer(815301076,1909f56bfc062723c751e8b465ee728b)  -> (artifact id: '81fb06183d6094b63b4118156bebcf58') in 0.074920 seconds
Number of updated asset objects reloaded before import = 0
Number of asset objects unloaded after import = 8
========================================================================
Received Import Request.
  Time since last request: 0.000384 seconds.
  path: Assets/Models/Conveyors/structure-wall.fbx
  artifactKey: Guid(35854bc029f968a4288650ed72afa715) Importer(815301076,1909f56bfc062723c751e8b465ee728b)
Start importing Assets/Models/Conveyors/structure-wall.fbx using Guid(35854bc029f968a4288650ed72afa715) Importer(815301076,1909f56bfc062723c751e8b465ee728b)  -> (artifact id: 'ce4868634e701f5c67705688cf0dc44f') in 0.077486 seconds
Number of updated asset objects reloaded before import = 0
Number of asset objects unloaded after import = 8
========================================================================
Received Import Request.
  Time since last request: 0.000261 seconds.
  path: Assets/Models/Conveyors/structure-doorway-wide.fbx
  artifactKey: Guid(bae198d1b2796c348906ad8265ed28b6) Importer(815301076,1909f56bfc062723c751e8b465ee728b)
Start importing Assets/Models/Conveyors/structure-doorway-wide.fbx using Guid(bae198d1b2796c348906ad8265ed28b6) Importer(815301076,1909f56bfc062723c751e8b465ee728b)  -> (artifact id: '6fb72aa3621c68ecf694bb0cc642a05f') in 0.075565 seconds
Number of updated asset objects reloaded before import = 0
Number of asset objects unloaded after import = 8
========================================================================
Received Import Request.
  Time since last request: 0.000306 seconds.
  path: Assets/Models/Conveyors/structure-corner-inner.fbx
  artifactKey: Guid(e5ac95aca86086240a5a85ea959f3b7a) Importer(815301076,1909f56bfc062723c751e8b465ee728b)
Start importing Assets/Models/Conveyors/structure-corner-inner.fbx using Guid(e5ac95aca86086240a5a85ea959f3b7a) Importer(815301076,1909f56bfc062723c751e8b465ee728b)  -> (artifact id: '8acaa2139cdd81a5a263e63889f171c2') in 0.022945 seconds
Number of updated asset objects reloaded before import = 0
Number of asset objects unloaded after import = 8
========================================================================
Received Import Request.
  Time since last request: 0.068341 seconds.
  path: Assets/Models/Conveyors/structure-yellow-high.fbx
  artifactKey: Guid(bb03056fc15a3f44a952b84cb7fb980c) Importer(815301076,1909f56bfc062723c751e8b465ee728b)
Start importing Assets/Models/Conveyors/structure-yellow-high.fbx using Guid(bb03056fc15a3f44a952b84cb7fb980c) Importer(815301076,1909f56bfc062723c751e8b465ee728b)  -> (artifact id: '5661ad58bd2d63f7b8fbecda144cb952') in 0.018229 seconds
Number of updated asset objects reloaded before import = 0
Number of asset objects unloaded after import = 8
========================================================================
Received Import Request.
  Time since last request: 0.000351 seconds.
  path: Assets/Models/Conveyors/top-large.fbx
  artifactKey: Guid(78fcb9848ab48a549bd2db95d88e0907) Importer(815301076,1909f56bfc062723c751e8b465ee728b)
Start importing Assets/Models/Conveyors/top-large.fbx using Guid(78fcb9848ab48a549bd2db95d88e0907) Importer(815301076,1909f56bfc062723c751e8b465ee728b)  -> (artifact id: 'adf96a8e20da1e52a5991ad56e59f009') in 0.019224 seconds
Number of updated asset objects reloaded before import = 0
Number of asset objects unloaded after import = 8
========================================================================
Received Import Request.
  Time since last request: 57.050877 seconds.
  path: Assets/Models/Conveyors/arrow-basic.obj
  artifactKey: Guid(1adad28dad446c94184900fb644ceea6) Importer(815301076,1909f56bfc062723c751e8b465ee728b)
Start importing Assets/Models/Conveyors/arrow-basic.obj using Guid(1adad28dad446c94184900fb644ceea6) Importer(815301076,1909f56bfc062723c751e8b465ee728b)  -> (artifact id: '4bf21c217de448f2c69acfca6113d991') in 0.159407 seconds
Number of updated asset objects reloaded before import = 0
Number of asset objects unloaded after import = 10
========================================================================
Received Import Request.
  Time since last request: 0.000241 seconds.
  path: Assets/Models/Conveyors/cover-stripe-window.obj
  artifactKey: Guid(65162ad294e56c14faa3a53048725e59) Importer(815301076,1909f56bfc062723c751e8b465ee728b)
Start importing Assets/Models/Conveyors/cover-stripe-window.obj using Guid(65162ad294e56c14faa3a53048725e59) Importer(815301076,1909f56bfc062723c751e8b465ee728b)  -> (artifact id: '86a9ac47902cf069659406ca0bc8b3fc') in 0.037481 seconds
Number of updated asset objects reloaded before import = 0
Number of asset objects unloaded after import = 10
========================================================================
Received Import Request.
  Time since last request: 0.000248 seconds.
  path: Assets/Models/Conveyors/conveyor-long-stripe.obj
  artifactKey: Guid(64281e411116bdc45b47c4c2279bac3e) Importer(815301076,1909f56bfc062723c751e8b465ee728b)
Start importing Assets/Models/Conveyors/conveyor-long-stripe.obj using Guid(64281e411116bdc45b47c4c2279bac3e) Importer(815301076,1909f56bfc062723c751e8b465ee728b)  -> (artifact id: '89b97db277f9562220d9ca6013df3a99') in 0.027422 seconds
Number of updated asset objects reloaded before import = 0
Number of asset objects unloaded after import = 10
========================================================================
Received Import Request.
  Time since last request: 0.000217 seconds.
  path: Assets/Models/Conveyors/cover.obj
  artifactKey: Guid(2f84a3577ccb8ba488c3670e4f62dc43) Importer(815301076,1909f56bfc062723c751e8b465ee728b)
Start importing Assets/Models/Conveyors/cover.obj using Guid(2f84a3577ccb8ba488c3670e4f62dc43) Importer(815301076,1909f56bfc062723c751e8b465ee728b)  -> (artifact id: '610ea44be12a6918c71802dc67a68e03') in 0.027109 seconds
Number of updated asset objects reloaded before import = 0
Number of asset objects unloaded after import = 10
========================================================================
Received Import Request.
  Time since last request: 0.000372 seconds.
  path: Assets/Models/Conveyors/cover-window.obj
  artifactKey: Guid(309aa1cf62bbeeb42bc48682aad32611) Importer(815301076,1909f56bfc062723c751e8b465ee728b)
Start importing Assets/Models/Conveyors/cover-window.obj using Guid(309aa1cf62bbeeb42bc48682aad32611) Importer(815301076,1909f56bfc062723c751e8b465ee728b)  -> (artifact id: '61d4e69b4dbbaf23c2f02367dc486f98') in 0.023554 seconds
Number of updated asset objects reloaded before import = 0
Number of asset objects unloaded after import = 10
========================================================================
Received Import Request.
  Time since last request: 0.000354 seconds.
  path: Assets/Models/Conveyors/cover-stripe-hopper.obj
  artifactKey: Guid(251d4285085de0048a4a22ea60d8f013) Importer(815301076,1909f56bfc062723c751e8b465ee728b)
Start importing Assets/Models/Conveyors/cover-stripe-hopper.obj using Guid(251d4285085de0048a4a22ea60d8f013) Importer(815301076,1909f56bfc062723c751e8b465ee728b)  -> (artifact id: 'be56b74b57c67555a46dc80ff6c2d44e') in 0.024011 seconds
Number of updated asset objects reloaded before import = 0
Number of asset objects unloaded after import = 10
========================================================================
Received Import Request.
  Time since last request: 0.000379 seconds.
  path: Assets/Models/Conveyors/door-wide-closed.obj
  artifactKey: Guid(2e53725055ecb504eaa7428e42800d7b) Importer(815301076,1909f56bfc062723c751e8b465ee728b)
Start importing Assets/Models/Conveyors/door-wide-closed.obj using Guid(2e53725055ecb504eaa7428e42800d7b) Importer(815301076,1909f56bfc062723c751e8b465ee728b)  -> (artifact id: '7f63e723b3c5435c1722fdb3b69bf18b') in 0.023190 seconds
Number of updated asset objects reloaded before import = 0
Number of asset objects unloaded after import = 10
========================================================================
Received Import Request.
  Time since last request: 0.000260 seconds.
  path: Assets/Models/Conveyors/cover-stripe-top.obj
  artifactKey: Guid(036e98da6ef9d444296e00aed59a1ba8) Importer(815301076,1909f56bfc062723c751e8b465ee728b)
Start importing Assets/Models/Conveyors/cover-stripe-top.obj using Guid(036e98da6ef9d444296e00aed59a1ba8) Importer(815301076,1909f56bfc062723c751e8b465ee728b)  -> (artifact id: '9b2b17f2d78d4c41f4a8f1217de4b6b5') in 0.025382 seconds
Number of updated asset objects reloaded before import = 0
Number of asset objects unloaded after import = 10
========================================================================
Received Import Request.
  Time since last request: 0.000346 seconds.
  path: Assets/Models/Conveyors/conveyor-bars-stripe.obj
  artifactKey: Guid(510e6f92854fc2444b6a49a1531401d1) Importer(815301076,1909f56bfc062723c751e8b465ee728b)
Start importing Assets/Models/Conveyors/conveyor-bars-stripe.obj using Guid(510e6f92854fc2444b6a49a1531401d1) Importer(815301076,1909f56bfc062723c751e8b465ee728b)  -> (artifact id: '195858fcced347409c21bee47152a820') in 0.025839 seconds
Number of updated asset objects reloaded before import = 0
Number of asset objects unloaded after import = 10
========================================================================
Received Import Request.
  Time since last request: 0.000343 seconds.
  path: Assets/Models/Conveyors/conveyor-bars.obj
  artifactKey: Guid(7b3fdd1036d1aef4585ca9e189a9356b) Importer(815301076,1909f56bfc062723c751e8b465ee728b)
Start importing Assets/Models/Conveyors/conveyor-bars.obj using Guid(7b3fdd1036d1aef4585ca9e189a9356b) Importer(815301076,1909f56bfc062723c751e8b465ee728b)  -> (artifact id: '6241ca9cd07639c3b1d9ea60ee1ed1a0') in 0.020826 seconds
Number of updated asset objects reloaded before import = 0
Number of asset objects unloaded after import = 10
========================================================================
Received Import Request.
  Time since last request: 3.996066 seconds.
  path: Assets/Models/Conveyors/scanner-high.obj
  artifactKey: Guid(50843e004a55d264183e2d4a0d07b34c) Importer(815301076,1909f56bfc062723c751e8b465ee728b)
Start importing Assets/Models/Conveyors/scanner-high.obj using Guid(50843e004a55d264183e2d4a0d07b34c) Importer(815301076,1909f56bfc062723c751e8b465ee728b)  -> (artifact id: '7aaa0678d8d491410ba1f86e54cb94fe') in 0.074359 seconds
Number of updated asset objects reloaded before import = 0
Number of asset objects unloaded after import = 10
========================================================================
Received Import Request.
  Time since last request: 0.000282 seconds.
  path: Assets/Models/Conveyors/structure-corner-inner.obj
  artifactKey: Guid(db633870b29d8f844a231c9dba830e6e) Importer(815301076,1909f56bfc062723c751e8b465ee728b)
Start importing Assets/Models/Conveyors/structure-corner-inner.obj using Guid(db633870b29d8f844a231c9dba830e6e) Importer(815301076,1909f56bfc062723c751e8b465ee728b)  -> (artifact id: '03ca2c25b374f06fc6626ccdd625292d') in 0.102414 seconds
Number of updated asset objects reloaded before import = 0
Number of asset objects unloaded after import = 10
========================================================================
Received Import Request.
  Time since last request: 0.000259 seconds.
  path: Assets/Models/Conveyors/structure-yellow-tall.obj
  artifactKey: Guid(0dae3db055abc0f488722c729c6462f7) Importer(815301076,1909f56bfc062723c751e8b465ee728b)
Start importing Assets/Models/Conveyors/structure-yellow-tall.obj using Guid(0dae3db055abc0f488722c729c6462f7) Importer(815301076,1909f56bfc062723c751e8b465ee728b)  -> (artifact id: 'efa8d02690c493c4fb97fd709bacf752') in 0.046923 seconds
Number of updated asset objects reloaded before import = 0
Number of asset objects unloaded after import = 10
========================================================================
Received Import Request.
  Time since last request: 0.000464 seconds.
  path: Assets/Models/Conveyors/structure-doorway-wide.obj
  artifactKey: Guid(799eb207772e69344b1f5875daf355f2) Importer(815301076,1909f56bfc062723c751e8b465ee728b)
Start importing Assets/Models/Conveyors/structure-doorway-wide.obj using Guid(799eb207772e69344b1f5875daf355f2) Importer(815301076,1909f56bfc062723c751e8b465ee728b)  -> (artifact id: '97b1ca19519a39fdfd858dd1b014e46c') in 0.022757 seconds
Number of updated asset objects reloaded before import = 0
Number of asset objects unloaded after import = 10
========================================================================
Received Import Request.
  Time since last request: 0.000495 seconds.
  path: Assets/Models/Conveyors/top.obj
  artifactKey: Guid(4a366ac38f59ca4409d2977587a526d7) Importer(815301076,1909f56bfc062723c751e8b465ee728b)
Start importing Assets/Models/Conveyors/top.obj using Guid(4a366ac38f59ca4409d2977587a526d7) Importer(815301076,1909f56bfc062723c751e8b465ee728b)  -> (artifact id: '923f4244b6c812d7c0cb63438ac68d4d') in 0.025565 seconds
Number of updated asset objects reloaded before import = 0
Number of asset objects unloaded after import = 10
========================================================================
Received Import Request.
  Time since last request: 0.000544 seconds.
  path: Assets/Models/Conveyors/structure-high.obj
  artifactKey: Guid(66f5d324e70e3804c8462b21892ebe54) Importer(815301076,1909f56bfc062723c751e8b465ee728b)
Start importing Assets/Models/Conveyors/structure-high.obj using Guid(66f5d324e70e3804c8462b21892ebe54) Importer(815301076,1909f56bfc062723c751e8b465ee728b)  -> (artifact id: '0f8294e1845e6707f26afc3e60cc1f5d') in 0.028818 seconds
Number of updated asset objects reloaded before import = 0
Number of asset objects unloaded after import = 10
========================================================================
Received Import Request.
  Time since last request: 0.000267 seconds.
  path: Assets/Models/Conveyors/structure-window-wide.obj
  artifactKey: Guid(7be54a4b8fc8dd849bd6e4d751736bd5) Importer(815301076,1909f56bfc062723c751e8b465ee728b)
Start importing Assets/Models/Conveyors/structure-window-wide.obj using Guid(7be54a4b8fc8dd849bd6e4d751736bd5) Importer(815301076,1909f56bfc062723c751e8b465ee728b)  -> (artifact id: '45fd0a7227cbc14ca2a960cbf8d9a89e') in 0.026153 seconds
Number of updated asset objects reloaded before import = 0
Number of asset objects unloaded after import = 10
Editor requested this worker to shutdown with reason: Scaling down because of idle timeout
TcpMessagingSession - receive error: operation aborted. errorcode: 995, details: The I/O operation has been aborted because of either a thread exit or an application request.
AssetImportWorker is now disconnected from the server
Process exiting
Exiting without the bug reporter. Application will terminate with return code 0