Using pre-set license
Built from '2022.3/staging' branch; Version is '2022.3.13f1 (5f90a5ebde0f) revision 6262949'; Using compiler version '192829333'; Build Type 'Release'
OS: 'Windows 11  (10.0.22621) 64bit Core' Language: 'en' Physical Memory: 15603 MB
BatchMode: 1, IsHumanControllingUs: 0, StartBugReporterOnCrash: 0, Is64bit: 1, IsPro: 1

COMMAND LINE ARGUMENTS:
C:\Program Files\Unity\Hub\Editor\2022.3.13f1\Editor\Unity.exe
-adb2
-batchMode
-noUpm
-name
AssetImportWorker0
-projectPath
C:/Users/mikey/Downloads/Unity Projects/Processing-Haven/Processing Haven
-logFile
Logs/AssetImportWorker0.log
-srvPort
53127
Successfully changed project path to: C:/Users/mikey/Downloads/Unity Projects/Processing-Haven/Processing Haven
C:/Users/mikey/Downloads/Unity Projects/Processing-Haven/Processing Haven
[UnityMemory] Configuration Parameters - Can be set up in boot.config
    "memorysetup-bucket-allocator-granularity=16"
    "memorysetup-bucket-allocator-bucket-count=8"
    "memorysetup-bucket-allocator-block-size=33554432"
    "memorysetup-bucket-allocator-block-count=8"
    "memorysetup-main-allocator-block-size=16777216"
    "memorysetup-thread-allocator-block-size=16777216"
    "memorysetup-gfx-main-allocator-block-size=16777216"
    "memorysetup-gfx-thread-allocator-block-size=16777216"
    "memorysetup-cache-allocator-block-size=4194304"
    "memorysetup-typetree-allocator-block-size=2097152"
    "memorysetup-profiler-bucket-allocator-granularity=16"
    "memorysetup-profiler-bucket-allocator-bucket-count=8"
    "memorysetup-profiler-bucket-allocator-block-size=33554432"
    "memorysetup-profiler-bucket-allocator-block-count=8"
    "memorysetup-profiler-allocator-block-size=16777216"
    "memorysetup-profiler-editor-allocator-block-size=1048576"
    "memorysetup-temp-allocator-size-main=16777216"
    "memorysetup-job-temp-allocator-block-size=2097152"
    "memorysetup-job-temp-allocator-block-size-background=1048576"
    "memorysetup-job-temp-allocator-reduction-small-platforms=262144"
    "memorysetup-allocator-temp-initial-block-size-main=262144"
    "memorysetup-allocator-temp-initial-block-size-worker=262144"
    "memorysetup-temp-allocator-size-background-worker=32768"
    "memorysetup-temp-allocator-size-job-worker=262144"
    "memorysetup-temp-allocator-size-preload-manager=33554432"
    "memorysetup-temp-allocator-size-nav-mesh-worker=65536"
    "memorysetup-temp-allocator-size-audio-worker=65536"
    "memorysetup-temp-allocator-size-cloud-worker=32768"
    "memorysetup-temp-allocator-size-gi-baking-worker=262144"
    "memorysetup-temp-allocator-size-gfx=262144"
Player connection [19936] Host "[IP] 192.168.1.51 [Port] 0 [Flags] 2 [Guid] 1033658041 [EditorId] 1033658041 [Version] 1048832 [Id] WindowsEditor(7,MykullsLaptop) [Debug] 1 [PackageName] WindowsEditor [ProjectName] Editor" joined multi-casting on [225.0.0.222:54997]...

Player connection [19936] Host "[IP] 192.168.1.51 [Port] 0 [Flags] 2 [Guid] 1033658041 [EditorId] 1033658041 [Version] 1048832 [Id] WindowsEditor(7,MykullsLaptop) [Debug] 1 [PackageName] WindowsEditor [ProjectName] Editor" joined alternative multi-casting on [225.0.0.222:34997]...

[Physics::Module] Initialized MultithreadedJobDispatcher with 15 workers.
Refreshing native plugins compatible for Editor in 17.12 ms, found 3 plugins.
Preloading 0 native plugins for Editor in 0.00 ms.
Initialize engine version: 2022.3.13f1 (5f90a5ebde0f)
[Subsystems] Discovering subsystems at path C:/Program Files/Unity/Hub/Editor/2022.3.13f1/Editor/Data/Resources/UnitySubsystems
[Subsystems] Discovering subsystems at path C:/Users/mikey/Downloads/Unity Projects/Processing-Haven/Processing Haven/Assets
GfxDevice: creating device client; threaded=0; jobified=0
Direct3D:
    Version:  Direct3D 11.0 [level 11.1]
    Renderer: NVIDIA GeForce RTX 3050 Ti Laptop GPU (ID=0x25e0)
    Vendor:   NVIDIA
    VRAM:     3976 MB
    Driver:   31.0.15.3742
Initialize mono
Mono path[0] = 'C:/Program Files/Unity/Hub/Editor/2022.3.13f1/Editor/Data/Managed'
Mono path[1] = 'C:/Program Files/Unity/Hub/Editor/2022.3.13f1/Editor/Data/MonoBleedingEdge/lib/mono/unityjit-win32'
Mono config path = 'C:/Program Files/Unity/Hub/Editor/2022.3.13f1/Editor/Data/MonoBleedingEdge/etc'
Using monoOptions --debugger-agent=transport=dt_socket,embedding=1,server=y,suspend=n,address=127.0.0.1:56980
Begin MonoManager ReloadAssembly
Registering precompiled unity dll's ...
Register platform support module: C:/Program Files/Unity/Hub/Editor/2022.3.13f1/Editor/Data/PlaybackEngines/AndroidPlayer/UnityEditor.Android.Extensions.dll
Register platform support module: C:/Program Files/Unity/Hub/Editor/2022.3.13f1/Editor/Data/PlaybackEngines/iOSSupport/UnityEditor.iOS.Extensions.dll
Register platform support module: C:/Program Files/Unity/Hub/Editor/2022.3.13f1/Editor/Data/PlaybackEngines/WindowsStandaloneSupport/UnityEditor.WindowsStandalone.Extensions.dll
Register platform support module: C:/Program Files/Unity/Hub/Editor/2022.3.13f1/Editor/Data/PlaybackEngines/MetroSupport/UnityEditor.UWP.Extensions.dll
Registered in 0.017835 seconds.
- Loaded All Assemblies, in  0.644 seconds
Native extension for UWP target not found
Native extension for WindowsStandalone target not found
[usbmuxd] Start listen thread
[usbmuxd] Listen thread started
[usbmuxd] Send listen message
Native extension for iOS target not found
Native extension for Android target not found
Android Extension - Scanning For ADB Devices 663 ms
Mono: successfully reloaded assembly
- Finished resetting the current domain, in  1.225 seconds
Domain Reload Profiling: 1866ms
	BeginReloadAssembly (196ms)
		ExecutionOrderSort (0ms)
		DisableScriptedObjects (0ms)
		BackupInstance (0ms)
		ReleaseScriptingObjects (0ms)
		CreateAndSetChildDomain (1ms)
	RebuildCommonClasses (54ms)
	RebuildNativeTypeToScriptingClass (14ms)
	initialDomainReloadingComplete (82ms)
	LoadAllAssembliesAndSetupDomain (295ms)
		LoadAssemblies (197ms)
		RebuildTransferFunctionScriptingTraits (0ms)
		AnalyzeDomain (288ms)
			TypeCache.Refresh (286ms)
				TypeCache.ScanAssembly (263ms)
			ScanForSourceGeneratedMonoScriptInfo (1ms)
			ResolveRequiredComponents (1ms)
	FinalizeReload (1226ms)
		ReleaseScriptCaches (0ms)
		RebuildScriptCaches (0ms)
		SetupLoadedEditorAssemblies (1139ms)
			LogAssemblyErrors (0ms)
			InitializePlatformSupportModulesInManaged (880ms)
			SetLoadedEditorAssemblies (10ms)
			RefreshPlugins (0ms)
			BeforeProcessingInitializeOnLoad (4ms)
			ProcessInitializeOnLoadAttributes (169ms)
			ProcessInitializeOnLoadMethodAttributes (76ms)
			AfterProcessingInitializeOnLoad (0ms)
			EditorAssembliesLoaded (0ms)
		ExecutionOrderSort2 (0ms)
		AwakeInstancesAfterBackupRestoration (0ms)
========================================================================
Worker process is ready to serve import requests
Begin MonoManager ReloadAssembly
- Loaded All Assemblies, in  0.948 seconds
Refreshing native plugins compatible for Editor in 4.85 ms, found 3 plugins.
Native extension for UWP target not found
Native extension for WindowsStandalone target not found
Native extension for iOS target not found
Native extension for Android target not found
System.Exception: Error! Visual Scripting: couldn't find visual scripting package
  at Unity.VisualScripting.PackageVersionUtility.get_version () [0x00043] in .\Library\PackageCache\com.unity.visualscripting@1.9.1\Editor\VisualScripting.Core\Utilities\PackageVersionUtility.cs:31 
  at Unity.VisualScripting.BoltCoreManifest.get_version () [0x00000] in .\Library\PackageCache\com.unity.visualscripting@1.9.1\Editor\VisualScripting.Core\Plugin\BoltCoreManifest.cs:11 
  at Unity.VisualScripting.PluginManifest.get_currentVersion () [0x00000] in .\Library\PackageCache\com.unity.visualscripting@1.9.1\Editor\VisualScripting.Core\Plugins\PluginManifest.cs:33 
  at Unity.VisualScripting.PluginManifest.get_versionMismatch () [0x00000] in .\Library\PackageCache\com.unity.visualscripting@1.9.1\Editor\VisualScripting.Core\Plugins\PluginManifest.cs:48 
  at Unity.VisualScripting.PluginContainer.Initialize () [0x00525] in .\Library\PackageCache\com.unity.visualscripting@1.9.1\Editor\VisualScripting.Core\Plugins\PluginContainer.cs:208 
  at Unity.VisualScripting.PluginContainer.InitializeOnLoad () [0x00009] in .\Library\PackageCache\com.unity.visualscripting@1.9.1\Editor\VisualScripting.Core\Plugins\PluginContainer.cs:32 
  at Unity.VisualScripting.VSUsageUtility.DoInitializeOnLoadCalls () [0x00034] in .\Library\PackageCache\com.unity.visualscripting@1.9.1\Editor\VisualScripting.Core\Utilities\VSUsageUtility.cs:76 
  at Unity.VisualScripting.VSUsageUtility.set_isVisualScriptingUsed (System.Boolean value) [0x0002c] in .\Library\PackageCache\com.unity.visualscripting@1.9.1\Editor\VisualScripting.Core\Utilities\VSUsageUtility.cs:114 
  at Unity.VisualScripting.VSUsageUtility.CheckAndSetIsVisualScriptingUsed () [0x00032] in .\Library\PackageCache\com.unity.visualscripting@1.9.1\Editor\VisualScripting.Core\Utilities\VSUsageUtility.cs:48 
  at Unity.VisualScripting.VSUsageUtility..cctor () [0x00000] in .\Library\PackageCache\com.unity.visualscripting@1.9.1\Editor\VisualScripting.Core\Utilities\VSUsageUtility.cs:22 
UnityEngine.StackTraceUtility:ExtractStackTrace ()
UnityEngine.DebugLogHandler:LogFormat (UnityEngine.LogType,UnityEngine.Object,string,object[])
UnityEngine.Logger:Log (UnityEngine.LogType,object)
UnityEngine.Debug:LogError (object)
UnityEditor.EditorAssemblies:ProcessInitializeOnLoadAttributes (System.Type[])

Package Manager log level set to [2]
[Package Manager] Server::EnsureServerProcessIsRunning -- launch failed, reason: Unity was launched with the -noUpm command-line argument
[Package Manager] UpmClient::Send -- Unable to send message (not connected to UPM process).
[Package Manager] Cannot connect to Unity Package Manager local server
Mono: successfully reloaded assembly
- Finished resetting the current domain, in  1.360 seconds
Domain Reload Profiling: 2304ms
	BeginReloadAssembly (215ms)
		ExecutionOrderSort (0ms)
		DisableScriptedObjects (6ms)
		BackupInstance (0ms)
		ReleaseScriptingObjects (0ms)
		CreateAndSetChildDomain (33ms)
	RebuildCommonClasses (53ms)
	RebuildNativeTypeToScriptingClass (17ms)
	initialDomainReloadingComplete (57ms)
	LoadAllAssembliesAndSetupDomain (601ms)
		LoadAssemblies (454ms)
		RebuildTransferFunctionScriptingTraits (0ms)
		AnalyzeDomain (279ms)
			TypeCache.Refresh (255ms)
				TypeCache.ScanAssembly (231ms)
			ScanForSourceGeneratedMonoScriptInfo (17ms)
			ResolveRequiredComponents (4ms)
	FinalizeReload (1361ms)
		ReleaseScriptCaches (0ms)
		RebuildScriptCaches (0ms)
		SetupLoadedEditorAssemblies (1142ms)
			LogAssemblyErrors (0ms)
			InitializePlatformSupportModulesInManaged (60ms)
			SetLoadedEditorAssemblies (7ms)
			RefreshPlugins (0ms)
			BeforeProcessingInitializeOnLoad (85ms)
			ProcessInitializeOnLoadAttributes (948ms)
			ProcessInitializeOnLoadMethodAttributes (30ms)
			AfterProcessingInitializeOnLoad (12ms)
			EditorAssembliesLoaded (0ms)
		ExecutionOrderSort2 (0ms)
		AwakeInstancesAfterBackupRestoration (10ms)
Launched and connected shader compiler UnityShaderCompiler.exe after 0.13 seconds
Refreshing native plugins compatible for Editor in 8.99 ms, found 3 plugins.
Preloading 0 native plugins for Editor in 0.00 ms.
Unloading 3086 Unused Serialized files (Serialized files now loaded: 0)
Unloading 32 unused Assets / (56.7 KB). Loaded Objects now: 3551.
Memory consumption went from 127.7 MB to 127.7 MB.
Total: 16.561200 ms (FindLiveObjects: 0.737600 ms CreateObjectMapping: 0.522400 ms MarkObjects: 15.132500 ms  DeleteObjects: 0.166500 ms)

AssetImportParameters requested are different than current active one (requested -> active):
  custom:container-demuxer-ogg: 62fdf1f143b41e24485cea50d1cbac27 -> 
  custom:video-codec-MediaFoundation-h265: 746d11721c4dcdbdad8f713fa42b33f4 -> 
  custom:video-decoder-ogg-theora: a1e56fd34408186e4bbccfd4996cb3dc -> 
  custom:framework-win-MediaFoundation: 216162199b28c13a410421893ffa2e32 -> 
  custom:CustomObjectIndexerAttribute: 756ad292c208cfabdd7b50bc23989ffe -> 
  custom:container-demuxer-webm: 4f35f7cbe854078d1ac9338744f61a02 -> 
  custom:container-muxer-webm: aa71ff27fc2769a1b78a27578f13a17b -> 
  custom:video-decoder-webm-vp8: 9c59270c3fd7afecdb556c50c9e8de78 -> 
  custom:SearchIndexIgnoredProperties: e643bd26f0fe6173181afceb89e7c659 -> 
  custom:AudioImporter_EditorPlatform: d09bf68614088b80899f8185d706f6e7 -> 
  custom:video-encoder-webm-vp8: eb34c28f22e8b96e1ab97ce403110664 -> 
  custom:audio-decoder-ogg-vorbis: bf7c407c2cedff20999df2af8eb42d56 -> 
  custom:audio-encoder-webm-vorbis: bf7c407c2cedff20999df2af8eb42d56 -> 
========================================================================
Received Import Request.
  Time since last request: 1117306.177389 seconds.
  path: Assets/Models/Conveyors/conveyor-long-stripe-sides.fbx
  artifactKey: Guid(75a34bd9906def648a61d2ea08908379) Importer(815301076,1909f56bfc062723c751e8b465ee728b)
Start importing Assets/Models/Conveyors/conveyor-long-stripe-sides.fbx using Guid(75a34bd9906def648a61d2ea08908379) Importer(815301076,1909f56bfc062723c751e8b465ee728b)  -> (artifact id: '4ad6b0ac1619a6bc3dca4973de5a6c19') in 0.208778 seconds
Number of updated asset objects reloaded before import = 0
Number of asset objects unloaded after import = 15
========================================================================
Received Import Request.
  Time since last request: 0.000035 seconds.
  path: Assets/Models/Conveyors/box-small.fbx
  artifactKey: Guid(a7da24c3cbbed5f4b99e30b9c2269722) Importer(815301076,1909f56bfc062723c751e8b465ee728b)
Start importing Assets/Models/Conveyors/box-small.fbx using Guid(a7da24c3cbbed5f4b99e30b9c2269722) Importer(815301076,1909f56bfc062723c751e8b465ee728b)  -> (artifact id: 'fb4b42757deb79abca6ed86f5d1222a7') in 0.028355 seconds
Number of updated asset objects reloaded before import = 0
Number of asset objects unloaded after import = 8
========================================================================
Received Import Request.
  Time since last request: 0.000344 seconds.
  path: Assets/Models/Conveyors/conveyor-bars-high.fbx
  artifactKey: Guid(8bf39bb26fe15b545bc6c0c18c4f19fb) Importer(815301076,1909f56bfc062723c751e8b465ee728b)
Start importing Assets/Models/Conveyors/conveyor-bars-high.fbx using Guid(8bf39bb26fe15b545bc6c0c18c4f19fb) Importer(815301076,1909f56bfc062723c751e8b465ee728b)  -> (artifact id: '0aa4e6387b13c2872f55e67c090457eb') in 0.050839 seconds
Number of updated asset objects reloaded before import = 0
Number of asset objects unloaded after import = 15
========================================================================
Received Import Request.
  Time since last request: 0.000473 seconds.
  path: Assets/Models/Conveyors/conveyor-long-stripe.fbx
  artifactKey: Guid(65060ab86134c594eb16542c2b560273) Importer(815301076,1909f56bfc062723c751e8b465ee728b)
Start importing Assets/Models/Conveyors/conveyor-long-stripe.fbx using Guid(65060ab86134c594eb16542c2b560273) Importer(815301076,1909f56bfc062723c751e8b465ee728b)  -> (artifact id: 'be32ac6d53f6d6dd36cd917d45f41c0b') in 0.026894 seconds
Number of updated asset objects reloaded before import = 0
Number of asset objects unloaded after import = 8
========================================================================
Received Import Request.
  Time since last request: 0.000392 seconds.
  path: Assets/Models/Conveyors/conveyor-long-sides.fbx
  artifactKey: Guid(440d7725b46b94848918e000bcc35ab8) Importer(815301076,1909f56bfc062723c751e8b465ee728b)
Start importing Assets/Models/Conveyors/conveyor-long-sides.fbx using Guid(440d7725b46b94848918e000bcc35ab8) Importer(815301076,1909f56bfc062723c751e8b465ee728b)  -> (artifact id: '2d2572634defbea1bef258af814f5c1a') in 0.043017 seconds
Number of updated asset objects reloaded before import = 0
Number of asset objects unloaded after import = 15
========================================================================
Received Import Request.
  Time since last request: 0.000226 seconds.
  path: Assets/Models/Conveyors/cover-window.fbx
  artifactKey: Guid(4615849ac0d344e488ffd89579b1be7a) Importer(815301076,1909f56bfc062723c751e8b465ee728b)
Start importing Assets/Models/Conveyors/cover-window.fbx using Guid(4615849ac0d344e488ffd89579b1be7a) Importer(815301076,1909f56bfc062723c751e8b465ee728b)  -> (artifact id: 'b3100434dc376bd78871a00683e542e5') in 0.020842 seconds
Number of updated asset objects reloaded before import = 0
Number of asset objects unloaded after import = 8
========================================================================
Received Import Request.
  Time since last request: 0.000425 seconds.
  path: Assets/Models/Conveyors/cover-stripe-hopper.fbx
  artifactKey: Guid(be1190838dbf27a41926664b4a972974) Importer(815301076,1909f56bfc062723c751e8b465ee728b)
Start importing Assets/Models/Conveyors/cover-stripe-hopper.fbx using Guid(be1190838dbf27a41926664b4a972974) Importer(815301076,1909f56bfc062723c751e8b465ee728b)  -> (artifact id: 'ed00bba5c2deeb406fcb3a5f86c9af05') in 0.022362 seconds
Number of updated asset objects reloaded before import = 0
Number of asset objects unloaded after import = 8
========================================================================
Received Import Request.
  Time since last request: 0.000247 seconds.
  path: Assets/Models/Conveyors/conveyor-long.fbx
  artifactKey: Guid(09c16cd3c55a45241be7909f478e3bad) Importer(815301076,1909f56bfc062723c751e8b465ee728b)
Start importing Assets/Models/Conveyors/conveyor-long.fbx using Guid(09c16cd3c55a45241be7909f478e3bad) Importer(815301076,1909f56bfc062723c751e8b465ee728b)  -> (artifact id: 'f3865538cf5beec1fa5382cfee253ced') in 0.030497 seconds
Number of updated asset objects reloaded before import = 0
Number of asset objects unloaded after import = 8
========================================================================
Received Import Request.
  Time since last request: 0.000368 seconds.
  path: Assets/Models/Conveyors/cover-bar.fbx
  artifactKey: Guid(d8a8a3a0fffc3c54cb07829e3658aeb9) Importer(815301076,1909f56bfc062723c751e8b465ee728b)
Start importing Assets/Models/Conveyors/cover-bar.fbx using Guid(d8a8a3a0fffc3c54cb07829e3658aeb9) Importer(815301076,1909f56bfc062723c751e8b465ee728b)  -> (artifact id: '9734a1e29bd5aecaeec0482f2a000668') in 0.026340 seconds
Number of updated asset objects reloaded before import = 0
Number of asset objects unloaded after import = 8
========================================================================
Received Import Request.
  Time since last request: 17.676409 seconds.
  path: Assets/Models/Conveyors/robot-arm-b.fbx
  artifactKey: Guid(058cf910fcabfc342b7979e6380041d9) Importer(815301076,1909f56bfc062723c751e8b465ee728b)
Start importing Assets/Models/Conveyors/robot-arm-b.fbx using Guid(058cf910fcabfc342b7979e6380041d9) Importer(815301076,1909f56bfc062723c751e8b465ee728b)  -> (artifact id: 'e6ff9227d936369e4329c7d651859964') in 0.224191 seconds
Number of updated asset objects reloaded before import = 0
Number of asset objects unloaded after import = 38
========================================================================
Received Import Request.
  Time since last request: 0.000218 seconds.
  path: Assets/Models/Conveyors/structure-tall.fbx
  artifactKey: Guid(221c4d622c61eb7459630a726fdc2d82) Importer(815301076,1909f56bfc062723c751e8b465ee728b)
Start importing Assets/Models/Conveyors/structure-tall.fbx using Guid(221c4d622c61eb7459630a726fdc2d82) Importer(815301076,1909f56bfc062723c751e8b465ee728b)  -> (artifact id: 'ab492bd943cf4246b73040ebc9f2b02c') in 0.029471 seconds
Number of updated asset objects reloaded before import = 0
Number of asset objects unloaded after import = 8
========================================================================
Received Import Request.
  Time since last request: 0.068665 seconds.
  path: Assets/Models/Conveyors/structure-window-wide.fbx
  artifactKey: Guid(27e6e56fbb58ee2489b86082517a4134) Importer(815301076,1909f56bfc062723c751e8b465ee728b)
Start importing Assets/Models/Conveyors/structure-window-wide.fbx using Guid(27e6e56fbb58ee2489b86082517a4134) Importer(815301076,1909f56bfc062723c751e8b465ee728b)  -> (artifact id: '55a0cb46ac2d05b2214029bf906ddcf0') in 0.017962 seconds
Number of updated asset objects reloaded before import = 0
Number of asset objects unloaded after import = 8
========================================================================
Received Import Request.
  Time since last request: 0.000357 seconds.
  path: Assets/Models/Conveyors/top.fbx
  artifactKey: Guid(46b394d57ff3bef4fa69e5c122d0f804) Importer(815301076,1909f56bfc062723c751e8b465ee728b)
Start importing Assets/Models/Conveyors/top.fbx using Guid(46b394d57ff3bef4fa69e5c122d0f804) Importer(815301076,1909f56bfc062723c751e8b465ee728b)  -> (artifact id: '84ab0d4544b50b77211772d3777bf20e') in 0.020663 seconds
Number of updated asset objects reloaded before import = 0
Number of asset objects unloaded after import = 8
========================================================================
Received Import Request.
  Time since last request: 57.049828 seconds.
  path: Assets/Models/Conveyors/arrow.obj
  artifactKey: Guid(0b75020aeb386aa468ac519863c24680) Importer(815301076,1909f56bfc062723c751e8b465ee728b)
Start importing Assets/Models/Conveyors/arrow.obj using Guid(0b75020aeb386aa468ac519863c24680) Importer(815301076,1909f56bfc062723c751e8b465ee728b)  -> (artifact id: '16a6acd4eff5b5ed630955342b081527') in 0.101327 seconds
Number of updated asset objects reloaded before import = 0
Number of asset objects unloaded after import = 10
========================================================================
Received Import Request.
  Time since last request: 0.000232 seconds.
  path: Assets/Models/Conveyors/conveyor-bars-sides.obj
  artifactKey: Guid(eb0e9d66524a6704a84693750a4bca2a) Importer(815301076,1909f56bfc062723c751e8b465ee728b)
Start importing Assets/Models/Conveyors/conveyor-bars-sides.obj using Guid(eb0e9d66524a6704a84693750a4bca2a) Importer(815301076,1909f56bfc062723c751e8b465ee728b)  -> (artifact id: '87d75b897e4bcb0d88f8c0ca88c6d31f') in 0.088520 seconds
Number of updated asset objects reloaded before import = 0
Number of asset objects unloaded after import = 10
========================================================================
Received Import Request.
  Time since last request: 0.000355 seconds.
  path: Assets/Models/Conveyors/box-small.obj
  artifactKey: Guid(64b0ef301b48f8c4091b5b807585fe42) Importer(815301076,1909f56bfc062723c751e8b465ee728b)
Start importing Assets/Models/Conveyors/box-small.obj using Guid(64b0ef301b48f8c4091b5b807585fe42) Importer(815301076,1909f56bfc062723c751e8b465ee728b)  -> (artifact id: 'bc11d661feb8187be1302b41f895e29e') in 0.026945 seconds
Number of updated asset objects reloaded before import = 0
Number of asset objects unloaded after import = 10
========================================================================
Received Import Request.
  Time since last request: 0.000883 seconds.
  path: Assets/Models/Conveyors/conveyor-long-stripe-sides.obj
  artifactKey: Guid(5129f47b59d6aab4f918422a6db5c416) Importer(815301076,1909f56bfc062723c751e8b465ee728b)
Start importing Assets/Models/Conveyors/conveyor-long-stripe-sides.obj using Guid(5129f47b59d6aab4f918422a6db5c416) Importer(815301076,1909f56bfc062723c751e8b465ee728b)  -> (artifact id: 'a8691eeb28425d7caf2d791a3a5d333f') in 0.028709 seconds
Number of updated asset objects reloaded before import = 0
Number of asset objects unloaded after import = 10
========================================================================
Received Import Request.
  Time since last request: 0.000587 seconds.
  path: Assets/Models/Conveyors/conveyor-bars-stripe-high.obj
  artifactKey: Guid(29a49940cd1f6e64381159a40552604d) Importer(815301076,1909f56bfc062723c751e8b465ee728b)
Start importing Assets/Models/Conveyors/conveyor-bars-stripe-high.obj using Guid(29a49940cd1f6e64381159a40552604d) Importer(815301076,1909f56bfc062723c751e8b465ee728b)  -> (artifact id: 'bb1e05c7459a60d628809a413ed55e6f') in 0.024819 seconds
Number of updated asset objects reloaded before import = 0
Number of asset objects unloaded after import = 10
========================================================================
Received Import Request.
  Time since last request: 0.000275 seconds.
  path: Assets/Models/Conveyors/cover-top.obj
  artifactKey: Guid(b67fed49df0946b4aa533fd8d221085c) Importer(815301076,1909f56bfc062723c751e8b465ee728b)
Start importing Assets/Models/Conveyors/cover-top.obj using Guid(b67fed49df0946b4aa533fd8d221085c) Importer(815301076,1909f56bfc062723c751e8b465ee728b)  -> (artifact id: '4288d5677d76dd350d092da492489bfd') in 0.022308 seconds
Number of updated asset objects reloaded before import = 0
Number of asset objects unloaded after import = 10
========================================================================
Received Import Request.
  Time since last request: 0.000245 seconds.
  path: Assets/Models/Conveyors/conveyor.obj
  artifactKey: Guid(5728940b392753846bd7eae7b010f117) Importer(815301076,1909f56bfc062723c751e8b465ee728b)
Start importing Assets/Models/Conveyors/conveyor.obj using Guid(5728940b392753846bd7eae7b010f117) Importer(815301076,1909f56bfc062723c751e8b465ee728b)  -> (artifact id: 'aea7f081bbd529acdb6e6540841fa648') in 0.022188 seconds
Number of updated asset objects reloaded before import = 0
Number of asset objects unloaded after import = 10
========================================================================
Received Import Request.
  Time since last request: 0.000266 seconds.
  path: Assets/Models/Conveyors/floor-large.obj
  artifactKey: Guid(42830bcd0af5439409b18d5ad7091f6a) Importer(815301076,1909f56bfc062723c751e8b465ee728b)
Start importing Assets/Models/Conveyors/floor-large.obj using Guid(42830bcd0af5439409b18d5ad7091f6a) Importer(815301076,1909f56bfc062723c751e8b465ee728b)  -> (artifact id: '1b454638c272aad04394a81e1a9fc180') in 0.024254 seconds
Number of updated asset objects reloaded before import = 0
Number of asset objects unloaded after import = 10
========================================================================
Received Import Request.
  Time since last request: 0.000601 seconds.
  path: Assets/Models/Conveyors/conveyor-sides.obj
  artifactKey: Guid(21f524957cf33be46bf1598c6a0f4a49) Importer(815301076,1909f56bfc062723c751e8b465ee728b)
Start importing Assets/Models/Conveyors/conveyor-sides.obj using Guid(21f524957cf33be46bf1598c6a0f4a49) Importer(815301076,1909f56bfc062723c751e8b465ee728b)  -> (artifact id: '6b3d444c08d4d3dc77b8104427237ae0') in 0.024220 seconds
Number of updated asset objects reloaded before import = 0
Number of asset objects unloaded after import = 10
========================================================================
Received Import Request.
  Time since last request: 0.000276 seconds.
  path: Assets/Models/Conveyors/door.obj
  artifactKey: Guid(88f5566c9ef736340aadf36759216f77) Importer(815301076,1909f56bfc062723c751e8b465ee728b)
Start importing Assets/Models/Conveyors/door.obj using Guid(88f5566c9ef736340aadf36759216f77) Importer(815301076,1909f56bfc062723c751e8b465ee728b)  -> (artifact id: 'e5c7d1858ae1d7fda9cbb830e594cf23') in 0.020958 seconds
Number of updated asset objects reloaded before import = 0
Number of asset objects unloaded after import = 10
========================================================================
Received Import Request.
  Time since last request: 4.004527 seconds.
  path: Assets/Models/Conveyors/robot-arm-b.obj
  artifactKey: Guid(79e714fcafc035b489178e97f56f860e) Importer(815301076,1909f56bfc062723c751e8b465ee728b)
Start importing Assets/Models/Conveyors/robot-arm-b.obj using Guid(79e714fcafc035b489178e97f56f860e) Importer(815301076,1909f56bfc062723c751e8b465ee728b)  -> (artifact id: '020a803ac458b24bb684c2f448ac96d1') in 0.273583 seconds
Number of updated asset objects reloaded before import = 0
Number of asset objects unloaded after import = 46
========================================================================
Received Import Request.
  Time since last request: 0.000212 seconds.
  path: Assets/Models/Conveyors/structure-yellow-high.obj
  artifactKey: Guid(e61ab681a0f25bd4aae7958e992a0feb) Importer(815301076,1909f56bfc062723c751e8b465ee728b)
Start importing Assets/Models/Conveyors/structure-yellow-high.obj using Guid(e61ab681a0f25bd4aae7958e992a0feb) Importer(815301076,1909f56bfc062723c751e8b465ee728b)  -> (artifact id: 'df71a68ec0da98b260b6095f054823cc') in 0.027106 seconds
Number of updated asset objects reloaded before import = 0
Number of asset objects unloaded after import = 10
========================================================================
Received Import Request.
  Time since last request: 0.000521 seconds.
  path: Assets/Models/Conveyors/structure-yellow-medium.obj
  artifactKey: Guid(860ed6f32bb06b342bcd8bb925585915) Importer(815301076,1909f56bfc062723c751e8b465ee728b)
Start importing Assets/Models/Conveyors/structure-yellow-medium.obj using Guid(860ed6f32bb06b342bcd8bb925585915) Importer(815301076,1909f56bfc062723c751e8b465ee728b)  -> (artifact id: 'd21651d008cdeda5c0f467579c572c67') in 0.027677 seconds
Number of updated asset objects reloaded before import = 0
Number of asset objects unloaded after import = 10
========================================================================
Received Import Request.
  Time since last request: 0.000027 seconds.
  path: Assets/Models/Conveyors/structure-doorway.obj
  artifactKey: Guid(d3c43681872d16748af90dfe0652a3ac) Importer(815301076,1909f56bfc062723c751e8b465ee728b)
Start importing Assets/Models/Conveyors/structure-doorway.obj using Guid(d3c43681872d16748af90dfe0652a3ac) Importer(815301076,1909f56bfc062723c751e8b465ee728b)  -> (artifact id: '684f29c1790f59daaa520b5b7f293bba') in 0.024610 seconds
Number of updated asset objects reloaded before import = 0
Number of asset objects unloaded after import = 10
========================================================================
Received Import Request.
  Time since last request: 127.087797 seconds.
  path: Assets/Models/Conveyors/variation-a.png
  artifactKey: Guid(f0668338777e1534ba0696ee8d5d0e43) Importer(815301076,1909f56bfc062723c751e8b465ee728b)
Start importing Assets/Models/Conveyors/variation-a.png using Guid(f0668338777e1534ba0696ee8d5d0e43) Importer(815301076,1909f56bfc062723c751e8b465ee728b)  -> (artifact id: '07bdb2fde58bab07841772ca215034b5') in 0.019344 seconds
Number of updated asset objects reloaded before import = 0
Number of asset objects unloaded after import = 2
========================================================================
Received Import Request.
  Time since last request: 110.460156 seconds.
  path: Assets/Models/Conveyors/colormap.png
  artifactKey: Guid(1f192258e6a6d4d4a8d2312fe062d30f) Importer(815301076,1909f56bfc062723c751e8b465ee728b)
Start importing Assets/Models/Conveyors/colormap.png using Guid(1f192258e6a6d4d4a8d2312fe062d30f) Importer(815301076,1909f56bfc062723c751e8b465ee728b)  -> (artifact id: 'feaaa52e5bb47749fceba7f0a306b85a') in 0.014291 seconds
Number of updated asset objects reloaded before import = 0
Number of asset objects unloaded after import = 2
========================================================================
Received Import Request.
  Time since last request: 258.874639 seconds.
  path: Assets/Models/Conveyors/ConveyorMaterials.mat
  artifactKey: Guid(ceff8dfdb7eb8204ea2972deed43bfb4) Importer(815301076,1909f56bfc062723c751e8b465ee728b)
Start importing Assets/Models/Conveyors/ConveyorMaterials.mat using Guid(ceff8dfdb7eb8204ea2972deed43bfb4) Importer(815301076,1909f56bfc062723c751e8b465ee728b)  -> (artifact id: 'b320d204f79eaa7d7dcb72622b9ec015') in 0.008334 seconds
Number of updated asset objects reloaded before import = 0
Number of asset objects unloaded after import = 1
========================================================================
Received Import Request.
  Time since last request: 11.402140 seconds.
  path: Assets/Models/Conveyors/arrow.fbx
  artifactKey: Guid(7e4dc4d3f033eba48bceca81f5f20195) Importer(815301076,1909f56bfc062723c751e8b465ee728b)
Start importing Assets/Models/Conveyors/arrow.fbx using Guid(7e4dc4d3f033eba48bceca81f5f20195) Importer(815301076,1909f56bfc062723c751e8b465ee728b)  -> (artifact id: '9489235d70ad8ac650f88147bb575bff') in 0.031770 seconds
Number of updated asset objects reloaded before import = 0
Number of asset objects unloaded after import = 9
========================================================================
Received Import Request.
  Time since last request: 0.001240 seconds.
  path: Assets/Models/Conveyors/box-wide.fbx
  artifactKey: Guid(864e146b7c821bd469c24cac71151c32) Importer(815301076,1909f56bfc062723c751e8b465ee728b)
Start importing Assets/Models/Conveyors/box-wide.fbx using Guid(864e146b7c821bd469c24cac71151c32) Importer(815301076,1909f56bfc062723c751e8b465ee728b)  -> (artifact id: '027b04955b54a332a39c30f312c7bdc3') in 0.052344 seconds
Number of updated asset objects reloaded before import = 0
Number of asset objects unloaded after import = 9
========================================================================
Received Import Request.
  Time since last request: 0.001014 seconds.
  path: Assets/Models/Conveyors/door-wide-open.fbx
  artifactKey: Guid(48439250d9901514fb30d7b08292f7a5) Importer(815301076,1909f56bfc062723c751e8b465ee728b)
Start importing Assets/Models/Conveyors/door-wide-open.fbx using Guid(48439250d9901514fb30d7b08292f7a5) Importer(815301076,1909f56bfc062723c751e8b465ee728b)  -> (artifact id: 'b3709316ea4e300a24e732a88a1bf1f7') in 0.052515 seconds
Number of updated asset objects reloaded before import = 0
Number of asset objects unloaded after import = 9
========================================================================
Received Import Request.
  Time since last request: 0.000358 seconds.
  path: Assets/Models/Conveyors/box-large.fbx
  artifactKey: Guid(20d1b215282fe5242a96943cd4d17490) Importer(815301076,1909f56bfc062723c751e8b465ee728b)
Start importing Assets/Models/Conveyors/box-large.fbx using Guid(20d1b215282fe5242a96943cd4d17490) Importer(815301076,1909f56bfc062723c751e8b465ee728b)  -> (artifact id: '383043dc20b949ad53b0e5dacc498eee') in 0.070372 seconds
Number of updated asset objects reloaded before import = 0
Number of asset objects unloaded after import = 9
========================================================================
Received Import Request.
  Time since last request: 0.000384 seconds.
  path: Assets/Models/Conveyors/cover-stripe-window.fbx
  artifactKey: Guid(d427944340506a34f86059c0af34c267) Importer(815301076,1909f56bfc062723c751e8b465ee728b)
Start importing Assets/Models/Conveyors/cover-stripe-window.fbx using Guid(d427944340506a34f86059c0af34c267) Importer(815301076,1909f56bfc062723c751e8b465ee728b)  -> (artifact id: '20f1b294a81c47889b49d8d4cfe6b3db') in 0.037520 seconds
Number of updated asset objects reloaded before import = 0
Number of asset objects unloaded after import = 9
========================================================================
Received Import Request.
  Time since last request: 0.000258 seconds.
  path: Assets/Models/Conveyors/cover-stripe.fbx
  artifactKey: Guid(b628c5cc930d8b74a8c87da5cddf79a3) Importer(815301076,1909f56bfc062723c751e8b465ee728b)
Start importing Assets/Models/Conveyors/cover-stripe.fbx using Guid(b628c5cc930d8b74a8c87da5cddf79a3) Importer(815301076,1909f56bfc062723c751e8b465ee728b)  -> (artifact id: '6457c6b55b83336b3fde63e71f82f14b') in 0.024070 seconds
Number of updated asset objects reloaded before import = 0
Number of asset objects unloaded after import = 9
========================================================================
Received Import Request.
  Time since last request: 0.000500 seconds.
  path: Assets/Models/Conveyors/conveyor.fbx
  artifactKey: Guid(046b740d942998a4c99dc62612506379) Importer(815301076,1909f56bfc062723c751e8b465ee728b)
Start importing Assets/Models/Conveyors/conveyor.fbx using Guid(046b740d942998a4c99dc62612506379) Importer(815301076,1909f56bfc062723c751e8b465ee728b)  -> (artifact id: '391e22b89a1a57db98a022b80ace44c3') in 0.027121 seconds
Number of updated asset objects reloaded before import = 0
Number of asset objects unloaded after import = 9
========================================================================
Received Import Request.
  Time since last request: 0.000222 seconds.
  path: Assets/Models/Conveyors/cover-hopper.fbx
  artifactKey: Guid(982fdd5b3558ba6479af79261f69f228) Importer(815301076,1909f56bfc062723c751e8b465ee728b)
Start importing Assets/Models/Conveyors/cover-hopper.fbx using Guid(982fdd5b3558ba6479af79261f69f228) Importer(815301076,1909f56bfc062723c751e8b465ee728b)  -> (artifact id: '1b4e25d70d899798fc15197081414359') in 0.029569 seconds
Number of updated asset objects reloaded before import = 0
Number of asset objects unloaded after import = 9
========================================================================
Received Import Request.
  Time since last request: 0.000249 seconds.
  path: Assets/Models/Conveyors/conveyor-bars.fbx
  artifactKey: Guid(fc541d184e3bbb349b4f889ba271d97b) Importer(815301076,1909f56bfc062723c751e8b465ee728b)
Start importing Assets/Models/Conveyors/conveyor-bars.fbx using Guid(fc541d184e3bbb349b4f889ba271d97b) Importer(815301076,1909f56bfc062723c751e8b465ee728b)  -> (artifact id: '70d6ef064d542be18a9e8a01b1839168') in 0.017063 seconds
Number of updated asset objects reloaded before import = 0
Number of asset objects unloaded after import = 9
========================================================================
Received Import Request.
  Time since last request: 0.000298 seconds.
  path: Assets/Models/Conveyors/conveyor-bars-stripe.fbx
  artifactKey: Guid(597542a101358c943a87f7dd91146e62) Importer(815301076,1909f56bfc062723c751e8b465ee728b)
Start importing Assets/Models/Conveyors/conveyor-bars-stripe.fbx using Guid(597542a101358c943a87f7dd91146e62) Importer(815301076,1909f56bfc062723c751e8b465ee728b)  -> (artifact id: 'df29cdf6e2ddcb6cc51ed96301a7c119') in 0.021005 seconds
Number of updated asset objects reloaded before import = 0
Number of asset objects unloaded after import = 9
========================================================================
Received Import Request.
  Time since last request: 0.000247 seconds.
  path: Assets/Models/Conveyors/cover-stripe-bar.fbx
  artifactKey: Guid(86b420fdc8f399d4299e1a14b554a735) Importer(815301076,1909f56bfc062723c751e8b465ee728b)
Start importing Assets/Models/Conveyors/cover-stripe-bar.fbx using Guid(86b420fdc8f399d4299e1a14b554a735) Importer(815301076,1909f56bfc062723c751e8b465ee728b)  -> (artifact id: '109b799a1743efbc312005eb43941adc') in 0.021040 seconds
Number of updated asset objects reloaded before import = 0
Number of asset objects unloaded after import = 9
========================================================================
Received Import Request.
  Time since last request: 0.000346 seconds.
  path: Assets/Models/Conveyors/cover-stripe-top.fbx
  artifactKey: Guid(1fd4e431be868d448aec635b4803e7bc) Importer(815301076,1909f56bfc062723c751e8b465ee728b)
Start importing Assets/Models/Conveyors/cover-stripe-top.fbx using Guid(1fd4e431be868d448aec635b4803e7bc) Importer(815301076,1909f56bfc062723c751e8b465ee728b)  -> (artifact id: 'fc04be7e134bbc5a6ea4c48709672f16') in 0.023297 seconds
Number of updated asset objects reloaded before import = 0
Number of asset objects unloaded after import = 9
========================================================================
Received Import Request.
  Time since last request: 0.000204 seconds.
  path: Assets/Models/Conveyors/conveyor-long-sides.fbx
  artifactKey: Guid(440d7725b46b94848918e000bcc35ab8) Importer(815301076,1909f56bfc062723c751e8b465ee728b)
Start importing Assets/Models/Conveyors/conveyor-long-sides.fbx using Guid(440d7725b46b94848918e000bcc35ab8) Importer(815301076,1909f56bfc062723c751e8b465ee728b)  -> (artifact id: 'ed62c275f4e79889c2d0f624454eb8dc') in 0.036871 seconds
Number of updated asset objects reloaded before import = 0
Number of asset objects unloaded after import = 16
========================================================================
Received Import Request.
  Time since last request: 0.000231 seconds.
  path: Assets/Models/Conveyors/conveyor-bars-fence.fbx
  artifactKey: Guid(83ccd9d0b776d4c40b36afe23815a13f) Importer(815301076,1909f56bfc062723c751e8b465ee728b)
Start importing Assets/Models/Conveyors/conveyor-bars-fence.fbx using Guid(83ccd9d0b776d4c40b36afe23815a13f) Importer(815301076,1909f56bfc062723c751e8b465ee728b)  -> (artifact id: 'ef66d107350e707138b027d03a02caec') in 0.056925 seconds
Number of updated asset objects reloaded before import = 0
Number of asset objects unloaded after import = 21
========================================================================
Received Import Request.
  Time since last request: 0.000243 seconds.
  path: Assets/Models/Conveyors/conveyor-bars-stripe-fence.fbx
  artifactKey: Guid(a5b140e317147b548b78cf789929152e) Importer(815301076,1909f56bfc062723c751e8b465ee728b)
Start importing Assets/Models/Conveyors/conveyor-bars-stripe-fence.fbx using Guid(a5b140e317147b548b78cf789929152e) Importer(815301076,1909f56bfc062723c751e8b465ee728b)  -> (artifact id: '9e3ff8bc8a22b075505e6e9889619007') in 0.052437 seconds
Number of updated asset objects reloaded before import = 0
Number of asset objects unloaded after import = 21
========================================================================
Received Import Request.
  Time since last request: 0.000220 seconds.
  path: Assets/Models/Conveyors/conveyor-stripe-sides.fbx
  artifactKey: Guid(3490cedf1e759234cbb0141d95d571d5) Importer(815301076,1909f56bfc062723c751e8b465ee728b)
Start importing Assets/Models/Conveyors/conveyor-stripe-sides.fbx using Guid(3490cedf1e759234cbb0141d95d571d5) Importer(815301076,1909f56bfc062723c751e8b465ee728b)  -> (artifact id: '625bf9d53b57536b590d95d8144b32d9') in 0.045854 seconds
Number of updated asset objects reloaded before import = 0
Number of asset objects unloaded after import = 16
========================================================================
Received Import Request.
  Time since last request: 0.000481 seconds.
  path: Assets/Models/Conveyors/door-wide-closed.fbx
  artifactKey: Guid(8a27aa40925b4b845bf4d702d0b6fe61) Importer(815301076,1909f56bfc062723c751e8b465ee728b)
Start importing Assets/Models/Conveyors/door-wide-closed.fbx using Guid(8a27aa40925b4b845bf4d702d0b6fe61) Importer(815301076,1909f56bfc062723c751e8b465ee728b)  -> (artifact id: '6e4ca8e3a749b926d70ec105a3b687cf') in 0.033368 seconds
Number of updated asset objects reloaded before import = 0
Number of asset objects unloaded after import = 9
========================================================================
Received Import Request.
  Time since last request: 0.000256 seconds.
  path: Assets/Models/Conveyors/door.fbx
  artifactKey: Guid(eeb907363c398f943808ece3b6717cf8) Importer(815301076,1909f56bfc062723c751e8b465ee728b)
Start importing Assets/Models/Conveyors/door.fbx using Guid(eeb907363c398f943808ece3b6717cf8) Importer(815301076,1909f56bfc062723c751e8b465ee728b)  -> (artifact id: '99f2bfe67597422cddb10bb54987e04e') in 0.038832 seconds
Number of updated asset objects reloaded before import = 0
Number of asset objects unloaded after import = 14
========================================================================
Received Import Request.
  Time since last request: 0.000024 seconds.
  path: Assets/Models/Conveyors/conveyor-bars-sides.fbx
  artifactKey: Guid(4f5a75cbe46ca0940bc575c1c57b2d94) Importer(815301076,1909f56bfc062723c751e8b465ee728b)
Start importing Assets/Models/Conveyors/conveyor-bars-sides.fbx using Guid(4f5a75cbe46ca0940bc575c1c57b2d94) Importer(815301076,1909f56bfc062723c751e8b465ee728b)  -> (artifact id: 'd253b9e93d6acbbd62624364950f420c') in 0.051099 seconds
Number of updated asset objects reloaded before import = 0
Number of asset objects unloaded after import = 16
========================================================================
Received Import Request.
  Time since last request: 0.878608 seconds.
  path: Assets/Models/Conveyors/floor.fbx
  artifactKey: Guid(a9d4d29e7427e6c4da67334620b12494) Importer(815301076,1909f56bfc062723c751e8b465ee728b)
Start importing Assets/Models/Conveyors/floor.fbx using Guid(a9d4d29e7427e6c4da67334620b12494) Importer(815301076,1909f56bfc062723c751e8b465ee728b)  -> (artifact id: '9fed6e6cdf0ca6df2573d42cd95eb174') in 0.024147 seconds
Number of updated asset objects reloaded before import = 0
Number of asset objects unloaded after import = 9
========================================================================
Received Import Request.
  Time since last request: 0.000260 seconds.
  path: Assets/Models/Conveyors/structure-corner-outer.fbx
  artifactKey: Guid(71ea219c523b8624c83f9eb7a9dcbbdc) Importer(815301076,1909f56bfc062723c751e8b465ee728b)
Start importing Assets/Models/Conveyors/structure-corner-outer.fbx using Guid(71ea219c523b8624c83f9eb7a9dcbbdc) Importer(815301076,1909f56bfc062723c751e8b465ee728b)  -> (artifact id: 'c41718425b1194e8565efbdef7de602a') in 0.024537 seconds
Number of updated asset objects reloaded before import = 0
Number of asset objects unloaded after import = 9
========================================================================
Received Import Request.
  Time since last request: 0.000345 seconds.
  path: Assets/Models/Conveyors/structure-short.fbx
  artifactKey: Guid(7e22dae5193662146b899ae2b2900c57) Importer(815301076,1909f56bfc062723c751e8b465ee728b)
Start importing Assets/Models/Conveyors/structure-short.fbx using Guid(7e22dae5193662146b899ae2b2900c57) Importer(815301076,1909f56bfc062723c751e8b465ee728b)  -> (artifact id: '7241adaff740acd28361d3f68d5c8781') in 0.020561 seconds
Number of updated asset objects reloaded before import = 0
Number of asset objects unloaded after import = 9
========================================================================
Received Import Request.
  Time since last request: 0.000196 seconds.
  path: Assets/Models/Conveyors/structure-doorway-wide.fbx
  artifactKey: Guid(bae198d1b2796c348906ad8265ed28b6) Importer(815301076,1909f56bfc062723c751e8b465ee728b)
Start importing Assets/Models/Conveyors/structure-doorway-wide.fbx using Guid(bae198d1b2796c348906ad8265ed28b6) Importer(815301076,1909f56bfc062723c751e8b465ee728b)  -> (artifact id: 'c402dcdf6eac12601b542f6bda083b37') in 0.023771 seconds
Number of updated asset objects reloaded before import = 0
Number of asset objects unloaded after import = 9
========================================================================
Received Import Request.
  Time since last request: 0.000241 seconds.
  path: Assets/Models/Conveyors/scanner-high.fbx
  artifactKey: Guid(db2232da3d05b984c83744134e470ecf) Importer(815301076,1909f56bfc062723c751e8b465ee728b)
Start importing Assets/Models/Conveyors/scanner-high.fbx using Guid(db2232da3d05b984c83744134e470ecf) Importer(815301076,1909f56bfc062723c751e8b465ee728b)  -> (artifact id: '739f9a0f652846c6a490e2c46b520c03') in 0.025480 seconds
Number of updated asset objects reloaded before import = 0
Number of asset objects unloaded after import = 9
========================================================================
Received Import Request.
  Time since last request: 0.000298 seconds.
  path: Assets/Models/Conveyors/structure-corner-inner.fbx
  artifactKey: Guid(e5ac95aca86086240a5a85ea959f3b7a) Importer(815301076,1909f56bfc062723c751e8b465ee728b)
Start importing Assets/Models/Conveyors/structure-corner-inner.fbx using Guid(e5ac95aca86086240a5a85ea959f3b7a) Importer(815301076,1909f56bfc062723c751e8b465ee728b)  -> (artifact id: '16338c3aa6573245afa419ede5fc78b5') in 0.017665 seconds
Number of updated asset objects reloaded before import = 0
Number of asset objects unloaded after import = 9
========================================================================
Received Import Request.
  Time since last request: 0.000340 seconds.
  path: Assets/Models/Conveyors/scanner-low.fbx
  artifactKey: Guid(7052a27babae84b4eb7fea6639391d7b) Importer(815301076,1909f56bfc062723c751e8b465ee728b)
Start importing Assets/Models/Conveyors/scanner-low.fbx using Guid(7052a27babae84b4eb7fea6639391d7b) Importer(815301076,1909f56bfc062723c751e8b465ee728b)  -> (artifact id: '5e496fff1f5e8b0717fba6ee5fb8913f') in 0.021006 seconds
Number of updated asset objects reloaded before import = 0
Number of asset objects unloaded after import = 9
========================================================================
Received Import Request.
  Time since last request: 0.000373 seconds.
  path: Assets/Models/Conveyors/structure-high.fbx
  artifactKey: Guid(b49943c194dac8542bbb2eace6b4ceb3) Importer(815301076,1909f56bfc062723c751e8b465ee728b)
Start importing Assets/Models/Conveyors/structure-high.fbx using Guid(b49943c194dac8542bbb2eace6b4ceb3) Importer(815301076,1909f56bfc062723c751e8b465ee728b)  -> (artifact id: 'eccdfbed921e048607e0770cb06ad595') in 0.024500 seconds
Number of updated asset objects reloaded before import = 0
Number of asset objects unloaded after import = 9
========================================================================
Received Import Request.
  Time since last request: 1.078002 seconds.
  path: Assets/Models/Conveyors/structure-tall.fbx
  artifactKey: Guid(221c4d622c61eb7459630a726fdc2d82) Importer(815301076,1909f56bfc062723c751e8b465ee728b)
Start importing Assets/Models/Conveyors/structure-tall.fbx using Guid(221c4d622c61eb7459630a726fdc2d82) Importer(815301076,1909f56bfc062723c751e8b465ee728b)  -> (artifact id: '334b2687def117645702432b84305b97') in 0.021602 seconds
Number of updated asset objects reloaded before import = 0
Number of asset objects unloaded after import = 9
========================================================================
Received Import Request.
  Time since last request: 0.000268 seconds.
  path: Assets/Models/Conveyors/structure-window-wide.fbx
  artifactKey: Guid(27e6e56fbb58ee2489b86082517a4134) Importer(815301076,1909f56bfc062723c751e8b465ee728b)
Start importing Assets/Models/Conveyors/structure-window-wide.fbx using Guid(27e6e56fbb58ee2489b86082517a4134) Importer(815301076,1909f56bfc062723c751e8b465ee728b)  -> (artifact id: '9484d2f681f52ad3abbf29901735a9ea') in 0.017763 seconds
Number of updated asset objects reloaded before import = 0
Number of asset objects unloaded after import = 9
========================================================================
Received Import Request.
  Time since last request: 0.000020 seconds.
  path: Assets/Models/Conveyors/structure-yellow-high.fbx
  artifactKey: Guid(bb03056fc15a3f44a952b84cb7fb980c) Importer(815301076,1909f56bfc062723c751e8b465ee728b)
Start importing Assets/Models/Conveyors/structure-yellow-high.fbx using Guid(bb03056fc15a3f44a952b84cb7fb980c) Importer(815301076,1909f56bfc062723c751e8b465ee728b)  -> (artifact id: '58ff70d67b50c2cc8d3de18003aa374b') in 0.016835 seconds
Number of updated asset objects reloaded before import = 0
Number of asset objects unloaded after import = 9
========================================================================
Received Import Request.
  Time since last request: 0.000317 seconds.
  path: Assets/Models/Conveyors/top-large.fbx
  artifactKey: Guid(78fcb9848ab48a549bd2db95d88e0907) Importer(815301076,1909f56bfc062723c751e8b465ee728b)
Start importing Assets/Models/Conveyors/top-large.fbx using Guid(78fcb9848ab48a549bd2db95d88e0907) Importer(815301076,1909f56bfc062723c751e8b465ee728b)  -> (artifact id: '1f6fcdc32d302d47f6156be206d1eab1') in 0.017324 seconds
Number of updated asset objects reloaded before import = 0
Number of asset objects unloaded after import = 9
========================================================================
Received Import Request.
  Time since last request: 0.000300 seconds.
  path: Assets/Models/Conveyors/structure-yellow-medium.fbx
  artifactKey: Guid(04bf4e2673c72d94fa75867712c502cf) Importer(815301076,1909f56bfc062723c751e8b465ee728b)
Start importing Assets/Models/Conveyors/structure-yellow-medium.fbx using Guid(04bf4e2673c72d94fa75867712c502cf) Importer(815301076,1909f56bfc062723c751e8b465ee728b)  -> (artifact id: '7c37326280cc3aebe41645d8f22a960b') in 0.017000 seconds
Number of updated asset objects reloaded before import = 0
Number of asset objects unloaded after import = 9
========================================================================
Received Import Request.
  Time since last request: 176.296329 seconds.
  path: Assets/Models/Raw Conveyors
  artifactKey: Guid(8d3c83c50bea2ea489ac579c8d1dca4d) Importer(815301076,1909f56bfc062723c751e8b465ee728b)
Start importing Assets/Models/Raw Conveyors using Guid(8d3c83c50bea2ea489ac579c8d1dca4d) Importer(815301076,1909f56bfc062723c751e8b465ee728b)  -> (artifact id: '7ad94c887cf1e1aa33f7f210215e47f9') in 0.000721 seconds
Number of updated asset objects reloaded before import = 0
Number of asset objects unloaded after import = 0
========================================================================
Received Import Request.
  Time since last request: 7.072848 seconds.
  path: Assets/Models/Conveyor Prefabs
  artifactKey: Guid(e9a0e434baac79a49a14edd3b277247e) Importer(815301076,1909f56bfc062723c751e8b465ee728b)
Start importing Assets/Models/Conveyor Prefabs using Guid(e9a0e434baac79a49a14edd3b277247e) Importer(815301076,1909f56bfc062723c751e8b465ee728b)  -> (artifact id: '0caf1786ca9ba14cba7fdb19c7c14901') in 0.000803 seconds
Number of updated asset objects reloaded before import = 0
Number of asset objects unloaded after import = 0
========================================================================
Received Import Request.
  Time since last request: 15.689207 seconds.
  path: Assets/Models/Raw Conveyors/ConveyorMaterial.mat
  artifactKey: Guid(a7cc6950979940344b0485494795512c) Importer(815301076,1909f56bfc062723c751e8b465ee728b)
Start importing Assets/Models/Raw Conveyors/ConveyorMaterial.mat using Guid(a7cc6950979940344b0485494795512c) Importer(815301076,1909f56bfc062723c751e8b465ee728b)  -> (artifact id: 'f9b51f6e60e9f5bdbb0b216a193adc34') in 0.014677 seconds
Number of updated asset objects reloaded before import = 0
Number of asset objects unloaded after import = 1
========================================================================
Received Import Request.
  Time since last request: 57.198222 seconds.
  path: Assets/Models/Raw Conveyors/conveyor-bars-stripe-fence.fbx
  artifactKey: Guid(a5b140e317147b548b78cf789929152e) Importer(815301076,1909f56bfc062723c751e8b465ee728b)
Start importing Assets/Models/Raw Conveyors/conveyor-bars-stripe-fence.fbx using Guid(a5b140e317147b548b78cf789929152e) Importer(815301076,1909f56bfc062723c751e8b465ee728b)  -> (artifact id: '07a9ded31166e5922d3f349e3d5d1ce3') in 0.071811 seconds
Number of updated asset objects reloaded before import = 0
Number of asset objects unloaded after import = 20
========================================================================
Received Import Request.
  Time since last request: 0.000254 seconds.
  path: Assets/Models/Raw Conveyors/door-wide-open.fbx
  artifactKey: Guid(48439250d9901514fb30d7b08292f7a5) Importer(815301076,1909f56bfc062723c751e8b465ee728b)
Start importing Assets/Models/Raw Conveyors/door-wide-open.fbx using Guid(48439250d9901514fb30d7b08292f7a5) Importer(815301076,1909f56bfc062723c751e8b465ee728b)  -> (artifact id: '891b8134df9631689c0b04810f565849') in 0.042271 seconds
Number of updated asset objects reloaded before import = 0
Number of asset objects unloaded after import = 8
========================================================================
Received Import Request.
  Time since last request: 0.000129 seconds.
  path: Assets/Models/Raw Conveyors/conveyor-long-stripe-sides.fbx
  artifactKey: Guid(75a34bd9906def648a61d2ea08908379) Importer(815301076,1909f56bfc062723c751e8b465ee728b)
Start importing Assets/Models/Raw Conveyors/conveyor-long-stripe-sides.fbx using Guid(75a34bd9906def648a61d2ea08908379) Importer(815301076,1909f56bfc062723c751e8b465ee728b)  -> (artifact id: '76f6ced0c472442691d64be87c990841') in 0.036431 seconds
Number of updated asset objects reloaded before import = 0
Number of asset objects unloaded after import = 15
========================================================================
Received Import Request.
  Time since last request: 0.000226 seconds.
  path: Assets/Models/Raw Conveyors/cover-stripe-window.fbx
  artifactKey: Guid(d427944340506a34f86059c0af34c267) Importer(815301076,1909f56bfc062723c751e8b465ee728b)
Start importing Assets/Models/Raw Conveyors/cover-stripe-window.fbx using Guid(d427944340506a34f86059c0af34c267) Importer(815301076,1909f56bfc062723c751e8b465ee728b)  -> (artifact id: '5b9307956bffaf7c559c0ccaedea8e45') in 0.020525 seconds
Number of updated asset objects reloaded before import = 0
Number of asset objects unloaded after import = 8
========================================================================
Received Import Request.
  Time since last request: 0.000437 seconds.
  path: Assets/Models/Raw Conveyors/box-small.fbx
  artifactKey: Guid(a7da24c3cbbed5f4b99e30b9c2269722) Importer(815301076,1909f56bfc062723c751e8b465ee728b)
Start importing Assets/Models/Raw Conveyors/box-small.fbx using Guid(a7da24c3cbbed5f4b99e30b9c2269722) Importer(815301076,1909f56bfc062723c751e8b465ee728b)  -> (artifact id: '3f89f1ca7a7bad2ebbc3b7a7016a58c8') in 0.022214 seconds
Number of updated asset objects reloaded before import = 0
Number of asset objects unloaded after import = 8
========================================================================
Received Import Request.
  Time since last request: 0.000285 seconds.
  path: Assets/Models/Raw Conveyors/floor-large.fbx
  artifactKey: Guid(f0ed049ba7ecfa145aa55a4a60079412) Importer(815301076,1909f56bfc062723c751e8b465ee728b)
Start importing Assets/Models/Raw Conveyors/floor-large.fbx using Guid(f0ed049ba7ecfa145aa55a4a60079412) Importer(815301076,1909f56bfc062723c751e8b465ee728b)  -> (artifact id: '7a8ff866329f84e656b0b3ff66c80d27') in 0.017886 seconds
Number of updated asset objects reloaded before import = 0
Number of asset objects unloaded after import = 8
========================================================================
Received Import Request.
  Time since last request: 0.000246 seconds.
  path: Assets/Models/Raw Conveyors/conveyor-bars-high.fbx
  artifactKey: Guid(8bf39bb26fe15b545bc6c0c18c4f19fb) Importer(815301076,1909f56bfc062723c751e8b465ee728b)
Start importing Assets/Models/Raw Conveyors/conveyor-bars-high.fbx using Guid(8bf39bb26fe15b545bc6c0c18c4f19fb) Importer(815301076,1909f56bfc062723c751e8b465ee728b)  -> (artifact id: 'af1fc75f1dae0fc117e975617b5c356b') in 0.030349 seconds
Number of updated asset objects reloaded before import = 0
Number of asset objects unloaded after import = 15
========================================================================
Received Import Request.
  Time since last request: 0.000209 seconds.
  path: Assets/Models/Raw Conveyors/cover-hopper.fbx
  artifactKey: Guid(982fdd5b3558ba6479af79261f69f228) Importer(815301076,1909f56bfc062723c751e8b465ee728b)
Start importing Assets/Models/Raw Conveyors/cover-hopper.fbx using Guid(982fdd5b3558ba6479af79261f69f228) Importer(815301076,1909f56bfc062723c751e8b465ee728b)  -> (artifact id: 'c43cb9c5396e295a73852ce5c80b212c') in 0.018019 seconds
Number of updated asset objects reloaded before import = 0
Number of asset objects unloaded after import = 8
========================================================================
Received Import Request.
  Time since last request: 0.000358 seconds.
  path: Assets/Models/Raw Conveyors/conveyor-bars.fbx
  artifactKey: Guid(fc541d184e3bbb349b4f889ba271d97b) Importer(815301076,1909f56bfc062723c751e8b465ee728b)
Start importing Assets/Models/Raw Conveyors/conveyor-bars.fbx using Guid(fc541d184e3bbb349b4f889ba271d97b) Importer(815301076,1909f56bfc062723c751e8b465ee728b)  -> (artifact id: '371205436ff38e62d595fab12fb5d585') in 0.019363 seconds
Number of updated asset objects reloaded before import = 0
Number of asset objects unloaded after import = 8
========================================================================
Received Import Request.
  Time since last request: 0.000342 seconds.
  path: Assets/Models/Raw Conveyors/conveyor-bars-stripe.fbx
  artifactKey: Guid(597542a101358c943a87f7dd91146e62) Importer(815301076,1909f56bfc062723c751e8b465ee728b)
Start importing Assets/Models/Raw Conveyors/conveyor-bars-stripe.fbx using Guid(597542a101358c943a87f7dd91146e62) Importer(815301076,1909f56bfc062723c751e8b465ee728b)  -> (artifact id: '2ab6b7b01828b2203eb34e88dfc1362d') in 0.018052 seconds
Number of updated asset objects reloaded before import = 0
Number of asset objects unloaded after import = 8
========================================================================
Received Import Request.
  Time since last request: 0.000345 seconds.
  path: Assets/Models/Raw Conveyors/cover-stripe-bar.fbx
  artifactKey: Guid(86b420fdc8f399d4299e1a14b554a735) Importer(815301076,1909f56bfc062723c751e8b465ee728b)
Start importing Assets/Models/Raw Conveyors/cover-stripe-bar.fbx using Guid(86b420fdc8f399d4299e1a14b554a735) Importer(815301076,1909f56bfc062723c751e8b465ee728b)  -> (artifact id: '836ac38f63e67b2595a968a05a0d89a0') in 0.016714 seconds
Number of updated asset objects reloaded before import = 0
Number of asset objects unloaded after import = 8
========================================================================
Received Import Request.
  Time since last request: 0.000257 seconds.
  path: Assets/Models/Raw Conveyors/cover-stripe-top.fbx
  artifactKey: Guid(1fd4e431be868d448aec635b4803e7bc) Importer(815301076,1909f56bfc062723c751e8b465ee728b)
Start importing Assets/Models/Raw Conveyors/cover-stripe-top.fbx using Guid(1fd4e431be868d448aec635b4803e7bc) Importer(815301076,1909f56bfc062723c751e8b465ee728b)  -> (artifact id: 'b5be5f3524f1a8e0afc2f4fe3c71b2d5') in 0.015900 seconds
Number of updated asset objects reloaded before import = 0
Number of asset objects unloaded after import = 8
========================================================================
Received Import Request.
  Time since last request: 0.000307 seconds.
  path: Assets/Models/Raw Conveyors/conveyor-stripe.fbx
  artifactKey: Guid(7870f8cdf2d05ae4eaa12c4b648ce611) Importer(815301076,1909f56bfc062723c751e8b465ee728b)
Start importing Assets/Models/Raw Conveyors/conveyor-stripe.fbx using Guid(7870f8cdf2d05ae4eaa12c4b648ce611) Importer(815301076,1909f56bfc062723c751e8b465ee728b)  -> (artifact id: '36eea35263649f07b02150fac7b7ff13') in 0.018079 seconds
Number of updated asset objects reloaded before import = 0
Number of asset objects unloaded after import = 8
========================================================================
Received Import Request.
  Time since last request: 0.000458 seconds.
  path: Assets/Models/Raw Conveyors/cover-top.fbx
  artifactKey: Guid(9a8efe4f951ad13479ed89103ae8af6f) Importer(815301076,1909f56bfc062723c751e8b465ee728b)
Start importing Assets/Models/Raw Conveyors/cover-top.fbx using Guid(9a8efe4f951ad13479ed89103ae8af6f) Importer(815301076,1909f56bfc062723c751e8b465ee728b)  -> (artifact id: '9284a5dd54d65185f1ba31b3cfec6e76') in 0.018405 seconds
Number of updated asset objects reloaded before import = 0
Number of asset objects unloaded after import = 8
========================================================================
Received Import Request.
  Time since last request: 0.000393 seconds.
  path: Assets/Models/Raw Conveyors/box-long.fbx
  artifactKey: Guid(d79aea2b3a50a2f49b7c9c7587b3d35e) Importer(815301076,1909f56bfc062723c751e8b465ee728b)
Start importing Assets/Models/Raw Conveyors/box-long.fbx using Guid(d79aea2b3a50a2f49b7c9c7587b3d35e) Importer(815301076,1909f56bfc062723c751e8b465ee728b)  -> (artifact id: '2dc2b3bd2b01cf6e20d47ee04f6d873b') in 0.015718 seconds
Number of updated asset objects reloaded before import = 0
Number of asset objects unloaded after import = 8
========================================================================
Received Import Request.
  Time since last request: 0.000235 seconds.
  path: Assets/Models/Raw Conveyors/cover-window.fbx
  artifactKey: Guid(4615849ac0d344e488ffd89579b1be7a) Importer(815301076,1909f56bfc062723c751e8b465ee728b)
Start importing Assets/Models/Raw Conveyors/cover-window.fbx using Guid(4615849ac0d344e488ffd89579b1be7a) Importer(815301076,1909f56bfc062723c751e8b465ee728b)  -> (artifact id: 'd0dccc27ace2b4e8cc03d2b34c62f76f') in 0.017100 seconds
Number of updated asset objects reloaded before import = 0
Number of asset objects unloaded after import = 8
========================================================================
Received Import Request.
  Time since last request: 0.000409 seconds.
  path: Assets/Models/Raw Conveyors/conveyor-bars-stripe-side.fbx
  artifactKey: Guid(759efb33a73c4864ba0ea5be29aa9b26) Importer(815301076,1909f56bfc062723c751e8b465ee728b)
Start importing Assets/Models/Raw Conveyors/conveyor-bars-stripe-side.fbx using Guid(759efb33a73c4864ba0ea5be29aa9b26) Importer(815301076,1909f56bfc062723c751e8b465ee728b)  -> (artifact id: '7c0c643cbfddfb4b41b885a9d09ce439') in 0.032897 seconds
Number of updated asset objects reloaded before import = 0
Number of asset objects unloaded after import = 15
========================================================================
Received Import Request.
  Time since last request: 0.000252 seconds.
  path: Assets/Models/Raw Conveyors/conveyor-stripe-sides.fbx
  artifactKey: Guid(3490cedf1e759234cbb0141d95d571d5) Importer(815301076,1909f56bfc062723c751e8b465ee728b)
Start importing Assets/Models/Raw Conveyors/conveyor-stripe-sides.fbx using Guid(3490cedf1e759234cbb0141d95d571d5) Importer(815301076,1909f56bfc062723c751e8b465ee728b)  -> (artifact id: 'f8c4b55aba8309588dde4396bee9a7c9') in 0.036469 seconds
Number of updated asset objects reloaded before import = 0
Number of asset objects unloaded after import = 15
========================================================================
Received Import Request.
  Time since last request: 0.000221 seconds.
  path: Assets/Models/Raw Conveyors/cover-bar.fbx
  artifactKey: Guid(d8a8a3a0fffc3c54cb07829e3658aeb9) Importer(815301076,1909f56bfc062723c751e8b465ee728b)
Start importing Assets/Models/Raw Conveyors/cover-bar.fbx using Guid(d8a8a3a0fffc3c54cb07829e3658aeb9) Importer(815301076,1909f56bfc062723c751e8b465ee728b)  -> (artifact id: '8b463bf9882e81f3a3eb52e53e69e6da') in 0.019815 seconds
Number of updated asset objects reloaded before import = 0
Number of asset objects unloaded after import = 8
========================================================================
Received Import Request.
  Time since last request: 0.000548 seconds.
  path: Assets/Models/Raw Conveyors/cover-stripe-corner.fbx
  artifactKey: Guid(3e2a0886d2e32ff4c95c118598d10386) Importer(815301076,1909f56bfc062723c751e8b465ee728b)
Start importing Assets/Models/Raw Conveyors/cover-stripe-corner.fbx using Guid(3e2a0886d2e32ff4c95c118598d10386) Importer(815301076,1909f56bfc062723c751e8b465ee728b)  -> (artifact id: '71238132842cfdc4bc0ab072e7696d29') in 0.020959 seconds
Number of updated asset objects reloaded before import = 0
Number of asset objects unloaded after import = 8
========================================================================
Received Import Request.
  Time since last request: 0.291997 seconds.
  path: Assets/Models/Raw Conveyors/robot-arm-a.fbx
  artifactKey: Guid(2f8276e4a961db24ab711aefa46fa6bb) Importer(815301076,1909f56bfc062723c751e8b465ee728b)
Start importing Assets/Models/Raw Conveyors/robot-arm-a.fbx using Guid(2f8276e4a961db24ab711aefa46fa6bb) Importer(815301076,1909f56bfc062723c751e8b465ee728b)  -> (artifact id: '39595fc6b708f5ee39c7d092c0c8a716') in 0.059517 seconds
Number of updated asset objects reloaded before import = 0
Number of asset objects unloaded after import = 48
========================================================================
Received Import Request.
  Time since last request: 0.000108 seconds.
  path: Assets/Models/Raw Conveyors/structure-wall.fbx
  artifactKey: Guid(35854bc029f968a4288650ed72afa715) Importer(815301076,1909f56bfc062723c751e8b465ee728b)
Start importing Assets/Models/Raw Conveyors/structure-wall.fbx using Guid(35854bc029f968a4288650ed72afa715) Importer(815301076,1909f56bfc062723c751e8b465ee728b)  -> (artifact id: '14031f57cf2250fd8acc86faee7ea974') in 0.018765 seconds
Number of updated asset objects reloaded before import = 0
Number of asset objects unloaded after import = 8
========================================================================
Received Import Request.
  Time since last request: 0.000311 seconds.
  path: Assets/Models/Raw Conveyors/top.fbx
  artifactKey: Guid(46b394d57ff3bef4fa69e5c122d0f804) Importer(815301076,1909f56bfc062723c751e8b465ee728b)
Start importing Assets/Models/Raw Conveyors/top.fbx using Guid(46b394d57ff3bef4fa69e5c122d0f804) Importer(815301076,1909f56bfc062723c751e8b465ee728b)  -> (artifact id: '870fd9236169ed9f655b8df13ab8bf19') in 0.018950 seconds
Number of updated asset objects reloaded before import = 0
Number of asset objects unloaded after import = 8
========================================================================
Received Import Request.
  Time since last request: 0.000302 seconds.
  path: Assets/Models/Raw Conveyors/structure-doorway-wide.fbx
  artifactKey: Guid(bae198d1b2796c348906ad8265ed28b6) Importer(815301076,1909f56bfc062723c751e8b465ee728b)
Start importing Assets/Models/Raw Conveyors/structure-doorway-wide.fbx using Guid(bae198d1b2796c348906ad8265ed28b6) Importer(815301076,1909f56bfc062723c751e8b465ee728b)  -> (artifact id: 'cea2440ec175eaba0b258dbb1a98bab1') in 0.021318 seconds
Number of updated asset objects reloaded before import = 0
Number of asset objects unloaded after import = 8
========================================================================
Received Import Request.
  Time since last request: 0.000267 seconds.
  path: Assets/Models/Raw Conveyors/scanner-high.fbx
  artifactKey: Guid(db2232da3d05b984c83744134e470ecf) Importer(815301076,1909f56bfc062723c751e8b465ee728b)
Start importing Assets/Models/Raw Conveyors/scanner-high.fbx using Guid(db2232da3d05b984c83744134e470ecf) Importer(815301076,1909f56bfc062723c751e8b465ee728b)  -> (artifact id: '2c21c86036182ee75e8382097256a9b5') in 0.022132 seconds
Number of updated asset objects reloaded before import = 0
Number of asset objects unloaded after import = 8
========================================================================
Received Import Request.
  Time since last request: 0.000463 seconds.
  path: Assets/Models/Raw Conveyors/structure-yellow-tall.fbx
  artifactKey: Guid(1f8bbd5005023c54ba5df466b19cb459) Importer(815301076,1909f56bfc062723c751e8b465ee728b)
Start importing Assets/Models/Raw Conveyors/structure-yellow-tall.fbx using Guid(1f8bbd5005023c54ba5df466b19cb459) Importer(815301076,1909f56bfc062723c751e8b465ee728b)  -> (artifact id: '688f3ec7e8b60b27fbc7ab7dc2da22d8') in 0.018952 seconds
Number of updated asset objects reloaded before import = 0
Number of asset objects unloaded after import = 8
========================================================================
Received Import Request.
  Time since last request: 0.000253 seconds.
  path: Assets/Models/Raw Conveyors/structure-corner-inner.fbx
  artifactKey: Guid(e5ac95aca86086240a5a85ea959f3b7a) Importer(815301076,1909f56bfc062723c751e8b465ee728b)
Start importing Assets/Models/Raw Conveyors/structure-corner-inner.fbx using Guid(e5ac95aca86086240a5a85ea959f3b7a) Importer(815301076,1909f56bfc062723c751e8b465ee728b)  -> (artifact id: '6267248f8635476e99b8d7d1fd1cd9d3') in 0.018573 seconds
Number of updated asset objects reloaded before import = 0
Number of asset objects unloaded after import = 8
========================================================================
Received Import Request.
  Time since last request: 0.000365 seconds.
  path: Assets/Models/Raw Conveyors/scanner-low.fbx
  artifactKey: Guid(7052a27babae84b4eb7fea6639391d7b) Importer(815301076,1909f56bfc062723c751e8b465ee728b)
Start importing Assets/Models/Raw Conveyors/scanner-low.fbx using Guid(7052a27babae84b4eb7fea6639391d7b) Importer(815301076,1909f56bfc062723c751e8b465ee728b)  -> (artifact id: '90818ebf7fb0e0c72f5956ed68c8ba23') in 0.020204 seconds
Number of updated asset objects reloaded before import = 0
Number of asset objects unloaded after import = 8
========================================================================
Received Import Request.
  Time since last request: 0.000334 seconds.
  path: Assets/Models/Raw Conveyors/structure-high.fbx
  artifactKey: Guid(b49943c194dac8542bbb2eace6b4ceb3) Importer(815301076,1909f56bfc062723c751e8b465ee728b)
Start importing Assets/Models/Raw Conveyors/structure-high.fbx using Guid(b49943c194dac8542bbb2eace6b4ceb3) Importer(815301076,1909f56bfc062723c751e8b465ee728b)  -> (artifact id: '32179e6adc70276249377f65d418c6bf') in 0.021083 seconds
Number of updated asset objects reloaded before import = 0
Number of asset objects unloaded after import = 8
========================================================================
Received Import Request.
  Time since last request: 0.000214 seconds.
  path: Assets/Models/Raw Conveyors/structure-yellow-short.fbx
  artifactKey: Guid(10ca7234a772e754fbbe6a6537ef4b7b) Importer(815301076,1909f56bfc062723c751e8b465ee728b)
Start importing Assets/Models/Raw Conveyors/structure-yellow-short.fbx using Guid(10ca7234a772e754fbbe6a6537ef4b7b) Importer(815301076,1909f56bfc062723c751e8b465ee728b)  -> (artifact id: '87130358e6c2c8b36a52861256084f84') in 0.020121 seconds
Number of updated asset objects reloaded before import = 0
Number of asset objects unloaded after import = 8
Editor requested this worker to shutdown with reason: Scaling down because of idle timeout
TcpMessagingSession - receive error: operation aborted. errorcode: 995, details: The I/O operation has been aborted because of either a thread exit or an application request.
AssetImportWorker is now disconnected from the server
Process exiting
Exiting without the bug reporter. Application will terminate with return code 0