Using pre-set license
Built from '2022.3/staging' branch; Version is '2022.3.13f1 (5f90a5ebde0f) revision 6262949'; Using compiler version '192829333'; Build Type 'Release'
OS: 'Windows 11  (10.0.22621) 64bit Core' Language: 'en' Physical Memory: 15603 MB
BatchMode: 1, IsHumanControllingUs: 0, StartBugReporterOnCrash: 0, Is64bit: 1, IsPro: 1

COMMAND LINE ARGUMENTS:
C:\Program Files\Unity\Hub\Editor\2022.3.13f1\Editor\Unity.exe
-adb2
-batchMode
-noUpm
-name
AssetImportWorker2
-projectPath
C:/Users/mikey/Downloads/Unity Projects/Processing-Haven/Processing Haven
-logFile
Logs/AssetImportWorker2.log
-srvPort
53127
Successfully changed project path to: C:/Users/mikey/Downloads/Unity Projects/Processing-Haven/Processing Haven
C:/Users/mikey/Downloads/Unity Projects/Processing-Haven/Processing Haven
[UnityMemory] Configuration Parameters - Can be set up in boot.config
    "memorysetup-bucket-allocator-granularity=16"
    "memorysetup-bucket-allocator-bucket-count=8"
    "memorysetup-bucket-allocator-block-size=33554432"
    "memorysetup-bucket-allocator-block-count=8"
    "memorysetup-main-allocator-block-size=16777216"
    "memorysetup-thread-allocator-block-size=16777216"
    "memorysetup-gfx-main-allocator-block-size=16777216"
    "memorysetup-gfx-thread-allocator-block-size=16777216"
    "memorysetup-cache-allocator-block-size=4194304"
    "memorysetup-typetree-allocator-block-size=2097152"
    "memorysetup-profiler-bucket-allocator-granularity=16"
    "memorysetup-profiler-bucket-allocator-bucket-count=8"
    "memorysetup-profiler-bucket-allocator-block-size=33554432"
    "memorysetup-profiler-bucket-allocator-block-count=8"
    "memorysetup-profiler-allocator-block-size=16777216"
    "memorysetup-profiler-editor-allocator-block-size=1048576"
    "memorysetup-temp-allocator-size-main=16777216"
    "memorysetup-job-temp-allocator-block-size=2097152"
    "memorysetup-job-temp-allocator-block-size-background=1048576"
    "memorysetup-job-temp-allocator-reduction-small-platforms=262144"
    "memorysetup-allocator-temp-initial-block-size-main=262144"
    "memorysetup-allocator-temp-initial-block-size-worker=262144"
    "memorysetup-temp-allocator-size-background-worker=32768"
    "memorysetup-temp-allocator-size-job-worker=262144"
    "memorysetup-temp-allocator-size-preload-manager=33554432"
    "memorysetup-temp-allocator-size-nav-mesh-worker=65536"
    "memorysetup-temp-allocator-size-audio-worker=65536"
    "memorysetup-temp-allocator-size-cloud-worker=32768"
    "memorysetup-temp-allocator-size-gi-baking-worker=262144"
    "memorysetup-temp-allocator-size-gfx=262144"
Player connection [7732] Host "[IP] 192.168.1.51 [Port] 0 [Flags] 2 [Guid] 921219581 [EditorId] 921219581 [Version] 1048832 [Id] WindowsEditor(7,MykullsLaptop) [Debug] 1 [PackageName] WindowsEditor [ProjectName] Editor" joined multi-casting on [225.0.0.222:54997]...

Player connection [7732] Host "[IP] 192.168.1.51 [Port] 0 [Flags] 2 [Guid] 921219581 [EditorId] 921219581 [Version] 1048832 [Id] WindowsEditor(7,MykullsLaptop) [Debug] 1 [PackageName] WindowsEditor [ProjectName] Editor" joined alternative multi-casting on [225.0.0.222:34997]...

[Physics::Module] Initialized MultithreadedJobDispatcher with 15 workers.
Refreshing native plugins compatible for Editor in 13.21 ms, found 3 plugins.
Preloading 0 native plugins for Editor in 0.00 ms.
Initialize engine version: 2022.3.13f1 (5f90a5ebde0f)
[Subsystems] Discovering subsystems at path C:/Program Files/Unity/Hub/Editor/2022.3.13f1/Editor/Data/Resources/UnitySubsystems
[Subsystems] Discovering subsystems at path C:/Users/mikey/Downloads/Unity Projects/Processing-Haven/Processing Haven/Assets
GfxDevice: creating device client; threaded=0; jobified=0
Direct3D:
    Version:  Direct3D 11.0 [level 11.1]
    Renderer: NVIDIA GeForce RTX 3050 Ti Laptop GPU (ID=0x25e0)
    Vendor:   NVIDIA
    VRAM:     3976 MB
    Driver:   31.0.15.3742
Initialize mono
Mono path[0] = 'C:/Program Files/Unity/Hub/Editor/2022.3.13f1/Editor/Data/Managed'
Mono path[1] = 'C:/Program Files/Unity/Hub/Editor/2022.3.13f1/Editor/Data/MonoBleedingEdge/lib/mono/unityjit-win32'
Mono config path = 'C:/Program Files/Unity/Hub/Editor/2022.3.13f1/Editor/Data/MonoBleedingEdge/etc'
Using monoOptions --debugger-agent=transport=dt_socket,embedding=1,server=y,suspend=n,address=127.0.0.1:56172
Begin MonoManager ReloadAssembly
Registering precompiled unity dll's ...
Register platform support module: C:/Program Files/Unity/Hub/Editor/2022.3.13f1/Editor/Data/PlaybackEngines/AndroidPlayer/UnityEditor.Android.Extensions.dll
Register platform support module: C:/Program Files/Unity/Hub/Editor/2022.3.13f1/Editor/Data/PlaybackEngines/iOSSupport/UnityEditor.iOS.Extensions.dll
Register platform support module: C:/Program Files/Unity/Hub/Editor/2022.3.13f1/Editor/Data/PlaybackEngines/WindowsStandaloneSupport/UnityEditor.WindowsStandalone.Extensions.dll
Register platform support module: C:/Program Files/Unity/Hub/Editor/2022.3.13f1/Editor/Data/PlaybackEngines/MetroSupport/UnityEditor.UWP.Extensions.dll
Registered in 0.015797 seconds.
- Loaded All Assemblies, in  0.651 seconds
Native extension for UWP target not found
Native extension for WindowsStandalone target not found
[usbmuxd] Start listen thread
[usbmuxd] Listen thread started
[usbmuxd] Send listen message
Native extension for iOS target not found
Native extension for Android target not found
Android Extension - Scanning For ADB Devices 647 ms
Mono: successfully reloaded assembly
- Finished resetting the current domain, in  1.202 seconds
Domain Reload Profiling: 1851ms
	BeginReloadAssembly (199ms)
		ExecutionOrderSort (0ms)
		DisableScriptedObjects (0ms)
		BackupInstance (0ms)
		ReleaseScriptingObjects (0ms)
		CreateAndSetChildDomain (1ms)
	RebuildCommonClasses (61ms)
	RebuildNativeTypeToScriptingClass (10ms)
	initialDomainReloadingComplete (91ms)
	LoadAllAssembliesAndSetupDomain (288ms)
		LoadAssemblies (199ms)
		RebuildTransferFunctionScriptingTraits (0ms)
		AnalyzeDomain (282ms)
			TypeCache.Refresh (280ms)
				TypeCache.ScanAssembly (260ms)
			ScanForSourceGeneratedMonoScriptInfo (1ms)
			ResolveRequiredComponents (1ms)
	FinalizeReload (1203ms)
		ReleaseScriptCaches (0ms)
		RebuildScriptCaches (0ms)
		SetupLoadedEditorAssemblies (1116ms)
			LogAssemblyErrors (0ms)
			InitializePlatformSupportModulesInManaged (859ms)
			SetLoadedEditorAssemblies (9ms)
			RefreshPlugins (0ms)
			BeforeProcessingInitializeOnLoad (4ms)
			ProcessInitializeOnLoadAttributes (163ms)
			ProcessInitializeOnLoadMethodAttributes (81ms)
			AfterProcessingInitializeOnLoad (0ms)
			EditorAssembliesLoaded (0ms)
		ExecutionOrderSort2 (0ms)
		AwakeInstancesAfterBackupRestoration (0ms)
========================================================================
Worker process is ready to serve import requests
Begin MonoManager ReloadAssembly
- Loaded All Assemblies, in  0.954 seconds
Refreshing native plugins compatible for Editor in 5.64 ms, found 3 plugins.
Native extension for UWP target not found
Native extension for WindowsStandalone target not found
Native extension for iOS target not found
Native extension for Android target not found
System.Exception: Error! Visual Scripting: couldn't find visual scripting package
  at Unity.VisualScripting.PackageVersionUtility.get_version () [0x00043] in .\Library\PackageCache\com.unity.visualscripting@1.9.1\Editor\VisualScripting.Core\Utilities\PackageVersionUtility.cs:31 
  at Unity.VisualScripting.BoltCoreManifest.get_version () [0x00000] in .\Library\PackageCache\com.unity.visualscripting@1.9.1\Editor\VisualScripting.Core\Plugin\BoltCoreManifest.cs:11 
  at Unity.VisualScripting.PluginManifest.get_currentVersion () [0x00000] in .\Library\PackageCache\com.unity.visualscripting@1.9.1\Editor\VisualScripting.Core\Plugins\PluginManifest.cs:33 
  at Unity.VisualScripting.PluginManifest.get_versionMismatch () [0x00000] in .\Library\PackageCache\com.unity.visualscripting@1.9.1\Editor\VisualScripting.Core\Plugins\PluginManifest.cs:48 
  at Unity.VisualScripting.PluginContainer.Initialize () [0x00525] in .\Library\PackageCache\com.unity.visualscripting@1.9.1\Editor\VisualScripting.Core\Plugins\PluginContainer.cs:208 
  at Unity.VisualScripting.PluginContainer.InitializeOnLoad () [0x00009] in .\Library\PackageCache\com.unity.visualscripting@1.9.1\Editor\VisualScripting.Core\Plugins\PluginContainer.cs:32 
  at Unity.VisualScripting.VSUsageUtility.DoInitializeOnLoadCalls () [0x00034] in .\Library\PackageCache\com.unity.visualscripting@1.9.1\Editor\VisualScripting.Core\Utilities\VSUsageUtility.cs:76 
  at Unity.VisualScripting.VSUsageUtility.set_isVisualScriptingUsed (System.Boolean value) [0x0002c] in .\Library\PackageCache\com.unity.visualscripting@1.9.1\Editor\VisualScripting.Core\Utilities\VSUsageUtility.cs:114 
  at Unity.VisualScripting.VSUsageUtility.CheckAndSetIsVisualScriptingUsed () [0x00032] in .\Library\PackageCache\com.unity.visualscripting@1.9.1\Editor\VisualScripting.Core\Utilities\VSUsageUtility.cs:48 
  at Unity.VisualScripting.VSUsageUtility..cctor () [0x00000] in .\Library\PackageCache\com.unity.visualscripting@1.9.1\Editor\VisualScripting.Core\Utilities\VSUsageUtility.cs:22 
UnityEngine.StackTraceUtility:ExtractStackTrace ()
UnityEngine.DebugLogHandler:LogFormat (UnityEngine.LogType,UnityEngine.Object,string,object[])
UnityEngine.Logger:Log (UnityEngine.LogType,object)
UnityEngine.Debug:LogError (object)
UnityEditor.EditorAssemblies:ProcessInitializeOnLoadAttributes (System.Type[])

Package Manager log level set to [2]
[Package Manager] Server::EnsureServerProcessIsRunning -- launch failed, reason: Unity was launched with the -noUpm command-line argument
[Package Manager] UpmClient::Send -- Unable to send message (not connected to UPM process).
[Package Manager] Cannot connect to Unity Package Manager local server
Mono: successfully reloaded assembly
- Finished resetting the current domain, in  1.343 seconds
Domain Reload Profiling: 2293ms
	BeginReloadAssembly (221ms)
		ExecutionOrderSort (0ms)
		DisableScriptedObjects (7ms)
		BackupInstance (0ms)
		ReleaseScriptingObjects (0ms)
		CreateAndSetChildDomain (37ms)
	RebuildCommonClasses (48ms)
	RebuildNativeTypeToScriptingClass (14ms)
	initialDomainReloadingComplete (60ms)
	LoadAllAssembliesAndSetupDomain (606ms)
		LoadAssemblies (442ms)
		RebuildTransferFunctionScriptingTraits (0ms)
		AnalyzeDomain (292ms)
			TypeCache.Refresh (269ms)
				TypeCache.ScanAssembly (245ms)
			ScanForSourceGeneratedMonoScriptInfo (16ms)
			ResolveRequiredComponents (5ms)
	FinalizeReload (1344ms)
		ReleaseScriptCaches (0ms)
		RebuildScriptCaches (0ms)
		SetupLoadedEditorAssemblies (1122ms)
			LogAssemblyErrors (0ms)
			InitializePlatformSupportModulesInManaged (49ms)
			SetLoadedEditorAssemblies (10ms)
			RefreshPlugins (0ms)
			BeforeProcessingInitializeOnLoad (90ms)
			ProcessInitializeOnLoadAttributes (937ms)
			ProcessInitializeOnLoadMethodAttributes (27ms)
			AfterProcessingInitializeOnLoad (9ms)
			EditorAssembliesLoaded (0ms)
		ExecutionOrderSort2 (0ms)
		AwakeInstancesAfterBackupRestoration (9ms)
Launched and connected shader compiler UnityShaderCompiler.exe after 0.13 seconds
Refreshing native plugins compatible for Editor in 7.94 ms, found 3 plugins.
Preloading 0 native plugins for Editor in 0.00 ms.
Unloading 3086 Unused Serialized files (Serialized files now loaded: 0)
Unloading 32 unused Assets / (56.7 KB). Loaded Objects now: 3551.
Memory consumption went from 127.8 MB to 127.7 MB.
Total: 23.469400 ms (FindLiveObjects: 0.645400 ms CreateObjectMapping: 0.455400 ms MarkObjects: 22.064300 ms  DeleteObjects: 0.300100 ms)

AssetImportParameters requested are different than current active one (requested -> active):
  custom:container-demuxer-ogg: 62fdf1f143b41e24485cea50d1cbac27 -> 
  custom:video-codec-MediaFoundation-h265: 746d11721c4dcdbdad8f713fa42b33f4 -> 
  custom:video-decoder-ogg-theora: a1e56fd34408186e4bbccfd4996cb3dc -> 
  custom:framework-win-MediaFoundation: 216162199b28c13a410421893ffa2e32 -> 
  custom:CustomObjectIndexerAttribute: 756ad292c208cfabdd7b50bc23989ffe -> 
  custom:container-demuxer-webm: 4f35f7cbe854078d1ac9338744f61a02 -> 
  custom:container-muxer-webm: aa71ff27fc2769a1b78a27578f13a17b -> 
  custom:video-decoder-webm-vp8: 9c59270c3fd7afecdb556c50c9e8de78 -> 
  custom:SearchIndexIgnoredProperties: e643bd26f0fe6173181afceb89e7c659 -> 
  custom:AudioImporter_EditorPlatform: d09bf68614088b80899f8185d706f6e7 -> 
  custom:video-encoder-webm-vp8: eb34c28f22e8b96e1ab97ce403110664 -> 
  custom:audio-decoder-ogg-vorbis: bf7c407c2cedff20999df2af8eb42d56 -> 
  custom:audio-encoder-webm-vorbis: bf7c407c2cedff20999df2af8eb42d56 -> 
========================================================================
Received Import Request.
  Time since last request: 1117306.134849 seconds.
  path: Assets/Models/Conveyors/door-wide-open.fbx
  artifactKey: Guid(48439250d9901514fb30d7b08292f7a5) Importer(815301076,1909f56bfc062723c751e8b465ee728b)
Start importing Assets/Models/Conveyors/door-wide-open.fbx using Guid(48439250d9901514fb30d7b08292f7a5) Importer(815301076,1909f56bfc062723c751e8b465ee728b)  -> (artifact id: '9d75de10c1d105170e90e1b33b6b4a22') in 0.179514 seconds
Number of updated asset objects reloaded before import = 0
Number of asset objects unloaded after import = 8
========================================================================
Received Import Request.
  Time since last request: 0.000033 seconds.
  path: Assets/Models/Conveyors/arrow.fbx
  artifactKey: Guid(7e4dc4d3f033eba48bceca81f5f20195) Importer(815301076,1909f56bfc062723c751e8b465ee728b)
Start importing Assets/Models/Conveyors/arrow.fbx using Guid(7e4dc4d3f033eba48bceca81f5f20195) Importer(815301076,1909f56bfc062723c751e8b465ee728b)  -> (artifact id: '140fb5d099fb8f8f04d6994ae1dbe734') in 0.033748 seconds
Number of updated asset objects reloaded before import = 0
Number of asset objects unloaded after import = 8
========================================================================
Received Import Request.
  Time since last request: 0.000470 seconds.
  path: Assets/Models/Conveyors/box-large.fbx
  artifactKey: Guid(20d1b215282fe5242a96943cd4d17490) Importer(815301076,1909f56bfc062723c751e8b465ee728b)
Start importing Assets/Models/Conveyors/box-large.fbx using Guid(20d1b215282fe5242a96943cd4d17490) Importer(815301076,1909f56bfc062723c751e8b465ee728b)  -> (artifact id: 'ffb652c45988954edc8b83f360ec8548') in 0.027692 seconds
Number of updated asset objects reloaded before import = 0
Number of asset objects unloaded after import = 8
========================================================================
Received Import Request.
  Time since last request: 0.000289 seconds.
  path: Assets/Models/Conveyors/arrow-basic.fbx
  artifactKey: Guid(af82bfc288286f142bd1b8c010f67c8d) Importer(815301076,1909f56bfc062723c751e8b465ee728b)
Start importing Assets/Models/Conveyors/arrow-basic.fbx using Guid(af82bfc288286f142bd1b8c010f67c8d) Importer(815301076,1909f56bfc062723c751e8b465ee728b)  -> (artifact id: 'a6ea18d1abbcbd9725e4c5a5eb9b4a56') in 0.024593 seconds
Number of updated asset objects reloaded before import = 0
Number of asset objects unloaded after import = 8
========================================================================
Received Import Request.
  Time since last request: 0.000235 seconds.
  path: Assets/Models/Conveyors/cover-stripe.fbx
  artifactKey: Guid(b628c5cc930d8b74a8c87da5cddf79a3) Importer(815301076,1909f56bfc062723c751e8b465ee728b)
Start importing Assets/Models/Conveyors/cover-stripe.fbx using Guid(b628c5cc930d8b74a8c87da5cddf79a3) Importer(815301076,1909f56bfc062723c751e8b465ee728b)  -> (artifact id: 'ce57af8de5cb740d26467591892b5242') in 0.025486 seconds
Number of updated asset objects reloaded before import = 0
Number of asset objects unloaded after import = 8
========================================================================
Received Import Request.
  Time since last request: 0.000525 seconds.
  path: Assets/Models/Conveyors/conveyor-sides.fbx
  artifactKey: Guid(6261f7daabdcd1742a0ce0e0dba759e1) Importer(815301076,1909f56bfc062723c751e8b465ee728b)
Start importing Assets/Models/Conveyors/conveyor-sides.fbx using Guid(6261f7daabdcd1742a0ce0e0dba759e1) Importer(815301076,1909f56bfc062723c751e8b465ee728b)  -> (artifact id: 'fb6b119fe6e1ef64203ef57dcd814369') in 0.050163 seconds
Number of updated asset objects reloaded before import = 0
Number of asset objects unloaded after import = 15
========================================================================
Received Import Request.
  Time since last request: 0.000273 seconds.
  path: Assets/Models/Conveyors/cover-stripe-bar.fbx
  artifactKey: Guid(86b420fdc8f399d4299e1a14b554a735) Importer(815301076,1909f56bfc062723c751e8b465ee728b)
Start importing Assets/Models/Conveyors/cover-stripe-bar.fbx using Guid(86b420fdc8f399d4299e1a14b554a735) Importer(815301076,1909f56bfc062723c751e8b465ee728b)  -> (artifact id: '90161a38e1cf2a314c2acea82b536aaf') in 0.025926 seconds
Number of updated asset objects reloaded before import = 0
Number of asset objects unloaded after import = 8
========================================================================
Received Import Request.
  Time since last request: 0.000376 seconds.
  path: Assets/Models/Conveyors/conveyor-stripe.fbx
  artifactKey: Guid(7870f8cdf2d05ae4eaa12c4b648ce611) Importer(815301076,1909f56bfc062723c751e8b465ee728b)
Start importing Assets/Models/Conveyors/conveyor-stripe.fbx using Guid(7870f8cdf2d05ae4eaa12c4b648ce611) Importer(815301076,1909f56bfc062723c751e8b465ee728b)  -> (artifact id: 'fffee2bf32b042bb780b6df23d96fb2e') in 0.024303 seconds
Number of updated asset objects reloaded before import = 0
Number of asset objects unloaded after import = 8
========================================================================
Received Import Request.
  Time since last request: 0.000028 seconds.
  path: Assets/Models/Conveyors/box-long.fbx
  artifactKey: Guid(d79aea2b3a50a2f49b7c9c7587b3d35e) Importer(815301076,1909f56bfc062723c751e8b465ee728b)
Start importing Assets/Models/Conveyors/box-long.fbx using Guid(d79aea2b3a50a2f49b7c9c7587b3d35e) Importer(815301076,1909f56bfc062723c751e8b465ee728b)  -> (artifact id: 'fb1ff04285bb50f53b24ebda224c83df') in 0.021416 seconds
Number of updated asset objects reloaded before import = 0
Number of asset objects unloaded after import = 8
========================================================================
Received Import Request.
  Time since last request: 0.000361 seconds.
  path: Assets/Models/Conveyors/conveyor-bars-stripe-side.fbx
  artifactKey: Guid(759efb33a73c4864ba0ea5be29aa9b26) Importer(815301076,1909f56bfc062723c751e8b465ee728b)
Start importing Assets/Models/Conveyors/conveyor-bars-stripe-side.fbx using Guid(759efb33a73c4864ba0ea5be29aa9b26) Importer(815301076,1909f56bfc062723c751e8b465ee728b)  -> (artifact id: '360e6ce4c52af2136532dd79636c3d0e') in 0.042311 seconds
Number of updated asset objects reloaded before import = 0
Number of asset objects unloaded after import = 15
========================================================================
Received Import Request.
  Time since last request: 0.000234 seconds.
  path: Assets/Models/Conveyors/door-wide-closed.fbx
  artifactKey: Guid(8a27aa40925b4b845bf4d702d0b6fe61) Importer(815301076,1909f56bfc062723c751e8b465ee728b)
Start importing Assets/Models/Conveyors/door-wide-closed.fbx using Guid(8a27aa40925b4b845bf4d702d0b6fe61) Importer(815301076,1909f56bfc062723c751e8b465ee728b)  -> (artifact id: 'e39a4f6a0eaa6e81d383ef07e20f6641') in 0.030560 seconds
Number of updated asset objects reloaded before import = 0
Number of asset objects unloaded after import = 8
========================================================================
Received Import Request.
  Time since last request: 0.000264 seconds.
  path: Assets/Models/Conveyors/cover-stripe-corner.fbx
  artifactKey: Guid(3e2a0886d2e32ff4c95c118598d10386) Importer(815301076,1909f56bfc062723c751e8b465ee728b)
Start importing Assets/Models/Conveyors/cover-stripe-corner.fbx using Guid(3e2a0886d2e32ff4c95c118598d10386) Importer(815301076,1909f56bfc062723c751e8b465ee728b)  -> (artifact id: '462214851f9f5f19630566d121126b10') in 0.028665 seconds
Number of updated asset objects reloaded before import = 0
Number of asset objects unloaded after import = 8
========================================================================
Received Import Request.
  Time since last request: 17.656508 seconds.
  path: Assets/Models/Conveyors/robot-arm-a.fbx
  artifactKey: Guid(2f8276e4a961db24ab711aefa46fa6bb) Importer(815301076,1909f56bfc062723c751e8b465ee728b)
Start importing Assets/Models/Conveyors/robot-arm-a.fbx using Guid(2f8276e4a961db24ab711aefa46fa6bb) Importer(815301076,1909f56bfc062723c751e8b465ee728b)  -> (artifact id: '933c34807b65e8efc86eb4869be35ac9') in 0.250041 seconds
Number of updated asset objects reloaded before import = 0
Number of asset objects unloaded after import = 48
========================================================================
Received Import Request.
  Time since last request: 0.000321 seconds.
  path: Assets/Models/Conveyors/structure-doorway.fbx
  artifactKey: Guid(2c98c21e9123fdc46ae6348b8107d1f5) Importer(815301076,1909f56bfc062723c751e8b465ee728b)
Start importing Assets/Models/Conveyors/structure-doorway.fbx using Guid(2c98c21e9123fdc46ae6348b8107d1f5) Importer(815301076,1909f56bfc062723c751e8b465ee728b)  -> (artifact id: 'b1aacf7386f430048dd9f973793f452e') in 0.017075 seconds
Number of updated asset objects reloaded before import = 0
Number of asset objects unloaded after import = 8
========================================================================
Received Import Request.
  Time since last request: 0.054848 seconds.
  path: Assets/Models/Conveyors/structure-window.fbx
  artifactKey: Guid(0703300453ee54d4c8c668fc3b8b7b1e) Importer(815301076,1909f56bfc062723c751e8b465ee728b)
Start importing Assets/Models/Conveyors/structure-window.fbx using Guid(0703300453ee54d4c8c668fc3b8b7b1e) Importer(815301076,1909f56bfc062723c751e8b465ee728b)  -> (artifact id: 'b097a08fb043564f82b6e82e3cdceecc') in 0.018175 seconds
Number of updated asset objects reloaded before import = 0
Number of asset objects unloaded after import = 8
========================================================================
Received Import Request.
  Time since last request: 0.000279 seconds.
  path: Assets/Models/Conveyors/structure-yellow-tall.fbx
  artifactKey: Guid(1f8bbd5005023c54ba5df466b19cb459) Importer(815301076,1909f56bfc062723c751e8b465ee728b)
Start importing Assets/Models/Conveyors/structure-yellow-tall.fbx using Guid(1f8bbd5005023c54ba5df466b19cb459) Importer(815301076,1909f56bfc062723c751e8b465ee728b)  -> (artifact id: '6b9f0887b9ae259605a4a9509fc51f78') in 0.019715 seconds
Number of updated asset objects reloaded before import = 0
Number of asset objects unloaded after import = 8
========================================================================
Received Import Request.
  Time since last request: 57.018158 seconds.
  path: Assets/Models/Conveyors/conveyor-bars-stripe-fence.obj
  artifactKey: Guid(3266f7737211190478a4afa77c63c06f) Importer(815301076,1909f56bfc062723c751e8b465ee728b)
Start importing Assets/Models/Conveyors/conveyor-bars-stripe-fence.obj using Guid(3266f7737211190478a4afa77c63c06f) Importer(815301076,1909f56bfc062723c751e8b465ee728b)  -> (artifact id: '6a1e165bb7cba93280e94d23e79350e9') in 0.045591 seconds
Number of updated asset objects reloaded before import = 0
Number of asset objects unloaded after import = 10
========================================================================
Received Import Request.
  Time since last request: 0.000358 seconds.
  path: Assets/Models/Conveyors/box-long.obj
  artifactKey: Guid(9a4b3c13bee2fe8408dda8762a16fc1a) Importer(815301076,1909f56bfc062723c751e8b465ee728b)
Start importing Assets/Models/Conveyors/box-long.obj using Guid(9a4b3c13bee2fe8408dda8762a16fc1a) Importer(815301076,1909f56bfc062723c751e8b465ee728b)  -> (artifact id: '693b8dbf934ddafe4198ab4197a22e08') in 0.139521 seconds
Number of updated asset objects reloaded before import = 0
Number of asset objects unloaded after import = 10
========================================================================
Received Import Request.
  Time since last request: 0.000246 seconds.
  path: Assets/Models/Conveyors/conveyor-bars-fence.obj
  artifactKey: Guid(453a397b7c243c14798aa0320ded5519) Importer(815301076,1909f56bfc062723c751e8b465ee728b)
Start importing Assets/Models/Conveyors/conveyor-bars-fence.obj using Guid(453a397b7c243c14798aa0320ded5519) Importer(815301076,1909f56bfc062723c751e8b465ee728b)  -> (artifact id: 'a0db71fd8ee846b6e38e42a70942c86f') in 0.044138 seconds
Number of updated asset objects reloaded before import = 0
Number of asset objects unloaded after import = 10
========================================================================
Received Import Request.
  Time since last request: 0.000302 seconds.
  path: Assets/Models/Conveyors/conveyor-long.obj
  artifactKey: Guid(b699c48ec00935f4b9cd370335912cb9) Importer(815301076,1909f56bfc062723c751e8b465ee728b)
Start importing Assets/Models/Conveyors/conveyor-long.obj using Guid(b699c48ec00935f4b9cd370335912cb9) Importer(815301076,1909f56bfc062723c751e8b465ee728b)  -> (artifact id: '513f4db9282c9b149ef64c5880d4249e') in 0.032428 seconds
Number of updated asset objects reloaded before import = 0
Number of asset objects unloaded after import = 10
========================================================================
Received Import Request.
  Time since last request: 0.000216 seconds.
  path: Assets/Models/Conveyors/cover-stripe-bar.obj
  artifactKey: Guid(9e94ecbeeb78c074a918ca428d313538) Importer(815301076,1909f56bfc062723c751e8b465ee728b)
Start importing Assets/Models/Conveyors/cover-stripe-bar.obj using Guid(9e94ecbeeb78c074a918ca428d313538) Importer(815301076,1909f56bfc062723c751e8b465ee728b)  -> (artifact id: '5196921146998220f21e7400fa3681d8') in 0.027980 seconds
Number of updated asset objects reloaded before import = 0
Number of asset objects unloaded after import = 10
========================================================================
Received Import Request.
  Time since last request: 0.000268 seconds.
  path: Assets/Models/Conveyors/conveyor-long-sides.obj
  artifactKey: Guid(5cd40f3ac8843fd40b1f4c82a526ad6d) Importer(815301076,1909f56bfc062723c751e8b465ee728b)
Start importing Assets/Models/Conveyors/conveyor-long-sides.obj using Guid(5cd40f3ac8843fd40b1f4c82a526ad6d) Importer(815301076,1909f56bfc062723c751e8b465ee728b)  -> (artifact id: '31128c187c496f9d22d5d7f593ff6ffb') in 0.022505 seconds
Number of updated asset objects reloaded before import = 0
Number of asset objects unloaded after import = 10
========================================================================
Received Import Request.
  Time since last request: 0.000500 seconds.
  path: Assets/Models/Conveyors/cover-stripe.obj
  artifactKey: Guid(34b776f29627ad84882993f04269d0ae) Importer(815301076,1909f56bfc062723c751e8b465ee728b)
Start importing Assets/Models/Conveyors/cover-stripe.obj using Guid(34b776f29627ad84882993f04269d0ae) Importer(815301076,1909f56bfc062723c751e8b465ee728b)  -> (artifact id: '3b98e5a974ccb40bc3094599f4e4c353') in 0.024200 seconds
Number of updated asset objects reloaded before import = 0
Number of asset objects unloaded after import = 10
========================================================================
Received Import Request.
  Time since last request: 0.000268 seconds.
  path: Assets/Models/Conveyors/conveyor-bars-high.obj
  artifactKey: Guid(118d88b7a3e550c4e8e1473c3a7cea0f) Importer(815301076,1909f56bfc062723c751e8b465ee728b)
Start importing Assets/Models/Conveyors/conveyor-bars-high.obj using Guid(118d88b7a3e550c4e8e1473c3a7cea0f) Importer(815301076,1909f56bfc062723c751e8b465ee728b)  -> (artifact id: '943eef925ca2fba9ea34fc68e771008e') in 0.025140 seconds
Number of updated asset objects reloaded before import = 0
Number of asset objects unloaded after import = 10
========================================================================
Received Import Request.
  Time since last request: 0.000372 seconds.
  path: Assets/Models/Conveyors/door-wide-half.obj
  artifactKey: Guid(8964c035107efce409eab07a83c5d1bd) Importer(815301076,1909f56bfc062723c751e8b465ee728b)
Start importing Assets/Models/Conveyors/door-wide-half.obj using Guid(8964c035107efce409eab07a83c5d1bd) Importer(815301076,1909f56bfc062723c751e8b465ee728b)  -> (artifact id: 'd3878149b6a86f69e848949a62b428f3') in 0.025363 seconds
Number of updated asset objects reloaded before import = 0
Number of asset objects unloaded after import = 10
========================================================================
Received Import Request.
  Time since last request: 0.000027 seconds.
  path: Assets/Models/Conveyors/door-wide-open.obj
  artifactKey: Guid(717564d5e5812a147bcde9e45de512d3) Importer(815301076,1909f56bfc062723c751e8b465ee728b)
Start importing Assets/Models/Conveyors/door-wide-open.obj using Guid(717564d5e5812a147bcde9e45de512d3) Importer(815301076,1909f56bfc062723c751e8b465ee728b)  -> (artifact id: 'af11f31d7a3fa6c7ded798e39439d492') in 0.021437 seconds
Number of updated asset objects reloaded before import = 0
Number of asset objects unloaded after import = 10
========================================================================
Received Import Request.
  Time since last request: 4.013465 seconds.
  path: Assets/Models/Conveyors/robot-arm-a.obj
  artifactKey: Guid(ce432c19dfa748646a25eb13e187cc90) Importer(815301076,1909f56bfc062723c751e8b465ee728b)
Start importing Assets/Models/Conveyors/robot-arm-a.obj using Guid(ce432c19dfa748646a25eb13e187cc90) Importer(815301076,1909f56bfc062723c751e8b465ee728b)  -> (artifact id: '768b30fb8a68fa2d1bb162908450c447') in 0.315188 seconds
Number of updated asset objects reloaded before import = 0
Number of asset objects unloaded after import = 58
========================================================================
Received Import Request.
  Time since last request: 0.000376 seconds.
  path: Assets/Models/Conveyors/top-large.obj
  artifactKey: Guid(b6b2c7299c549ee4ba912f70c013c1fa) Importer(815301076,1909f56bfc062723c751e8b465ee728b)
Start importing Assets/Models/Conveyors/top-large.obj using Guid(b6b2c7299c549ee4ba912f70c013c1fa) Importer(815301076,1909f56bfc062723c751e8b465ee728b)  -> (artifact id: '9b378a9750d7669e2aeb2758e7c7ae3c') in 0.024891 seconds
Number of updated asset objects reloaded before import = 0
Number of asset objects unloaded after import = 10
Editor requested this worker to shutdown with reason: Scaling down because of idle timeout
TcpMessagingSession - receive error: operation aborted. errorcode: 995, details: The I/O operation has been aborted because of either a thread exit or an application request.
AssetImportWorker is now disconnected from the server
Process exiting
Exiting without the bug reporter. Application will terminate with return code 0